<?xml version="1.0" encoding="UTF-8" ?>
<testsuite tests="1" failures="0" name="pruebas" time="3.038" errors="1" skipped="0">
  <properties>
[...]
</properties>
  <testcase classname="pruebas" name="hello" time="2.851">
    <error message="El usuario identificado con identificación N° 1 no se encuentra registrado" type="com.tservice.exceptions.servergcmExceptions">com.tservice.exceptions.servergcmExceptions: El usuario identificado con identificación N° 1 no se encuentra registrado
	at com.tservice.facade.facade.adicionarCalificacion(facade.java:114)
	at pruebas.hello(pruebas.java:54)
	at sun.reflect.NativeMethodAccessorImpl.invoke0(Native Method)
	at sun.reflect.NativeMethodAccessorImpl.invoke(NativeMethodAccessorImpl.java:62)
	at sun.reflect.DelegatingMethodAccessorImpl.invoke(DelegatingMethodAccessorImpl.java:43)
	at java.lang.reflect.Method.invoke(Method.java:483)
	at org.junit.runners.model.FrameworkMethod$1.runReflectiveCall(FrameworkMethod.java:45)
	at org.junit.internal.runners.model.ReflectiveCallable.run(ReflectiveCallable.java:15)
	at org.junit.runners.model.FrameworkMethod.invokeExplosively(FrameworkMethod.java:42)
	at org.junit.internal.runners.statements.InvokeMethod.evaluate(InvokeMethod.java:20)
	at org.springframework.test.context.junit4.statements.RunBeforeTestMethodCallbacks.evaluate(RunBeforeTestMethodCallbacks.java:74)
	at org.springframework.test.context.junit4.statements.RunAfterTestMethodCallbacks.evaluate(RunAfterTestMethodCallbacks.java:83)
	at org.springframework.test.context.junit4.statements.SpringRepeat.evaluate(SpringRepeat.java:72)
	at org.springframework.test.context.junit4.SpringJUnit4ClassRunner.runChild(SpringJUnit4ClassRunner.java:233)
	at org.springframework.test.context.junit4.SpringJUnit4ClassRunner.runChild(SpringJUnit4ClassRunner.java:87)
	at org.junit.runners.ParentRunner$3.run(ParentRunner.java:231)
	at org.junit.runners.ParentRunner$1.schedule(ParentRunner.java:60)
	at org.junit.runners.ParentRunner.runChildren(ParentRunner.java:229)
	at org.junit.runners.ParentRunner.access$000(ParentRunner.java:50)
	at org.junit.runners.ParentRunner$2.evaluate(ParentRunner.java:222)
	at org.springframework.test.context.junit4.statements.RunBeforeTestClassCallbacks.evaluate(RunBeforeTestClassCallbacks.java:61)
	at org.springframework.test.context.junit4.statements.RunAfterTestClassCallbacks.evaluate(RunAfterTestClassCallbacks.java:71)
	at org.junit.runners.ParentRunner.run(ParentRunner.java:300)
	at org.springframework.test.context.junit4.SpringJUnit4ClassRunner.run(SpringJUnit4ClassRunner.java:176)
	at org.apache.maven.surefire.junit4.JUnit4TestSet.execute(JUnit4TestSet.java:53)
	at org.apache.maven.surefire.junit4.JUnit4Provider.executeTestSet(JUnit4Provider.java:123)
	at org.apache.maven.surefire.junit4.JUnit4Provider.invoke(JUnit4Provider.java:104)
	at sun.reflect.NativeMethodAccessorImpl.invoke0(Native Method)
	at sun.reflect.NativeMethodAccessorImpl.invoke(NativeMethodAccessorImpl.java:62)
	at sun.reflect.DelegatingMethodAccessorImpl.invoke(DelegatingMethodAccessorImpl.java:43)
	at java.lang.reflect.Method.invoke(Method.java:483)
	at org.apache.maven.surefire.util.ReflectionUtils.invokeMethodWithArray(ReflectionUtils.java:164)
	at org.apache.maven.surefire.booter.ProviderFactory$ProviderProxy.invoke(ProviderFactory.java:110)
	at org.apache.maven.surefire.booter.SurefireStarter.invokeProvider(SurefireStarter.java:175)
	at org.apache.maven.surefire.booter.SurefireStarter.runSuitesInProcessWhenForked(SurefireStarter.java:107)
	at org.apache.maven.surefire.booter.ForkedBooter.main(ForkedBooter.java:68)
</error>
    <system-out>LOG4J23:02:11,165 DEBUG SpringJUnit4ClassRunner:105 - SpringJUnit4ClassRunner constructor called with [class pruebas].
LOG4J23:02:11,207 DEBUG AbstractDelegatingSmartContextLoader:90 - Delegating to GenericXmlContextLoader to process context configuration [ContextConfigurationAttributes@6537cf78 declaringClass = &apos;pruebas&apos;, classes = &apos;{}&apos;, locations = &apos;{classpath:applicationContextH2.xml}&apos;, inheritLocations = true, initializers = &apos;{}&apos;, inheritInitializers = true, name = [null], contextLoaderClass = &apos;org.springframework.test.context.ContextLoader&apos;].
LOG4J23:02:11,209 DEBUG ContextLoaderUtils:502 - Could not find an &apos;annotation declaring class&apos; for annotation type [org.springframework.test.context.ActiveProfiles] and class [pruebas]
LOG4J23:02:11,212 DEBUG TestContextManager:190 - @TestExecutionListeners is not present for class [pruebas]: using defaults.
LOG4J23:02:11,227 DEBUG ProfileValueUtils:70 - Retrieved @ProfileValueSourceConfiguration [null] for test class [pruebas]
LOG4J23:02:11,228 DEBUG ProfileValueUtils:82 - Retrieved ProfileValueSource type [class org.springframework.test.annotation.SystemProfileValueSource] for class [pruebas]
LOG4J23:02:11,229 DEBUG ProfileValueUtils:70 - Retrieved @ProfileValueSourceConfiguration [null] for test class [pruebas]
LOG4J23:02:11,229 DEBUG ProfileValueUtils:82 - Retrieved ProfileValueSource type [class org.springframework.test.annotation.SystemProfileValueSource] for class [pruebas]
LOG4J23:02:11,231 DEBUG ProfileValueUtils:70 - Retrieved @ProfileValueSourceConfiguration [null] for test class [pruebas]
LOG4J23:02:11,231 DEBUG ProfileValueUtils:82 - Retrieved ProfileValueSource type [class org.springframework.test.annotation.SystemProfileValueSource] for class [pruebas]
LOG4J23:02:11,234 DEBUG DependencyInjectionTestExecutionListener:73 - Performing dependency injection for test context [[DefaultTestContext@224edc67 testClass = pruebas, testInstance = pruebas@14acaea5, testMethod = [null], testException = [null], mergedContextConfiguration = [MergedContextConfiguration@46d56d67 testClass = pruebas, locations = &apos;{classpath:applicationContextH2.xml}&apos;, classes = &apos;{}&apos;, contextInitializerClasses = &apos;[]&apos;, activeProfiles = &apos;{}&apos;, contextLoader = &apos;org.springframework.test.context.support.DelegatingSmartContextLoader&apos;, parent = [null]]]].
LOG4J23:02:11,234 DEBUG AbstractDelegatingSmartContextLoader:100 - Delegating to GenericXmlContextLoader to load context from [MergedContextConfiguration@46d56d67 testClass = pruebas, locations = &apos;{classpath:applicationContextH2.xml}&apos;, classes = &apos;{}&apos;, contextInitializerClasses = &apos;[]&apos;, activeProfiles = &apos;{}&apos;, contextLoader = &apos;org.springframework.test.context.support.DelegatingSmartContextLoader&apos;, parent = [null]].
LOG4J23:02:11,234 DEBUG AbstractGenericContextLoader:107 - Loading ApplicationContext for merged context configuration [[MergedContextConfiguration@46d56d67 testClass = pruebas, locations = &apos;{classpath:applicationContextH2.xml}&apos;, classes = &apos;{}&apos;, contextInitializerClasses = &apos;[]&apos;, activeProfiles = &apos;{}&apos;, contextLoader = &apos;org.springframework.test.context.support.DelegatingSmartContextLoader&apos;, parent = [null]]].
LOG4J23:02:11,310 DEBUG StandardEnvironment:109 - Adding [systemProperties] PropertySource with lowest search precedence
LOG4J23:02:11,313 DEBUG StandardEnvironment:109 - Adding [systemEnvironment] PropertySource with lowest search precedence
LOG4J23:02:11,313 DEBUG StandardEnvironment:126 - Initialized StandardEnvironment with PropertySources [systemProperties,systemEnvironment]
LOG4J23:02:11,322  INFO XmlBeanDefinitionReader:317 - Loading XML bean definitions from class path resource [applicationContextH2.xml]
LOG4J23:02:11,337 DEBUG DefaultDocumentLoader:73 - Using JAXP provider [com.sun.org.apache.xerces.internal.jaxp.DocumentBuilderFactoryImpl]
LOG4J23:02:11,364 DEBUG PluggableSchemaResolver:141 - Loading schema mappings from [META-INF/spring.schemas]
LOG4J23:02:11,369 DEBUG PluggableSchemaResolver:147 - Loaded schema mappings: {http://www.springframework.org/schema/tx/spring-tx-2.5.xsd=org/springframework/transaction/config/spring-tx-2.5.xsd, http://www.springframework.org/schema/context/spring-context-3.1.xsd=org/springframework/context/config/spring-context-3.1.xsd, http://www.springframework.org/schema/data/repository/spring-repository-1.4.xsd=org/springframework/data/repository/config/spring-repository-1.4.xsd, http://www.springframework.org/schema/util/spring-util-3.0.xsd=org/springframework/beans/factory/xml/spring-util-3.0.xsd, http://www.springframework.org/schema/data/jpa/spring-jpa.xsd=org/springframework/data/jpa/repository/config/spring-jpa-1.3.xsd, http://www.springframework.org/schema/tool/spring-tool.xsd=org/springframework/beans/factory/xml/spring-tool-4.0.xsd, http://www.springframework.org/schema/aop/spring-aop-3.2.xsd=org/springframework/aop/config/spring-aop-3.2.xsd, http://www.springframework.org/schema/context/spring-context-4.0.xsd=org/springframework/context/config/spring-context-4.0.xsd, http://www.springframework.org/schema/mvc/spring-mvc-3.2.xsd=org/springframework/web/servlet/config/spring-mvc-3.2.xsd, http://www.springframework.org/schema/lang/spring-lang-3.2.xsd=org/springframework/scripting/config/spring-lang-3.2.xsd, http://www.springframework.org/schema/cache/spring-cache-3.2.xsd=org/springframework/cache/config/spring-cache-3.2.xsd, http://www.springframework.org/schema/jdbc/spring-jdbc-3.1.xsd=org/springframework/jdbc/config/spring-jdbc-3.1.xsd, http://www.springframework.org/schema/util/spring-util-2.0.xsd=org/springframework/beans/factory/xml/spring-util-2.0.xsd, http://www.springframework.org/schema/tool/spring-tool-3.2.xsd=org/springframework/beans/factory/xml/spring-tool-3.2.xsd, http://www.springframework.org/schema/context/spring-context.xsd=org/springframework/context/config/spring-context-4.0.xsd, http://www.springframework.org/schema/aop/spring-aop-4.0.xsd=org/springframework/aop/config/spring-aop-4.0.xsd, http://www.springframework.org/schema/jee/spring-jee-3.2.xsd=org/springframework/ejb/config/spring-jee-3.2.xsd, http://www.springframework.org/schema/context/spring-context-3.0.xsd=org/springframework/context/config/spring-context-3.0.xsd, http://www.springframework.org/schema/jdbc/spring-jdbc-4.0.xsd=org/springframework/jdbc/config/spring-jdbc-4.0.xsd, http://www.springframework.org/schema/mvc/spring-mvc-4.0.xsd=org/springframework/web/servlet/config/spring-mvc-4.0.xsd, http://www.springframework.org/schema/util/spring-util-2.5.xsd=org/springframework/beans/factory/xml/spring-util-2.5.xsd, http://www.springframework.org/schema/beans/spring-beans-3.2.xsd=org/springframework/beans/factory/xml/spring-beans-3.2.xsd, http://www.springframework.org/schema/aop/spring-aop-3.1.xsd=org/springframework/aop/config/spring-aop-3.1.xsd, http://www.springframework.org/schema/lang/spring-lang-4.0.xsd=org/springframework/scripting/config/spring-lang-4.0.xsd, http://www.springframework.org/schema/mvc/spring-mvc.xsd=org/springframework/web/servlet/config/spring-mvc-4.0.xsd, http://www.springframework.org/schema/mvc/spring-mvc-3.1.xsd=org/springframework/web/servlet/config/spring-mvc-3.1.xsd, http://www.springframework.org/schema/tool/spring-tool-4.0.xsd=org/springframework/beans/factory/xml/spring-tool-4.0.xsd, http://www.springframework.org/schema/lang/spring-lang-3.1.xsd=org/springframework/scripting/config/spring-lang-3.1.xsd, http://www.springframework.org/schema/tx/spring-tx-3.2.xsd=org/springframework/transaction/config/spring-tx-3.2.xsd, http://www.springframework.org/schema/cache/spring-cache-3.1.xsd=org/springframework/cache/config/spring-cache-3.1.xsd, http://www.springframework.org/schema/jee/spring-jee-4.0.xsd=org/springframework/ejb/config/spring-jee-4.0.xsd, http://www.springframework.org/schema/jdbc/spring-jdbc-3.0.xsd=org/springframework/jdbc/config/spring-jdbc-3.0.xsd, http://www.springframework.org/schema/jdbc/spring-jdbc.xsd=org/springframework/jdbc/config/spring-jdbc-4.0.xsd, http://www.springframework.org/schema/tool/spring-tool-3.1.xsd=org/springframework/beans/factory/xml/spring-tool-3.1.xsd, http://www.springframework.org/schema/cache/spring-cache-4.0.xsd=org/springframework/cache/config/spring-cache-4.0.xsd, http://www.springframework.org/schema/jee/spring-jee-3.1.xsd=org/springframework/ejb/config/spring-jee-3.1.xsd, http://www.springframework.org/schema/task/spring-task-3.2.xsd=org/springframework/scheduling/config/spring-task-3.2.xsd, http://www.springframework.org/schema/beans/spring-beans-3.1.xsd=org/springframework/beans/factory/xml/spring-beans-3.1.xsd, http://www.springframework.org/schema/util/spring-util.xsd=org/springframework/beans/factory/xml/spring-util-4.0.xsd, http://www.springframework.org/schema/data/jpa/spring-jpa-1.3.xsd=org/springframework/data/jpa/repository/config/spring-jpa-1.3.xsd, http://www.springframework.org/schema/aop/spring-aop-3.0.xsd=org/springframework/aop/config/spring-aop-3.0.xsd, http://www.springframework.org/schema/data/repository/spring-repository.xsd=org/springframework/data/repository/config/spring-repository-1.7.xsd, http://www.springframework.org/schema/data/repository/spring-repository-1.7.xsd=org/springframework/data/repository/config/spring-repository-1.7.xsd, http://www.springframework.org/schema/mvc/spring-mvc-3.0.xsd=org/springframework/web/servlet/config/spring-mvc-3.0.xsd, http://www.springframework.org/schema/beans/spring-beans-4.0.xsd=org/springframework/beans/factory/xml/spring-beans-4.0.xsd, http://www.springframework.org/schema/beans/spring-beans.xsd=org/springframework/beans/factory/xml/spring-beans-4.0.xsd, http://www.springframework.org/schema/lang/spring-lang-3.0.xsd=org/springframework/scripting/config/spring-lang-3.0.xsd, http://www.springframework.org/schema/tx/spring-tx-3.1.xsd=org/springframework/transaction/config/spring-tx-3.1.xsd, http://www.springframework.org/schema/context/spring-context-2.5.xsd=org/springframework/context/config/spring-context-2.5.xsd, http://www.springframework.org/schema/task/spring-task-4.0.xsd=org/springframework/scheduling/config/spring-task-4.0.xsd, http://www.springframework.org/schema/tool/spring-tool-3.0.xsd=org/springframework/beans/factory/xml/spring-tool-3.0.xsd, http://www.springframework.org/schema/tx/spring-tx-4.0.xsd=org/springframework/transaction/config/spring-tx-4.0.xsd, http://www.springframework.org/schema/aop/spring-aop-2.0.xsd=org/springframework/aop/config/spring-aop-2.0.xsd, http://www.springframework.org/schema/jee/spring-jee-3.0.xsd=org/springframework/ejb/config/spring-jee-3.0.xsd, http://www.springframework.org/schema/task/spring-task-3.1.xsd=org/springframework/scheduling/config/spring-task-3.1.xsd, http://www.springframework.org/schema/beans/spring-beans-3.0.xsd=org/springframework/beans/factory/xml/spring-beans-3.0.xsd, http://www.springframework.org/schema/data/jpa/spring-jpa-1.2.xsd=org/springframework/data/jpa/repository/config/spring-jpa-1.2.xsd, http://www.springframework.org/schema/jee/spring-jee.xsd=org/springframework/ejb/config/spring-jee-4.0.xsd, http://www.springframework.org/schema/aop/spring-aop-2.5.xsd=org/springframework/aop/config/spring-aop-2.5.xsd, http://www.springframework.org/schema/lang/spring-lang-2.0.xsd=org/springframework/scripting/config/spring-lang-2.0.xsd, http://www.springframework.org/schema/data/repository/spring-repository-1.6.xsd=org/springframework/data/repository/config/spring-repository-1.6.xsd, http://www.springframework.org/schema/util/spring-util-3.2.xsd=org/springframework/beans/factory/xml/spring-util-3.2.xsd, http://www.springframework.org/schema/task/spring-task.xsd=org/springframework/scheduling/config/spring-task-4.0.xsd, http://www.springframework.org/schema/tool/spring-tool-2.0.xsd=org/springframework/beans/factory/xml/spring-tool-2.0.xsd, http://www.springframework.org/schema/tx/spring-tx-3.0.xsd=org/springframework/transaction/config/spring-tx-3.0.xsd, http://www.springframework.org/schema/lang/spring-lang-2.5.xsd=org/springframework/scripting/config/spring-lang-2.5.xsd, http://www.springframework.org/schema/jee/spring-jee-2.0.xsd=org/springframework/ejb/config/spring-jee-2.0.xsd, http://www.springframework.org/schema/tool/spring-tool-2.5.xsd=org/springframework/beans/factory/xml/spring-tool-2.5.xsd, http://www.springframework.org/schema/jee/spring-jee-2.5.xsd=org/springframework/ejb/config/spring-jee-2.5.xsd, http://www.springframework.org/schema/data/repository/spring-repository-1.0.xsd=org/springframework/data/repository/config/spring-repository-1.0.xsd, http://www.springframework.org/schema/util/spring-util-4.0.xsd=org/springframework/beans/factory/xml/spring-util-4.0.xsd, http://www.springframework.org/schema/task/spring-task-3.0.xsd=org/springframework/scheduling/config/spring-task-3.0.xsd, http://www.springframework.org/schema/data/jpa/spring-jpa-1.1.xsd=org/springframework/data/jpa/repository/config/spring-jpa-1.1.xsd, http://www.springframework.org/schema/lang/spring-lang.xsd=org/springframework/scripting/config/spring-lang-4.0.xsd, http://www.springframework.org/schema/context/spring-context-3.2.xsd=org/springframework/context/config/spring-context-3.2.xsd, http://www.springframework.org/schema/data/repository/spring-repository-1.5.xsd=org/springframework/data/repository/config/spring-repository-1.5.xsd, http://www.springframework.org/schema/util/spring-util-3.1.xsd=org/springframework/beans/factory/xml/spring-util-3.1.xsd, http://www.springframework.org/schema/beans/spring-beans-2.0.xsd=org/springframework/beans/factory/xml/spring-beans-2.0.xsd, http://www.springframework.org/schema/cache/spring-cache.xsd=org/springframework/cache/config/spring-cache-4.0.xsd, http://www.springframework.org/schema/tx/spring-tx.xsd=org/springframework/transaction/config/spring-tx-4.0.xsd, http://www.springframework.org/schema/beans/spring-beans-2.5.xsd=org/springframework/beans/factory/xml/spring-beans-2.5.xsd, http://www.springframework.org/schema/tx/spring-tx-2.0.xsd=org/springframework/transaction/config/spring-tx-2.0.xsd, http://www.springframework.org/schema/jdbc/spring-jdbc-3.2.xsd=org/springframework/jdbc/config/spring-jdbc-3.2.xsd, http://www.springframework.org/schema/aop/spring-aop.xsd=org/springframework/aop/config/spring-aop-4.0.xsd, http://www.springframework.org/schema/data/jpa/spring-jpa-1.0.xsd=org/springframework/data/jpa/repository/config/spring-jpa-1.0.xsd}
LOG4J23:02:11,371 DEBUG PluggableSchemaResolver:119 - Found XML schema [http://www.springframework.org/schema/beans/spring-beans-4.0.xsd] in classpath: org/springframework/beans/factory/xml/spring-beans-4.0.xsd
LOG4J23:02:11,402 DEBUG PluggableSchemaResolver:119 - Found XML schema [http://www.springframework.org/schema/context/spring-context-4.0.xsd] in classpath: org/springframework/context/config/spring-context-4.0.xsd
LOG4J23:02:11,408 DEBUG PluggableSchemaResolver:119 - Found XML schema [http://www.springframework.org/schema/tool/spring-tool-4.0.xsd] in classpath: org/springframework/beans/factory/xml/spring-tool-4.0.xsd
LOG4J23:02:11,414 DEBUG PluggableSchemaResolver:119 - Found XML schema [http://www.springframework.org/schema/data/jpa/spring-jpa.xsd] in classpath: org/springframework/data/jpa/repository/config/spring-jpa-1.3.xsd
LOG4J23:02:11,415 DEBUG PluggableSchemaResolver:119 - Found XML schema [http://www.springframework.org/schema/data/repository/spring-repository.xsd] in classpath: org/springframework/data/repository/config/spring-repository-1.7.xsd
LOG4J23:02:11,420 DEBUG PluggableSchemaResolver:119 - Found XML schema [http://www.springframework.org/schema/jdbc/spring-jdbc-4.0.xsd] in classpath: org/springframework/jdbc/config/spring-jdbc-4.0.xsd
LOG4J23:02:11,424 DEBUG PluggableSchemaResolver:119 - Found XML schema [http://www.springframework.org/schema/tx/spring-tx-4.0.xsd] in classpath: org/springframework/transaction/config/spring-tx-4.0.xsd
LOG4J23:02:11,429 DEBUG DefaultBeanDefinitionDocumentReader:101 - Loading bean definitions
LOG4J23:02:11,440 DEBUG DefaultNamespaceHandlerResolver:157 - Loaded NamespaceHandler mappings: {http://www.springframework.org/schema/p=org.springframework.beans.factory.xml.SimplePropertyNamespaceHandler, http://www.springframework.org/schema/mvc=org.springframework.web.servlet.config.MvcNamespaceHandler, http://www.springframework.org/schema/util=org.springframework.beans.factory.xml.UtilNamespaceHandler, http://www.springframework.org/schema/jee=org.springframework.ejb.config.JeeNamespaceHandler, http://www.springframework.org/schema/aop=org.springframework.aop.config.AopNamespaceHandler, http://www.springframework.org/schema/jdbc=org.springframework.jdbc.config.JdbcNamespaceHandler, http://www.springframework.org/schema/data/repository=org.springframework.data.repository.config.RepositoryNameSpaceHandler, http://www.springframework.org/schema/data/jpa=org.springframework.data.jpa.repository.config.JpaRepositoryNameSpaceHandler, http://www.springframework.org/schema/cache=org.springframework.cache.config.CacheNamespaceHandler, http://www.springframework.org/schema/c=org.springframework.beans.factory.xml.SimpleConstructorNamespaceHandler, http://www.springframework.org/schema/tx=org.springframework.transaction.config.TxNamespaceHandler, http://www.springframework.org/schema/task=org.springframework.scheduling.config.TaskNamespaceHandler, http://www.springframework.org/schema/lang=org.springframework.scripting.config.LangNamespaceHandler, http://www.springframework.org/schema/context=org.springframework.context.config.ContextNamespaceHandler}
LOG4J23:02:11,452 DEBUG ClassPathBeanDefinitionScanner:244 - JSR-250 &apos;javax.annotation.ManagedBean&apos; found and supported for component scanning
LOG4J23:02:11,454 DEBUG ClassPathBeanDefinitionScanner:252 - JSR-330 &apos;javax.inject.Named&apos; annotation found and supported for component scanning
LOG4J23:02:11,456 DEBUG PathMatchingResourcePatternResolver:357 - Resolved location pattern [classpath*:com/tservice/Componentes/**/*.class] to resources []
LOG4J23:02:11,475 DEBUG ClassPathBeanDefinitionScanner:244 - JSR-250 &apos;javax.annotation.ManagedBean&apos; found and supported for component scanning
LOG4J23:02:11,475 DEBUG ClassPathBeanDefinitionScanner:252 - JSR-330 &apos;javax.inject.Named&apos; annotation found and supported for component scanning
LOG4J23:02:11,477 DEBUG PathMatchingResourcePatternResolver:556 - Looking for matching resources in directory tree [C:\Users\LuisAndres\Documents\GitHub\pgrproyecto\target\classes\com\tservice\facade]
LOG4J23:02:11,478 DEBUG PathMatchingResourcePatternResolver:618 - Searching directory [C:\Users\LuisAndres\Documents\GitHub\pgrproyecto\target\classes\com\tservice\facade] for files matching pattern [C:/Users/LuisAndres/Documents/GitHub/pgrproyecto/target/classes/com/tservice/facade/**/*.class]
LOG4J23:02:11,481 DEBUG PathMatchingResourcePatternResolver:357 - Resolved location pattern [classpath*:com/tservice/facade/**/*.class] to resources [file [C:\Users\LuisAndres\Documents\GitHub\pgrproyecto\target\classes\com\tservice\facade\App.class], file [C:\Users\LuisAndres\Documents\GitHub\pgrproyecto\target\classes\com\tservice\facade\ConstantesServerGcm.class], file [C:\Users\LuisAndres\Documents\GitHub\pgrproyecto\target\classes\com\tservice\facade\Content.class], file [C:\Users\LuisAndres\Documents\GitHub\pgrproyecto\target\classes\com\tservice\facade\facade.class], file [C:\Users\LuisAndres\Documents\GitHub\pgrproyecto\target\classes\com\tservice\facade\POST2GCM.class], file [C:\Users\LuisAndres\Documents\GitHub\pgrproyecto\target\classes\com\tservice\facade\pruebasEstaticas.class]]
LOG4J23:02:11,497 DEBUG ClassPathBeanDefinitionScanner:286 - Identified candidate component class: file [C:\Users\LuisAndres\Documents\GitHub\pgrproyecto\target\classes\com\tservice\facade\App.class]
LOG4J23:02:11,499 DEBUG ClassPathBeanDefinitionScanner:286 - Identified candidate component class: file [C:\Users\LuisAndres\Documents\GitHub\pgrproyecto\target\classes\com\tservice\facade\facade.class]
LOG4J23:02:11,511 DEBUG StandardEnvironment:109 - Adding [systemProperties] PropertySource with lowest search precedence
LOG4J23:02:11,511 DEBUG StandardEnvironment:109 - Adding [systemEnvironment] PropertySource with lowest search precedence
LOG4J23:02:11,512 DEBUG StandardEnvironment:126 - Initialized StandardEnvironment with PropertySources [systemProperties,systemEnvironment]
LOG4J23:02:11,514 DEBUG PathMatchingResourcePatternResolver:470 - Looking for matching resources in jar file [file:/C:/Users/LuisAndres/.m2/repository/org/springframework/data/spring-data-jpa/1.7.2.RELEASE/spring-data-jpa-1.7.2.RELEASE.jar]
LOG4J23:02:11,519 DEBUG PathMatchingResourcePatternResolver:470 - Looking for matching resources in jar file [file:/C:/Users/LuisAndres/.m2/repository/org/springframework/data/spring-data-commons/1.9.2.RELEASE/spring-data-commons-1.9.2.RELEASE.jar]
LOG4J23:02:11,528 DEBUG PathMatchingResourcePatternResolver:357 - Resolved location pattern [classpath*:org/springframework/data/**/repository/support/**/*.class] to resources [URL [jar:file:/C:/Users/LuisAndres/.m2/repository/org/springframework/data/spring-data-jpa/1.7.2.RELEASE/spring-data-jpa-1.7.2.RELEASE.jar!/org/springframework/data/jpa/repository/support/EntityManagerBeanDefinitionRegistrarPostProcessor.class], URL [jar:file:/C:/Users/LuisAndres/.m2/repository/org/springframework/data/spring-data-jpa/1.7.2.RELEASE/spring-data-jpa-1.7.2.RELEASE.jar!/org/springframework/data/jpa/repository/support/QueryDslJpaRepository.class], URL [jar:file:/C:/Users/LuisAndres/.m2/repository/org/springframework/data/spring-data-jpa/1.7.2.RELEASE/spring-data-jpa-1.7.2.RELEASE.jar!/org/springframework/data/jpa/repository/support/JpaMetamodelEntityInformation$IdMetadata.class], URL [jar:file:/C:/Users/LuisAndres/.m2/repository/org/springframework/data/spring-data-jpa/1.7.2.RELEASE/spring-data-jpa-1.7.2.RELEASE.jar!/org/springframework/data/jpa/repository/support/JpaRepositoryFactoryBean.class], URL [jar:file:/C:/Users/LuisAndres/.m2/repository/org/springframework/data/spring-data-jpa/1.7.2.RELEASE/spring-data-jpa-1.7.2.RELEASE.jar!/org/springframework/data/jpa/repository/support/JpaPersistableEntityInformation.class], URL [jar:file:/C:/Users/LuisAndres/.m2/repository/org/springframework/data/spring-data-jpa/1.7.2.RELEASE/spring-data-jpa-1.7.2.RELEASE.jar!/org/springframework/data/jpa/repository/support/CrudMethodMetadataPostProcessor$CrudMethodMetadataPopulatingMethodIntercceptor.class], URL [jar:file:/C:/Users/LuisAndres/.m2/repository/org/springframework/data/spring-data-jpa/1.7.2.RELEASE/spring-data-jpa-1.7.2.RELEASE.jar!/org/springframework/data/jpa/repository/support/CrudMethodMetadataPostProcessor.class], URL [jar:file:/C:/Users/LuisAndres/.m2/repository/org/springframework/data/spring-data-jpa/1.7.2.RELEASE/spring-data-jpa-1.7.2.RELEASE.jar!/org/springframework/data/jpa/repository/support/Querydsl.class], URL [jar:file:/C:/Users/LuisAndres/.m2/repository/org/springframework/data/spring-data-jpa/1.7.2.RELEASE/spring-data-jpa-1.7.2.RELEASE.jar!/org/springframework/data/jpa/repository/support/CrudMethodMetadataPostProcessor$1.class], URL [jar:file:/C:/Users/LuisAndres/.m2/repository/org/springframework/data/spring-data-jpa/1.7.2.RELEASE/spring-data-jpa-1.7.2.RELEASE.jar!/org/springframework/data/jpa/repository/support/PersistenceProvider$4.class], URL [jar:file:/C:/Users/LuisAndres/.m2/repository/org/springframework/data/spring-data-jpa/1.7.2.RELEASE/spring-data-jpa-1.7.2.RELEASE.jar!/org/springframework/data/jpa/repository/support/CrudMethodMetadataPostProcessor$DefaultCrudMethodMetadata.class], URL [jar:file:/C:/Users/LuisAndres/.m2/repository/org/springframework/data/spring-data-jpa/1.7.2.RELEASE/spring-data-jpa-1.7.2.RELEASE.jar!/org/springframework/data/jpa/repository/support/PersistenceProvider$3.class], URL [jar:file:/C:/Users/LuisAndres/.m2/repository/org/springframework/data/spring-data-jpa/1.7.2.RELEASE/spring-data-jpa-1.7.2.RELEASE.jar!/org/springframework/data/jpa/repository/support/PersistenceProvider$2.class], URL [jar:file:/C:/Users/LuisAndres/.m2/repository/org/springframework/data/spring-data-jpa/1.7.2.RELEASE/spring-data-jpa-1.7.2.RELEASE.jar!/org/springframework/data/jpa/repository/support/QueryDslRepositorySupport.class], URL [jar:file:/C:/Users/LuisAndres/.m2/repository/org/springframework/data/spring-data-jpa/1.7.2.RELEASE/spring-data-jpa-1.7.2.RELEASE.jar!/org/springframework/data/jpa/repository/support/PersistenceProvider.class], URL [jar:file:/C:/Users/LuisAndres/.m2/repository/org/springframework/data/spring-data-jpa/1.7.2.RELEASE/spring-data-jpa-1.7.2.RELEASE.jar!/org/springframework/data/jpa/repository/support/CrudMethodMetadata.class], URL [jar:file:/C:/Users/LuisAndres/.m2/repository/org/springframework/data/spring-data-jpa/1.7.2.RELEASE/spring-data-jpa-1.7.2.RELEASE.jar!/org/springframework/data/jpa/repository/support/CrudMethodMetadataPostProcessor$ThreadBoundTargetSource.class], URL [jar:file:/C:/Users/LuisAndres/.m2/repository/org/springframework/data/spring-data-jpa/1.7.2.RELEASE/spring-data-jpa-1.7.2.RELEASE.jar!/org/springframework/data/jpa/repository/support/JpaEntityInformationSupport.class], URL [jar:file:/C:/Users/LuisAndres/.m2/repository/org/springframework/data/spring-data-jpa/1.7.2.RELEASE/spring-data-jpa-1.7.2.RELEASE.jar!/org/springframework/data/jpa/repository/support/JpaEntityInformation.class], URL [jar:file:/C:/Users/LuisAndres/.m2/repository/org/springframework/data/spring-data-jpa/1.7.2.RELEASE/spring-data-jpa-1.7.2.RELEASE.jar!/org/springframework/data/jpa/repository/support/SimpleJpaRepository$ByIdsSpecification.class], URL [jar:file:/C:/Users/LuisAndres/.m2/repository/org/springframework/data/spring-data-jpa/1.7.2.RELEASE/spring-data-jpa-1.7.2.RELEASE.jar!/org/springframework/data/jpa/repository/support/JpaRepositoryFactory.class], URL [jar:file:/C:/Users/LuisAndres/.m2/repository/org/springframework/data/spring-data-jpa/1.7.2.RELEASE/spring-data-jpa-1.7.2.RELEASE.jar!/org/springframework/data/jpa/repository/support/JpaMetamodelEntityInformation$IdentifierDerivingDirectFieldAccessFallbackBeanWrapper.class], URL [jar:file:/C:/Users/LuisAndres/.m2/repository/org/springframework/data/spring-data-jpa/1.7.2.RELEASE/spring-data-jpa-1.7.2.RELEASE.jar!/org/springframework/data/jpa/repository/support/Querydsl$1.class], URL [jar:file:/C:/Users/LuisAndres/.m2/repository/org/springframework/data/spring-data-jpa/1.7.2.RELEASE/spring-data-jpa-1.7.2.RELEASE.jar!/org/springframework/data/jpa/repository/support/PersistenceProvider$1.class], URL [jar:file:/C:/Users/LuisAndres/.m2/repository/org/springframework/data/spring-data-jpa/1.7.2.RELEASE/spring-data-jpa-1.7.2.RELEASE.jar!/org/springframework/data/jpa/repository/support/PersistenceProvider$Constants.class], URL [jar:file:/C:/Users/LuisAndres/.m2/repository/org/springframework/data/spring-data-jpa/1.7.2.RELEASE/spring-data-jpa-1.7.2.RELEASE.jar!/org/springframework/data/jpa/repository/support/JpaMetamodelEntityInformation.class], URL [jar:file:/C:/Users/LuisAndres/.m2/repository/org/springframework/data/spring-data-jpa/1.7.2.RELEASE/spring-data-jpa-1.7.2.RELEASE.jar!/org/springframework/data/jpa/repository/support/SimpleJpaRepository.class], URL [jar:file:/C:/Users/LuisAndres/.m2/repository/org/springframework/data/spring-data-commons/1.9.2.RELEASE/spring-data-commons-1.9.2.RELEASE.jar!/org/springframework/data/repository/support/Repositories$EmptyRepositoryFactoryInformation.class], URL [jar:file:/C:/Users/LuisAndres/.m2/repository/org/springframework/data/spring-data-commons/1.9.2.RELEASE/spring-data-commons-1.9.2.RELEASE.jar!/org/springframework/data/repository/support/DomainClassPropertyEditorRegistrar.class], URL [jar:file:/C:/Users/LuisAndres/.m2/repository/org/springframework/data/spring-data-commons/1.9.2.RELEASE/spring-data-commons-1.9.2.RELEASE.jar!/org/springframework/data/repository/support/CrudRepositoryInvoker.class], URL [jar:file:/C:/Users/LuisAndres/.m2/repository/org/springframework/data/spring-data-commons/1.9.2.RELEASE/spring-data-commons-1.9.2.RELEASE.jar!/org/springframework/data/repository/support/Repositories.class], URL [jar:file:/C:/Users/LuisAndres/.m2/repository/org/springframework/data/spring-data-commons/1.9.2.RELEASE/spring-data-commons-1.9.2.RELEASE.jar!/org/springframework/data/repository/support/ReflectionRepositoryInvoker.class], URL [jar:file:/C:/Users/LuisAndres/.m2/repository/org/springframework/data/spring-data-commons/1.9.2.RELEASE/spring-data-commons-1.9.2.RELEASE.jar!/org/springframework/data/repository/support/DomainClassPropertyEditor.class], URL [jar:file:/C:/Users/LuisAndres/.m2/repository/org/springframework/data/spring-data-commons/1.9.2.RELEASE/spring-data-commons-1.9.2.RELEASE.jar!/org/springframework/data/repository/support/DomainClassConverter.class]]
LOG4J23:02:11,566 DEBUG ClassPathScanningCandidateComponentProvider:286 - Identified candidate component class: URL [jar:file:/C:/Users/LuisAndres/.m2/repository/org/springframework/data/spring-data-jpa/1.7.2.RELEASE/spring-data-jpa-1.7.2.RELEASE.jar!/org/springframework/data/jpa/repository/support/JpaRepositoryFactory.class]
LOG4J23:02:11,589 DEBUG StandardEnvironment:109 - Adding [systemProperties] PropertySource with lowest search precedence
LOG4J23:02:11,589 DEBUG StandardEnvironment:109 - Adding [systemEnvironment] PropertySource with lowest search precedence
LOG4J23:02:11,590 DEBUG StandardEnvironment:126 - Initialized StandardEnvironment with PropertySources [systemProperties,systemEnvironment]
LOG4J23:02:11,591 DEBUG PathMatchingResourcePatternResolver:556 - Looking for matching resources in directory tree [C:\Users\LuisAndres\Documents\GitHub\pgrproyecto\target\classes\com\tservice\Persistencia]
LOG4J23:02:11,592 DEBUG PathMatchingResourcePatternResolver:618 - Searching directory [C:\Users\LuisAndres\Documents\GitHub\pgrproyecto\target\classes\com\tservice\Persistencia] for files matching pattern [C:/Users/LuisAndres/Documents/GitHub/pgrproyecto/target/classes/com/tservice/Persistencia/**/*.class]
LOG4J23:02:11,593 DEBUG PathMatchingResourcePatternResolver:357 - Resolved location pattern [classpath*:com/tservice/Persistencia/**/*.class] to resources [file [C:\Users\LuisAndres\Documents\GitHub\pgrproyecto\target\classes\com\tservice\Persistencia\CalificacionCrudFactory.class], file [C:\Users\LuisAndres\Documents\GitHub\pgrproyecto\target\classes\com\tservice\Persistencia\CarrerasCrudFactory.class], file [C:\Users\LuisAndres\Documents\GitHub\pgrproyecto\target\classes\com\tservice\Persistencia\EventosCrudFactory.class], file [C:\Users\LuisAndres\Documents\GitHub\pgrproyecto\target\classes\com\tservice\Persistencia\GruposCrudFactory.class], file [C:\Users\LuisAndres\Documents\GitHub\pgrproyecto\target\classes\com\tservice\Persistencia\InteresesCrudFactory.class], file [C:\Users\LuisAndres\Documents\GitHub\pgrproyecto\target\classes\com\tservice\Persistencia\MensajesCrudFactory.class], file [C:\Users\LuisAndres\Documents\GitHub\pgrproyecto\target\classes\com\tservice\Persistencia\NoticiasCrudFactory.class], file [C:\Users\LuisAndres\Documents\GitHub\pgrproyecto\target\classes\com\tservice\Persistencia\UbicacionCrudFactory.class], file [C:\Users\LuisAndres\Documents\GitHub\pgrproyecto\target\classes\com\tservice\Persistencia\UsuariosCrudFactory.class]]
LOG4J23:02:11,596 DEBUG RepositoryComponentProvider:286 - Identified candidate component class: file [C:\Users\LuisAndres\Documents\GitHub\pgrproyecto\target\classes\com\tservice\Persistencia\CalificacionCrudFactory.class]
LOG4J23:02:11,597 DEBUG RepositoryComponentProvider:286 - Identified candidate component class: file [C:\Users\LuisAndres\Documents\GitHub\pgrproyecto\target\classes\com\tservice\Persistencia\CarrerasCrudFactory.class]
LOG4J23:02:11,598 DEBUG RepositoryComponentProvider:286 - Identified candidate component class: file [C:\Users\LuisAndres\Documents\GitHub\pgrproyecto\target\classes\com\tservice\Persistencia\EventosCrudFactory.class]
LOG4J23:02:11,598 DEBUG RepositoryComponentProvider:286 - Identified candidate component class: file [C:\Users\LuisAndres\Documents\GitHub\pgrproyecto\target\classes\com\tservice\Persistencia\GruposCrudFactory.class]
LOG4J23:02:11,599 DEBUG RepositoryComponentProvider:286 - Identified candidate component class: file [C:\Users\LuisAndres\Documents\GitHub\pgrproyecto\target\classes\com\tservice\Persistencia\InteresesCrudFactory.class]
LOG4J23:02:11,599 DEBUG RepositoryComponentProvider:286 - Identified candidate component class: file [C:\Users\LuisAndres\Documents\GitHub\pgrproyecto\target\classes\com\tservice\Persistencia\MensajesCrudFactory.class]
LOG4J23:02:11,600 DEBUG RepositoryComponentProvider:286 - Identified candidate component class: file [C:\Users\LuisAndres\Documents\GitHub\pgrproyecto\target\classes\com\tservice\Persistencia\NoticiasCrudFactory.class]
LOG4J23:02:11,600 DEBUG RepositoryComponentProvider:286 - Identified candidate component class: file [C:\Users\LuisAndres\Documents\GitHub\pgrproyecto\target\classes\com\tservice\Persistencia\UbicacionCrudFactory.class]
LOG4J23:02:11,601 DEBUG RepositoryComponentProvider:286 - Identified candidate component class: file [C:\Users\LuisAndres\Documents\GitHub\pgrproyecto\target\classes\com\tservice\Persistencia\UsuariosCrudFactory.class]
LOG4J23:02:11,606 DEBUG StandardEnvironment:109 - Adding [systemProperties] PropertySource with lowest search precedence
LOG4J23:02:11,607 DEBUG StandardEnvironment:109 - Adding [systemEnvironment] PropertySource with lowest search precedence
LOG4J23:02:11,607 DEBUG StandardEnvironment:126 - Initialized StandardEnvironment with PropertySources [systemProperties,systemEnvironment]
LOG4J23:02:11,608 DEBUG PathMatchingResourcePatternResolver:556 - Looking for matching resources in directory tree [C:\Users\LuisAndres\Documents\GitHub\pgrproyecto\target\classes\com\tservice\Persistencia]
LOG4J23:02:11,609 DEBUG PathMatchingResourcePatternResolver:618 - Searching directory [C:\Users\LuisAndres\Documents\GitHub\pgrproyecto\target\classes\com\tservice\Persistencia] for files matching pattern [C:/Users/LuisAndres/Documents/GitHub/pgrproyecto/target/classes/com/tservice/Persistencia/**/*UsuariosCrudFactoryImpl.class]
LOG4J23:02:11,610 DEBUG PathMatchingResourcePatternResolver:357 - Resolved location pattern [classpath*:com/tservice/Persistencia/**/*UsuariosCrudFactoryImpl.class] to resources []
LOG4J23:02:11,618 DEBUG RepositoryConfigurationDelegate:142 - Spring Data JPA - Registering repository: usuariosCrudFactory - Interface: com.tservice.Persistencia.UsuariosCrudFactory - Factory: org.springframework.data.jpa.repository.support.JpaRepositoryFactoryBean
LOG4J23:02:11,619 DEBUG StandardEnvironment:109 - Adding [systemProperties] PropertySource with lowest search precedence
LOG4J23:02:11,619 DEBUG StandardEnvironment:109 - Adding [systemEnvironment] PropertySource with lowest search precedence
LOG4J23:02:11,626 DEBUG StandardEnvironment:126 - Initialized StandardEnvironment with PropertySources [systemProperties,systemEnvironment]
LOG4J23:02:11,627 DEBUG PathMatchingResourcePatternResolver:556 - Looking for matching resources in directory tree [C:\Users\LuisAndres\Documents\GitHub\pgrproyecto\target\classes\com\tservice\Persistencia]
LOG4J23:02:11,627 DEBUG PathMatchingResourcePatternResolver:618 - Searching directory [C:\Users\LuisAndres\Documents\GitHub\pgrproyecto\target\classes\com\tservice\Persistencia] for files matching pattern [C:/Users/LuisAndres/Documents/GitHub/pgrproyecto/target/classes/com/tservice/Persistencia/**/*GruposCrudFactoryImpl.class]
LOG4J23:02:11,629 DEBUG PathMatchingResourcePatternResolver:357 - Resolved location pattern [classpath*:com/tservice/Persistencia/**/*GruposCrudFactoryImpl.class] to resources []
LOG4J23:02:11,630 DEBUG RepositoryConfigurationDelegate:142 - Spring Data JPA - Registering repository: gruposCrudFactory - Interface: com.tservice.Persistencia.GruposCrudFactory - Factory: org.springframework.data.jpa.repository.support.JpaRepositoryFactoryBean
LOG4J23:02:11,631 DEBUG StandardEnvironment:109 - Adding [systemProperties] PropertySource with lowest search precedence
LOG4J23:02:11,631 DEBUG StandardEnvironment:109 - Adding [systemEnvironment] PropertySource with lowest search precedence
LOG4J23:02:11,631 DEBUG StandardEnvironment:126 - Initialized StandardEnvironment with PropertySources [systemProperties,systemEnvironment]
LOG4J23:02:11,632 DEBUG PathMatchingResourcePatternResolver:556 - Looking for matching resources in directory tree [C:\Users\LuisAndres\Documents\GitHub\pgrproyecto\target\classes\com\tservice\Persistencia]
LOG4J23:02:11,632 DEBUG PathMatchingResourcePatternResolver:618 - Searching directory [C:\Users\LuisAndres\Documents\GitHub\pgrproyecto\target\classes\com\tservice\Persistencia] for files matching pattern [C:/Users/LuisAndres/Documents/GitHub/pgrproyecto/target/classes/com/tservice/Persistencia/**/*MensajesCrudFactoryImpl.class]
LOG4J23:02:11,633 DEBUG PathMatchingResourcePatternResolver:357 - Resolved location pattern [classpath*:com/tservice/Persistencia/**/*MensajesCrudFactoryImpl.class] to resources []
LOG4J23:02:11,634 DEBUG RepositoryConfigurationDelegate:142 - Spring Data JPA - Registering repository: mensajesCrudFactory - Interface: com.tservice.Persistencia.MensajesCrudFactory - Factory: org.springframework.data.jpa.repository.support.JpaRepositoryFactoryBean
LOG4J23:02:11,635 DEBUG StandardEnvironment:109 - Adding [systemProperties] PropertySource with lowest search precedence
LOG4J23:02:11,636 DEBUG StandardEnvironment:109 - Adding [systemEnvironment] PropertySource with lowest search precedence
LOG4J23:02:11,636 DEBUG StandardEnvironment:126 - Initialized StandardEnvironment with PropertySources [systemProperties,systemEnvironment]
LOG4J23:02:11,636 DEBUG PathMatchingResourcePatternResolver:556 - Looking for matching resources in directory tree [C:\Users\LuisAndres\Documents\GitHub\pgrproyecto\target\classes\com\tservice\Persistencia]
LOG4J23:02:11,637 DEBUG PathMatchingResourcePatternResolver:618 - Searching directory [C:\Users\LuisAndres\Documents\GitHub\pgrproyecto\target\classes\com\tservice\Persistencia] for files matching pattern [C:/Users/LuisAndres/Documents/GitHub/pgrproyecto/target/classes/com/tservice/Persistencia/**/*CalificacionCrudFactoryImpl.class]
LOG4J23:02:11,638 DEBUG PathMatchingResourcePatternResolver:357 - Resolved location pattern [classpath*:com/tservice/Persistencia/**/*CalificacionCrudFactoryImpl.class] to resources []
LOG4J23:02:11,639 DEBUG RepositoryConfigurationDelegate:142 - Spring Data JPA - Registering repository: calificacionCrudFactory - Interface: com.tservice.Persistencia.CalificacionCrudFactory - Factory: org.springframework.data.jpa.repository.support.JpaRepositoryFactoryBean
LOG4J23:02:11,640 DEBUG StandardEnvironment:109 - Adding [systemProperties] PropertySource with lowest search precedence
LOG4J23:02:11,640 DEBUG StandardEnvironment:109 - Adding [systemEnvironment] PropertySource with lowest search precedence
LOG4J23:02:11,640 DEBUG StandardEnvironment:126 - Initialized StandardEnvironment with PropertySources [systemProperties,systemEnvironment]
LOG4J23:02:11,641 DEBUG PathMatchingResourcePatternResolver:556 - Looking for matching resources in directory tree [C:\Users\LuisAndres\Documents\GitHub\pgrproyecto\target\classes\com\tservice\Persistencia]
LOG4J23:02:11,641 DEBUG PathMatchingResourcePatternResolver:618 - Searching directory [C:\Users\LuisAndres\Documents\GitHub\pgrproyecto\target\classes\com\tservice\Persistencia] for files matching pattern [C:/Users/LuisAndres/Documents/GitHub/pgrproyecto/target/classes/com/tservice/Persistencia/**/*NoticiasCrudFactoryImpl.class]
LOG4J23:02:11,642 DEBUG PathMatchingResourcePatternResolver:357 - Resolved location pattern [classpath*:com/tservice/Persistencia/**/*NoticiasCrudFactoryImpl.class] to resources []
LOG4J23:02:11,643 DEBUG RepositoryConfigurationDelegate:142 - Spring Data JPA - Registering repository: noticiasCrudFactory - Interface: com.tservice.Persistencia.NoticiasCrudFactory - Factory: org.springframework.data.jpa.repository.support.JpaRepositoryFactoryBean
LOG4J23:02:11,644 DEBUG StandardEnvironment:109 - Adding [systemProperties] PropertySource with lowest search precedence
LOG4J23:02:11,645 DEBUG StandardEnvironment:109 - Adding [systemEnvironment] PropertySource with lowest search precedence
LOG4J23:02:11,645 DEBUG StandardEnvironment:126 - Initialized StandardEnvironment with PropertySources [systemProperties,systemEnvironment]
LOG4J23:02:11,646 DEBUG PathMatchingResourcePatternResolver:556 - Looking for matching resources in directory tree [C:\Users\LuisAndres\Documents\GitHub\pgrproyecto\target\classes\com\tservice\Persistencia]
LOG4J23:02:11,647 DEBUG PathMatchingResourcePatternResolver:618 - Searching directory [C:\Users\LuisAndres\Documents\GitHub\pgrproyecto\target\classes\com\tservice\Persistencia] for files matching pattern [C:/Users/LuisAndres/Documents/GitHub/pgrproyecto/target/classes/com/tservice/Persistencia/**/*EventosCrudFactoryImpl.class]
LOG4J23:02:11,648 DEBUG PathMatchingResourcePatternResolver:357 - Resolved location pattern [classpath*:com/tservice/Persistencia/**/*EventosCrudFactoryImpl.class] to resources []
LOG4J23:02:11,649 DEBUG RepositoryConfigurationDelegate:142 - Spring Data JPA - Registering repository: eventosCrudFactory - Interface: com.tservice.Persistencia.EventosCrudFactory - Factory: org.springframework.data.jpa.repository.support.JpaRepositoryFactoryBean
LOG4J23:02:11,650 DEBUG StandardEnvironment:109 - Adding [systemProperties] PropertySource with lowest search precedence
LOG4J23:02:11,651 DEBUG StandardEnvironment:109 - Adding [systemEnvironment] PropertySource with lowest search precedence
LOG4J23:02:11,651 DEBUG StandardEnvironment:126 - Initialized StandardEnvironment with PropertySources [systemProperties,systemEnvironment]
LOG4J23:02:11,652 DEBUG PathMatchingResourcePatternResolver:556 - Looking for matching resources in directory tree [C:\Users\LuisAndres\Documents\GitHub\pgrproyecto\target\classes\com\tservice\Persistencia]
LOG4J23:02:11,652 DEBUG PathMatchingResourcePatternResolver:618 - Searching directory [C:\Users\LuisAndres\Documents\GitHub\pgrproyecto\target\classes\com\tservice\Persistencia] for files matching pattern [C:/Users/LuisAndres/Documents/GitHub/pgrproyecto/target/classes/com/tservice/Persistencia/**/*CarrerasCrudFactoryImpl.class]
LOG4J23:02:11,653 DEBUG PathMatchingResourcePatternResolver:357 - Resolved location pattern [classpath*:com/tservice/Persistencia/**/*CarrerasCrudFactoryImpl.class] to resources []
LOG4J23:02:11,654 DEBUG RepositoryConfigurationDelegate:142 - Spring Data JPA - Registering repository: carrerasCrudFactory - Interface: com.tservice.Persistencia.CarrerasCrudFactory - Factory: org.springframework.data.jpa.repository.support.JpaRepositoryFactoryBean
LOG4J23:02:11,655 DEBUG StandardEnvironment:109 - Adding [systemProperties] PropertySource with lowest search precedence
LOG4J23:02:11,655 DEBUG StandardEnvironment:109 - Adding [systemEnvironment] PropertySource with lowest search precedence
LOG4J23:02:11,655 DEBUG StandardEnvironment:126 - Initialized StandardEnvironment with PropertySources [systemProperties,systemEnvironment]
LOG4J23:02:11,656 DEBUG PathMatchingResourcePatternResolver:556 - Looking for matching resources in directory tree [C:\Users\LuisAndres\Documents\GitHub\pgrproyecto\target\classes\com\tservice\Persistencia]
LOG4J23:02:11,657 DEBUG PathMatchingResourcePatternResolver:618 - Searching directory [C:\Users\LuisAndres\Documents\GitHub\pgrproyecto\target\classes\com\tservice\Persistencia] for files matching pattern [C:/Users/LuisAndres/Documents/GitHub/pgrproyecto/target/classes/com/tservice/Persistencia/**/*UbicacionCrudFactoryImpl.class]
LOG4J23:02:11,658 DEBUG PathMatchingResourcePatternResolver:357 - Resolved location pattern [classpath*:com/tservice/Persistencia/**/*UbicacionCrudFactoryImpl.class] to resources []
LOG4J23:02:11,659 DEBUG RepositoryConfigurationDelegate:142 - Spring Data JPA - Registering repository: ubicacionCrudFactory - Interface: com.tservice.Persistencia.UbicacionCrudFactory - Factory: org.springframework.data.jpa.repository.support.JpaRepositoryFactoryBean
LOG4J23:02:11,659 DEBUG StandardEnvironment:109 - Adding [systemProperties] PropertySource with lowest search precedence
LOG4J23:02:11,660 DEBUG StandardEnvironment:109 - Adding [systemEnvironment] PropertySource with lowest search precedence
LOG4J23:02:11,660 DEBUG StandardEnvironment:126 - Initialized StandardEnvironment with PropertySources [systemProperties,systemEnvironment]
LOG4J23:02:11,661 DEBUG PathMatchingResourcePatternResolver:556 - Looking for matching resources in directory tree [C:\Users\LuisAndres\Documents\GitHub\pgrproyecto\target\classes\com\tservice\Persistencia]
LOG4J23:02:11,661 DEBUG PathMatchingResourcePatternResolver:618 - Searching directory [C:\Users\LuisAndres\Documents\GitHub\pgrproyecto\target\classes\com\tservice\Persistencia] for files matching pattern [C:/Users/LuisAndres/Documents/GitHub/pgrproyecto/target/classes/com/tservice/Persistencia/**/*InteresesCrudFactoryImpl.class]
LOG4J23:02:11,662 DEBUG PathMatchingResourcePatternResolver:357 - Resolved location pattern [classpath*:com/tservice/Persistencia/**/*InteresesCrudFactoryImpl.class] to resources []
LOG4J23:02:11,663 DEBUG RepositoryConfigurationDelegate:142 - Spring Data JPA - Registering repository: interesesCrudFactory - Interface: com.tservice.Persistencia.InteresesCrudFactory - Factory: org.springframework.data.jpa.repository.support.JpaRepositoryFactoryBean
LOG4J23:02:11,676 DEBUG XmlBeanDefinitionReader:223 - Loaded 28 bean definitions from location pattern [classpath:applicationContextH2.xml]
LOG4J23:02:11,679  INFO GenericApplicationContext:515 - Refreshing org.springframework.context.support.GenericApplicationContext@239963d8: startup date [Tue Jul 07 23:02:11 COT 2015]; root of context hierarchy
LOG4J23:02:11,680 DEBUG GenericApplicationContext:545 - Bean factory for org.springframework.context.support.GenericApplicationContext@239963d8: org.springframework.beans.factory.support.DefaultListableBeanFactory@6dc17b83: defining beans [org.springframework.context.annotation.internalConfigurationAnnotationProcessor,org.springframework.context.annotation.internalAutowiredAnnotationProcessor,org.springframework.context.annotation.internalRequiredAnnotationProcessor,org.springframework.context.annotation.internalCommonAnnotationProcessor,org.springframework.context.annotation.internalPersistenceAnnotationProcessor,app,facade,org.springframework.data.jpa.repository.config.JpaRepositoryConfigExtension#0,org.springframework.data.repository.core.support.RepositoryInterfaceAwareBeanPostProcessor,foo,jpaMappingContext,usuariosCrudFactory,gruposCrudFactory,mensajesCrudFactory,calificacionCrudFactory,noticiasCrudFactory,eventosCrudFactory,carrerasCrudFactory,ubicacionCrudFactory,interesesCrudFactory,dataSource,jpaVendorAdapter,entityManagerFactory,transactionManager,org.springframework.aop.config.internalAutoProxyCreator,org.springframework.transaction.annotation.AnnotationTransactionAttributeSource#0,org.springframework.transaction.interceptor.TransactionInterceptor#0,org.springframework.transaction.config.internalTransactionAdvisor]; root of factory hierarchy
LOG4J23:02:11,694 DEBUG DefaultListableBeanFactory:221 - Creating shared instance of singleton bean &apos;org.springframework.context.annotation.internalConfigurationAnnotationProcessor&apos;
LOG4J23:02:11,694 DEBUG DefaultListableBeanFactory:449 - Creating instance of bean &apos;org.springframework.context.annotation.internalConfigurationAnnotationProcessor&apos;
LOG4J23:02:11,705 DEBUG DefaultListableBeanFactory:523 - Eagerly caching bean &apos;org.springframework.context.annotation.internalConfigurationAnnotationProcessor&apos; to allow for resolving potential circular references
LOG4J23:02:11,707 DEBUG DefaultListableBeanFactory:477 - Finished creating instance of bean &apos;org.springframework.context.annotation.internalConfigurationAnnotationProcessor&apos;
LOG4J23:02:11,754 DEBUG DefaultListableBeanFactory:221 - Creating shared instance of singleton bean &apos;foo&apos;
LOG4J23:02:11,754 DEBUG DefaultListableBeanFactory:449 - Creating instance of bean &apos;foo&apos;
LOG4J23:02:11,755 DEBUG DefaultListableBeanFactory:523 - Eagerly caching bean &apos;foo&apos; to allow for resolving potential circular references
LOG4J23:02:11,755 DEBUG DefaultListableBeanFactory:477 - Finished creating instance of bean &apos;foo&apos;
LOG4J23:02:11,761 DEBUG DefaultListableBeanFactory:221 - Creating shared instance of singleton bean &apos;org.springframework.context.annotation.internalAutowiredAnnotationProcessor&apos;
LOG4J23:02:11,761 DEBUG DefaultListableBeanFactory:449 - Creating instance of bean &apos;org.springframework.context.annotation.internalAutowiredAnnotationProcessor&apos;
LOG4J23:02:11,761  INFO AutowiredAnnotationBeanPostProcessor:141 - JSR-330 &apos;javax.inject.Inject&apos; annotation found and supported for autowiring
LOG4J23:02:11,762 DEBUG DefaultListableBeanFactory:523 - Eagerly caching bean &apos;org.springframework.context.annotation.internalAutowiredAnnotationProcessor&apos; to allow for resolving potential circular references
LOG4J23:02:11,762 DEBUG DefaultListableBeanFactory:477 - Finished creating instance of bean &apos;org.springframework.context.annotation.internalAutowiredAnnotationProcessor&apos;
LOG4J23:02:11,762 DEBUG DefaultListableBeanFactory:221 - Creating shared instance of singleton bean &apos;org.springframework.context.annotation.internalRequiredAnnotationProcessor&apos;
LOG4J23:02:11,762 DEBUG DefaultListableBeanFactory:449 - Creating instance of bean &apos;org.springframework.context.annotation.internalRequiredAnnotationProcessor&apos;
LOG4J23:02:11,762 DEBUG DefaultListableBeanFactory:523 - Eagerly caching bean &apos;org.springframework.context.annotation.internalRequiredAnnotationProcessor&apos; to allow for resolving potential circular references
LOG4J23:02:11,762 DEBUG DefaultListableBeanFactory:477 - Finished creating instance of bean &apos;org.springframework.context.annotation.internalRequiredAnnotationProcessor&apos;
LOG4J23:02:11,763 DEBUG DefaultListableBeanFactory:221 - Creating shared instance of singleton bean &apos;org.springframework.context.annotation.internalCommonAnnotationProcessor&apos;
LOG4J23:02:11,763 DEBUG DefaultListableBeanFactory:449 - Creating instance of bean &apos;org.springframework.context.annotation.internalCommonAnnotationProcessor&apos;
LOG4J23:02:11,775 DEBUG DefaultListableBeanFactory:523 - Eagerly caching bean &apos;org.springframework.context.annotation.internalCommonAnnotationProcessor&apos; to allow for resolving potential circular references
LOG4J23:02:11,776 DEBUG DefaultListableBeanFactory:477 - Finished creating instance of bean &apos;org.springframework.context.annotation.internalCommonAnnotationProcessor&apos;
LOG4J23:02:11,776 DEBUG DefaultListableBeanFactory:221 - Creating shared instance of singleton bean &apos;org.springframework.context.annotation.internalPersistenceAnnotationProcessor&apos;
LOG4J23:02:11,776 DEBUG DefaultListableBeanFactory:449 - Creating instance of bean &apos;org.springframework.context.annotation.internalPersistenceAnnotationProcessor&apos;
LOG4J23:02:11,776 DEBUG DefaultListableBeanFactory:523 - Eagerly caching bean &apos;org.springframework.context.annotation.internalPersistenceAnnotationProcessor&apos; to allow for resolving potential circular references
LOG4J23:02:11,776 DEBUG DefaultListableBeanFactory:477 - Finished creating instance of bean &apos;org.springframework.context.annotation.internalPersistenceAnnotationProcessor&apos;
LOG4J23:02:11,777 DEBUG DefaultListableBeanFactory:221 - Creating shared instance of singleton bean &apos;org.springframework.data.repository.core.support.RepositoryInterfaceAwareBeanPostProcessor&apos;
LOG4J23:02:11,777 DEBUG DefaultListableBeanFactory:449 - Creating instance of bean &apos;org.springframework.data.repository.core.support.RepositoryInterfaceAwareBeanPostProcessor&apos;
LOG4J23:02:11,777 DEBUG DefaultListableBeanFactory:523 - Eagerly caching bean &apos;org.springframework.data.repository.core.support.RepositoryInterfaceAwareBeanPostProcessor&apos; to allow for resolving potential circular references
LOG4J23:02:11,777 DEBUG DefaultListableBeanFactory:477 - Finished creating instance of bean &apos;org.springframework.data.repository.core.support.RepositoryInterfaceAwareBeanPostProcessor&apos;
LOG4J23:02:11,778 DEBUG DefaultListableBeanFactory:221 - Creating shared instance of singleton bean &apos;org.springframework.context.annotation.ConfigurationClassPostProcessor.importAwareProcessor&apos;
LOG4J23:02:11,778 DEBUG DefaultListableBeanFactory:449 - Creating instance of bean &apos;org.springframework.context.annotation.ConfigurationClassPostProcessor.importAwareProcessor&apos;
LOG4J23:02:11,778 DEBUG DefaultListableBeanFactory:523 - Eagerly caching bean &apos;org.springframework.context.annotation.ConfigurationClassPostProcessor.importAwareProcessor&apos; to allow for resolving potential circular references
LOG4J23:02:11,778 DEBUG DefaultListableBeanFactory:477 - Finished creating instance of bean &apos;org.springframework.context.annotation.ConfigurationClassPostProcessor.importAwareProcessor&apos;
LOG4J23:02:11,778 DEBUG DefaultListableBeanFactory:221 - Creating shared instance of singleton bean &apos;org.springframework.context.annotation.ConfigurationClassPostProcessor.enhancedConfigurationProcessor&apos;
LOG4J23:02:11,778 DEBUG DefaultListableBeanFactory:449 - Creating instance of bean &apos;org.springframework.context.annotation.ConfigurationClassPostProcessor.enhancedConfigurationProcessor&apos;
LOG4J23:02:11,779 DEBUG DefaultListableBeanFactory:523 - Eagerly caching bean &apos;org.springframework.context.annotation.ConfigurationClassPostProcessor.enhancedConfigurationProcessor&apos; to allow for resolving potential circular references
LOG4J23:02:11,779 DEBUG DefaultListableBeanFactory:477 - Finished creating instance of bean &apos;org.springframework.context.annotation.ConfigurationClassPostProcessor.enhancedConfigurationProcessor&apos;
LOG4J23:02:11,779 DEBUG DefaultListableBeanFactory:221 - Creating shared instance of singleton bean &apos;org.springframework.aop.config.internalAutoProxyCreator&apos;
LOG4J23:02:11,779 DEBUG DefaultListableBeanFactory:449 - Creating instance of bean &apos;org.springframework.aop.config.internalAutoProxyCreator&apos;
LOG4J23:02:11,785 DEBUG DefaultListableBeanFactory:523 - Eagerly caching bean &apos;org.springframework.aop.config.internalAutoProxyCreator&apos; to allow for resolving potential circular references
LOG4J23:02:11,803 DEBUG DefaultListableBeanFactory:477 - Finished creating instance of bean &apos;org.springframework.aop.config.internalAutoProxyCreator&apos;
LOG4J23:02:11,805 DEBUG GenericApplicationContext:651 - Unable to locate MessageSource with name &apos;messageSource&apos;: using default [org.springframework.context.support.DelegatingMessageSource@5f8edcc5]
LOG4J23:02:11,806 DEBUG GenericApplicationContext:675 - Unable to locate ApplicationEventMulticaster with name &apos;applicationEventMulticaster&apos;: using default [org.springframework.context.event.SimpleApplicationEventMulticaster@2638011]
LOG4J23:02:11,809 DEBUG DefaultListableBeanFactory:221 - Creating shared instance of singleton bean &apos;entityManagerFactory&apos;
LOG4J23:02:11,809 DEBUG DefaultListableBeanFactory:449 - Creating instance of bean &apos;entityManagerFactory&apos;
LOG4J23:02:11,818 DEBUG DefaultListableBeanFactory:523 - Eagerly caching bean &apos;entityManagerFactory&apos; to allow for resolving potential circular references
LOG4J23:02:11,832 DEBUG DefaultListableBeanFactory:221 - Creating shared instance of singleton bean &apos;dataSource&apos;
LOG4J23:02:11,832 DEBUG DefaultListableBeanFactory:449 - Creating instance of bean &apos;dataSource&apos;
LOG4J23:02:11,835 DEBUG DefaultListableBeanFactory:523 - Eagerly caching bean &apos;dataSource&apos; to allow for resolving potential circular references
LOG4J23:02:11,845 DEBUG BeanUtils:456 - No property editor [org.springframework.jdbc.datasource.embedded.EmbeddedDatabaseTypeEditor] found for type org.springframework.jdbc.datasource.embedded.EmbeddedDatabaseType according to &apos;Editor&apos; suffix convention
LOG4J23:02:11,849 DEBUG DefaultListableBeanFactory:1596 - Invoking afterPropertiesSet() on bean with name &apos;dataSource&apos;
LOG4J23:02:11,850  INFO EmbeddedDatabaseFactory:147 - Creating embedded database &apos;dataSource&apos;
LOG4J23:02:11,857 DEBUG DefaultListableBeanFactory:221 - Creating shared instance of singleton bean &apos;org.springframework.transaction.config.internalTransactionAdvisor&apos;
LOG4J23:02:11,858 DEBUG DefaultListableBeanFactory:449 - Creating instance of bean &apos;org.springframework.transaction.config.internalTransactionAdvisor&apos;
LOG4J23:02:11,859 DEBUG DefaultListableBeanFactory:523 - Eagerly caching bean &apos;org.springframework.transaction.config.internalTransactionAdvisor&apos; to allow for resolving potential circular references
LOG4J23:02:11,863 DEBUG DefaultListableBeanFactory:221 - Creating shared instance of singleton bean &apos;org.springframework.transaction.annotation.AnnotationTransactionAttributeSource#0&apos;
LOG4J23:02:11,864 DEBUG DefaultListableBeanFactory:449 - Creating instance of bean &apos;org.springframework.transaction.annotation.AnnotationTransactionAttributeSource#0&apos;
LOG4J23:02:11,865 DEBUG DefaultListableBeanFactory:523 - Eagerly caching bean &apos;org.springframework.transaction.annotation.AnnotationTransactionAttributeSource#0&apos; to allow for resolving potential circular references
LOG4J23:02:11,867 DEBUG BeanFactoryAdvisorRetrievalHelper:87 - Skipping currently created advisor &apos;org.springframework.transaction.config.internalTransactionAdvisor&apos;
LOG4J23:02:11,869 DEBUG DefaultListableBeanFactory:477 - Finished creating instance of bean &apos;org.springframework.transaction.annotation.AnnotationTransactionAttributeSource#0&apos;
LOG4J23:02:11,870 DEBUG DefaultListableBeanFactory:477 - Finished creating instance of bean &apos;org.springframework.transaction.config.internalTransactionAdvisor&apos;
LOG4J23:02:11,872 DEBUG DefaultListableBeanFactory:477 - Finished creating instance of bean &apos;dataSource&apos;
LOG4J23:02:11,872 DEBUG DefaultListableBeanFactory:247 - Returning cached instance of singleton bean &apos;org.springframework.transaction.config.internalTransactionAdvisor&apos;
LOG4J23:02:11,874 DEBUG DefaultListableBeanFactory:221 - Creating shared instance of singleton bean &apos;jpaVendorAdapter&apos;
LOG4J23:02:11,874 DEBUG DefaultListableBeanFactory:449 - Creating instance of bean &apos;jpaVendorAdapter&apos;
LOG4J23:02:11,899 DEBUG logging:53 - Logging Provider: org.jboss.logging.Log4jLoggerProvider
LOG4J23:02:11,901 DEBUG DefaultListableBeanFactory:523 - Eagerly caching bean &apos;jpaVendorAdapter&apos; to allow for resolving potential circular references
LOG4J23:02:11,905 DEBUG BeanUtils:456 - No property editor [org.springframework.orm.jpa.vendor.DatabaseEditor] found for type org.springframework.orm.jpa.vendor.Database according to &apos;Editor&apos; suffix convention
LOG4J23:02:11,905 DEBUG DefaultListableBeanFactory:247 - Returning cached instance of singleton bean &apos;org.springframework.transaction.config.internalTransactionAdvisor&apos;
LOG4J23:02:11,906 DEBUG DefaultListableBeanFactory:477 - Finished creating instance of bean &apos;jpaVendorAdapter&apos;
LOG4J23:02:11,911 DEBUG DefaultListableBeanFactory:1596 - Invoking afterPropertiesSet() on bean with name &apos;entityManagerFactory&apos;
LOG4J23:02:11,916 DEBUG PathMatchingResourcePatternResolver:556 - Looking for matching resources in directory tree [C:\Users\LuisAndres\Documents\GitHub\pgrproyecto\target\classes\com\tservice\Model]
LOG4J23:02:11,916 DEBUG PathMatchingResourcePatternResolver:618 - Searching directory [C:\Users\LuisAndres\Documents\GitHub\pgrproyecto\target\classes\com\tservice\Model] for files matching pattern [C:/Users/LuisAndres/Documents/GitHub/pgrproyecto/target/classes/com/tservice/Model/**/*.class]
LOG4J23:02:11,918 DEBUG PathMatchingResourcePatternResolver:357 - Resolved location pattern [classpath*:com/tservice/Model/**/*.class] to resources [file [C:\Users\LuisAndres\Documents\GitHub\pgrproyecto\target\classes\com\tservice\Model\Calificacion.class], file [C:\Users\LuisAndres\Documents\GitHub\pgrproyecto\target\classes\com\tservice\Model\Carreras.class], file [C:\Users\LuisAndres\Documents\GitHub\pgrproyecto\target\classes\com\tservice\Model\Eventos.class], file [C:\Users\LuisAndres\Documents\GitHub\pgrproyecto\target\classes\com\tservice\Model\Grupos.class], file [C:\Users\LuisAndres\Documents\GitHub\pgrproyecto\target\classes\com\tservice\Model\Intereses.class], file [C:\Users\LuisAndres\Documents\GitHub\pgrproyecto\target\classes\com\tservice\Model\Materias.class], file [C:\Users\LuisAndres\Documents\GitHub\pgrproyecto\target\classes\com\tservice\Model\Mensajes.class], file [C:\Users\LuisAndres\Documents\GitHub\pgrproyecto\target\classes\com\tservice\Model\Noticias.class], file [C:\Users\LuisAndres\Documents\GitHub\pgrproyecto\target\classes\com\tservice\Model\Ubicacion.class], file [C:\Users\LuisAndres\Documents\GitHub\pgrproyecto\target\classes\com\tservice\Model\Usuarios.class]]
LOG4J23:02:11,941  INFO LocalContainerEntityManagerFactoryBean:334 - Building JPA container EntityManagerFactory for persistence unit &apos;default&apos;
[HIBERNATE] --&gt; 23:02:11 INFO  org.hibernate.jpa.internal.util.LogHelper - HHH000204: Processing PersistenceUnitInfo [
	name: default
	...]
LOG4J23:02:11,964  INFO LogHelper:46 - HHH000204: Processing PersistenceUnitInfo [
	name: default
	...]
[HIBERNATE] --&gt; 23:02:12 INFO  org.hibernate.Version - HHH000412: Hibernate Core {4.3.7.Final}
LOG4J23:02:12,044  INFO Version:54 - HHH000412: Hibernate Core {4.3.7.Final}
[HIBERNATE] --&gt; 23:02:12 INFO  org.hibernate.cfg.Environment - HHH000206: hibernate.properties not found
LOG4J23:02:12,045  INFO Environment:239 - HHH000206: hibernate.properties not found
[HIBERNATE] --&gt; 23:02:12 INFO  org.hibernate.cfg.Environment - HHH000021: Bytecode provider name : javassist
LOG4J23:02:12,047  INFO Environment:346 - HHH000021: Bytecode provider name : javassist
[HIBERNATE] --&gt; 23:02:12 DEBUG org.hibernate.type.BasicTypeRegistry - Adding type registration boolean -&gt; org.hibernate.type.BooleanType@51133c06
LOG4J23:02:12,175 DEBUG BasicTypeRegistry:146 - Adding type registration boolean -&gt; org.hibernate.type.BooleanType@51133c06
[HIBERNATE] --&gt; 23:02:12 DEBUG org.hibernate.type.BasicTypeRegistry - Adding type registration boolean -&gt; org.hibernate.type.BooleanType@51133c06
LOG4J23:02:12,175 DEBUG BasicTypeRegistry:146 - Adding type registration boolean -&gt; org.hibernate.type.BooleanType@51133c06
[HIBERNATE] --&gt; 23:02:12 DEBUG org.hibernate.type.BasicTypeRegistry - Adding type registration java.lang.Boolean -&gt; org.hibernate.type.BooleanType@51133c06
LOG4J23:02:12,176 DEBUG BasicTypeRegistry:146 - Adding type registration java.lang.Boolean -&gt; org.hibernate.type.BooleanType@51133c06
[HIBERNATE] --&gt; 23:02:12 DEBUG org.hibernate.type.BasicTypeRegistry - Adding type registration numeric_boolean -&gt; org.hibernate.type.NumericBooleanType@44d52de2
LOG4J23:02:12,177 DEBUG BasicTypeRegistry:146 - Adding type registration numeric_boolean -&gt; org.hibernate.type.NumericBooleanType@44d52de2
[HIBERNATE] --&gt; 23:02:12 DEBUG org.hibernate.type.BasicTypeRegistry - Adding type registration true_false -&gt; org.hibernate.type.TrueFalseType@ae3540e
LOG4J23:02:12,179 DEBUG BasicTypeRegistry:146 - Adding type registration true_false -&gt; org.hibernate.type.TrueFalseType@ae3540e
[HIBERNATE] --&gt; 23:02:12 DEBUG org.hibernate.type.BasicTypeRegistry - Adding type registration yes_no -&gt; org.hibernate.type.YesNoType@69f1a286
LOG4J23:02:12,180 DEBUG BasicTypeRegistry:146 - Adding type registration yes_no -&gt; org.hibernate.type.YesNoType@69f1a286
[HIBERNATE] --&gt; 23:02:12 DEBUG org.hibernate.type.BasicTypeRegistry - Adding type registration byte -&gt; org.hibernate.type.ByteType@51549490
LOG4J23:02:12,182 DEBUG BasicTypeRegistry:146 - Adding type registration byte -&gt; org.hibernate.type.ByteType@51549490
[HIBERNATE] --&gt; 23:02:12 DEBUG org.hibernate.type.BasicTypeRegistry - Adding type registration byte -&gt; org.hibernate.type.ByteType@51549490
LOG4J23:02:12,182 DEBUG BasicTypeRegistry:146 - Adding type registration byte -&gt; org.hibernate.type.ByteType@51549490
[HIBERNATE] --&gt; 23:02:12 DEBUG org.hibernate.type.BasicTypeRegistry - Adding type registration java.lang.Byte -&gt; org.hibernate.type.ByteType@51549490
LOG4J23:02:12,182 DEBUG BasicTypeRegistry:146 - Adding type registration java.lang.Byte -&gt; org.hibernate.type.ByteType@51549490
[HIBERNATE] --&gt; 23:02:12 DEBUG org.hibernate.type.BasicTypeRegistry - Adding type registration character -&gt; org.hibernate.type.CharacterType@7daa0fbd
LOG4J23:02:12,184 DEBUG BasicTypeRegistry:146 - Adding type registration character -&gt; org.hibernate.type.CharacterType@7daa0fbd
[HIBERNATE] --&gt; 23:02:12 DEBUG org.hibernate.type.BasicTypeRegistry - Adding type registration char -&gt; org.hibernate.type.CharacterType@7daa0fbd
LOG4J23:02:12,184 DEBUG BasicTypeRegistry:146 - Adding type registration char -&gt; org.hibernate.type.CharacterType@7daa0fbd
[HIBERNATE] --&gt; 23:02:12 DEBUG org.hibernate.type.BasicTypeRegistry - Adding type registration java.lang.Character -&gt; org.hibernate.type.CharacterType@7daa0fbd
LOG4J23:02:12,186 DEBUG BasicTypeRegistry:146 - Adding type registration java.lang.Character -&gt; org.hibernate.type.CharacterType@7daa0fbd
[HIBERNATE] --&gt; 23:02:12 DEBUG org.hibernate.type.BasicTypeRegistry - Adding type registration short -&gt; org.hibernate.type.ShortType@291f18
LOG4J23:02:12,187 DEBUG BasicTypeRegistry:146 - Adding type registration short -&gt; org.hibernate.type.ShortType@291f18
[HIBERNATE] --&gt; 23:02:12 DEBUG org.hibernate.type.BasicTypeRegistry - Adding type registration short -&gt; org.hibernate.type.ShortType@291f18
LOG4J23:02:12,188 DEBUG BasicTypeRegistry:146 - Adding type registration short -&gt; org.hibernate.type.ShortType@291f18
[HIBERNATE] --&gt; 23:02:12 DEBUG org.hibernate.type.BasicTypeRegistry - Adding type registration java.lang.Short -&gt; org.hibernate.type.ShortType@291f18
LOG4J23:02:12,188 DEBUG BasicTypeRegistry:146 - Adding type registration java.lang.Short -&gt; org.hibernate.type.ShortType@291f18
[HIBERNATE] --&gt; 23:02:12 DEBUG org.hibernate.type.BasicTypeRegistry - Adding type registration integer -&gt; org.hibernate.type.IntegerType@d771cc9
LOG4J23:02:12,189 DEBUG BasicTypeRegistry:146 - Adding type registration integer -&gt; org.hibernate.type.IntegerType@d771cc9
[HIBERNATE] --&gt; 23:02:12 DEBUG org.hibernate.type.BasicTypeRegistry - Adding type registration int -&gt; org.hibernate.type.IntegerType@d771cc9
LOG4J23:02:12,190 DEBUG BasicTypeRegistry:146 - Adding type registration int -&gt; org.hibernate.type.IntegerType@d771cc9
[HIBERNATE] --&gt; 23:02:12 DEBUG org.hibernate.type.BasicTypeRegistry - Adding type registration java.lang.Integer -&gt; org.hibernate.type.IntegerType@d771cc9
LOG4J23:02:12,190 DEBUG BasicTypeRegistry:146 - Adding type registration java.lang.Integer -&gt; org.hibernate.type.IntegerType@d771cc9
[HIBERNATE] --&gt; 23:02:12 DEBUG org.hibernate.type.BasicTypeRegistry - Adding type registration long -&gt; org.hibernate.type.LongType@36060e
LOG4J23:02:12,192 DEBUG BasicTypeRegistry:146 - Adding type registration long -&gt; org.hibernate.type.LongType@36060e
[HIBERNATE] --&gt; 23:02:12 DEBUG org.hibernate.type.BasicTypeRegistry - Adding type registration long -&gt; org.hibernate.type.LongType@36060e
LOG4J23:02:12,193 DEBUG BasicTypeRegistry:146 - Adding type registration long -&gt; org.hibernate.type.LongType@36060e
[HIBERNATE] --&gt; 23:02:12 DEBUG org.hibernate.type.BasicTypeRegistry - Adding type registration java.lang.Long -&gt; org.hibernate.type.LongType@36060e
LOG4J23:02:12,193 DEBUG BasicTypeRegistry:146 - Adding type registration java.lang.Long -&gt; org.hibernate.type.LongType@36060e
[HIBERNATE] --&gt; 23:02:12 DEBUG org.hibernate.type.BasicTypeRegistry - Adding type registration float -&gt; org.hibernate.type.FloatType@413f69cc
LOG4J23:02:12,195 DEBUG BasicTypeRegistry:146 - Adding type registration float -&gt; org.hibernate.type.FloatType@413f69cc
[HIBERNATE] --&gt; 23:02:12 DEBUG org.hibernate.type.BasicTypeRegistry - Adding type registration float -&gt; org.hibernate.type.FloatType@413f69cc
LOG4J23:02:12,196 DEBUG BasicTypeRegistry:146 - Adding type registration float -&gt; org.hibernate.type.FloatType@413f69cc
[HIBERNATE] --&gt; 23:02:12 DEBUG org.hibernate.type.BasicTypeRegistry - Adding type registration java.lang.Float -&gt; org.hibernate.type.FloatType@413f69cc
LOG4J23:02:12,196 DEBUG BasicTypeRegistry:146 - Adding type registration java.lang.Float -&gt; org.hibernate.type.FloatType@413f69cc
[HIBERNATE] --&gt; 23:02:12 DEBUG org.hibernate.type.BasicTypeRegistry - Adding type registration double -&gt; org.hibernate.type.DoubleType@4ff8d125
LOG4J23:02:12,198 DEBUG BasicTypeRegistry:146 - Adding type registration double -&gt; org.hibernate.type.DoubleType@4ff8d125
[HIBERNATE] --&gt; 23:02:12 DEBUG org.hibernate.type.BasicTypeRegistry - Adding type registration double -&gt; org.hibernate.type.DoubleType@4ff8d125
LOG4J23:02:12,198 DEBUG BasicTypeRegistry:146 - Adding type registration double -&gt; org.hibernate.type.DoubleType@4ff8d125
[HIBERNATE] --&gt; 23:02:12 DEBUG org.hibernate.type.BasicTypeRegistry - Adding type registration java.lang.Double -&gt; org.hibernate.type.DoubleType@4ff8d125
LOG4J23:02:12,199 DEBUG BasicTypeRegistry:146 - Adding type registration java.lang.Double -&gt; org.hibernate.type.DoubleType@4ff8d125
[HIBERNATE] --&gt; 23:02:12 DEBUG org.hibernate.type.BasicTypeRegistry - Adding type registration big_decimal -&gt; org.hibernate.type.BigDecimalType@38b27cdc
LOG4J23:02:12,200 DEBUG BasicTypeRegistry:146 - Adding type registration big_decimal -&gt; org.hibernate.type.BigDecimalType@38b27cdc
[HIBERNATE] --&gt; 23:02:12 DEBUG org.hibernate.type.BasicTypeRegistry - Adding type registration java.math.BigDecimal -&gt; org.hibernate.type.BigDecimalType@38b27cdc
LOG4J23:02:12,201 DEBUG BasicTypeRegistry:146 - Adding type registration java.math.BigDecimal -&gt; org.hibernate.type.BigDecimalType@38b27cdc
[HIBERNATE] --&gt; 23:02:12 DEBUG org.hibernate.type.BasicTypeRegistry - Adding type registration big_integer -&gt; org.hibernate.type.BigIntegerType@3e6104fc
LOG4J23:02:12,202 DEBUG BasicTypeRegistry:146 - Adding type registration big_integer -&gt; org.hibernate.type.BigIntegerType@3e6104fc
[HIBERNATE] --&gt; 23:02:12 DEBUG org.hibernate.type.BasicTypeRegistry - Adding type registration java.math.BigInteger -&gt; org.hibernate.type.BigIntegerType@3e6104fc
LOG4J23:02:12,202 DEBUG BasicTypeRegistry:146 - Adding type registration java.math.BigInteger -&gt; org.hibernate.type.BigIntegerType@3e6104fc
[HIBERNATE] --&gt; 23:02:12 DEBUG org.hibernate.type.BasicTypeRegistry - Adding type registration string -&gt; org.hibernate.type.StringType@4f3bbf68
LOG4J23:02:12,203 DEBUG BasicTypeRegistry:146 - Adding type registration string -&gt; org.hibernate.type.StringType@4f3bbf68
[HIBERNATE] --&gt; 23:02:12 DEBUG org.hibernate.type.BasicTypeRegistry - Adding type registration java.lang.String -&gt; org.hibernate.type.StringType@4f3bbf68
LOG4J23:02:12,204 DEBUG BasicTypeRegistry:146 - Adding type registration java.lang.String -&gt; org.hibernate.type.StringType@4f3bbf68
[HIBERNATE] --&gt; 23:02:12 DEBUG org.hibernate.type.BasicTypeRegistry - Adding type registration nstring -&gt; org.hibernate.type.StringNVarcharType@2421cc4
LOG4J23:02:12,205 DEBUG BasicTypeRegistry:146 - Adding type registration nstring -&gt; org.hibernate.type.StringNVarcharType@2421cc4
[HIBERNATE] --&gt; 23:02:12 DEBUG org.hibernate.type.BasicTypeRegistry - Adding type registration ncharacter -&gt; org.hibernate.type.CharacterNCharType@58ce9668
LOG4J23:02:12,207 DEBUG BasicTypeRegistry:146 - Adding type registration ncharacter -&gt; org.hibernate.type.CharacterNCharType@58ce9668
[HIBERNATE] --&gt; 23:02:12 DEBUG org.hibernate.type.BasicTypeRegistry - Adding type registration url -&gt; org.hibernate.type.UrlType@1fa1cab1
LOG4J23:02:12,209 DEBUG BasicTypeRegistry:146 - Adding type registration url -&gt; org.hibernate.type.UrlType@1fa1cab1
[HIBERNATE] --&gt; 23:02:12 DEBUG org.hibernate.type.BasicTypeRegistry - Adding type registration java.net.URL -&gt; org.hibernate.type.UrlType@1fa1cab1
LOG4J23:02:12,209 DEBUG BasicTypeRegistry:146 - Adding type registration java.net.URL -&gt; org.hibernate.type.UrlType@1fa1cab1
[HIBERNATE] --&gt; 23:02:12 DEBUG org.hibernate.type.BasicTypeRegistry - Adding type registration date -&gt; org.hibernate.type.DateType@132e0cc
LOG4J23:02:12,213 DEBUG BasicTypeRegistry:146 - Adding type registration date -&gt; org.hibernate.type.DateType@132e0cc
[HIBERNATE] --&gt; 23:02:12 DEBUG org.hibernate.type.BasicTypeRegistry - Adding type registration java.sql.Date -&gt; org.hibernate.type.DateType@132e0cc
LOG4J23:02:12,213 DEBUG BasicTypeRegistry:146 - Adding type registration java.sql.Date -&gt; org.hibernate.type.DateType@132e0cc
[HIBERNATE] --&gt; 23:02:12 DEBUG org.hibernate.type.BasicTypeRegistry - Adding type registration time -&gt; org.hibernate.type.TimeType@26ceffa8
LOG4J23:02:12,216 DEBUG BasicTypeRegistry:146 - Adding type registration time -&gt; org.hibernate.type.TimeType@26ceffa8
[HIBERNATE] --&gt; 23:02:12 DEBUG org.hibernate.type.BasicTypeRegistry - Adding type registration java.sql.Time -&gt; org.hibernate.type.TimeType@26ceffa8
LOG4J23:02:12,216 DEBUG BasicTypeRegistry:146 - Adding type registration java.sql.Time -&gt; org.hibernate.type.TimeType@26ceffa8
[HIBERNATE] --&gt; 23:02:12 DEBUG org.hibernate.type.BasicTypeRegistry - Adding type registration timestamp -&gt; org.hibernate.type.TimestampType@7a55af6b
LOG4J23:02:12,219 DEBUG BasicTypeRegistry:146 - Adding type registration timestamp -&gt; org.hibernate.type.TimestampType@7a55af6b
[HIBERNATE] --&gt; 23:02:12 DEBUG org.hibernate.type.BasicTypeRegistry - Adding type registration java.sql.Timestamp -&gt; org.hibernate.type.TimestampType@7a55af6b
LOG4J23:02:12,219 DEBUG BasicTypeRegistry:146 - Adding type registration java.sql.Timestamp -&gt; org.hibernate.type.TimestampType@7a55af6b
[HIBERNATE] --&gt; 23:02:12 DEBUG org.hibernate.type.BasicTypeRegistry - Adding type registration java.util.Date -&gt; org.hibernate.type.TimestampType@7a55af6b
LOG4J23:02:12,220 DEBUG BasicTypeRegistry:146 - Adding type registration java.util.Date -&gt; org.hibernate.type.TimestampType@7a55af6b
[HIBERNATE] --&gt; 23:02:12 DEBUG org.hibernate.type.BasicTypeRegistry - Adding type registration dbtimestamp -&gt; org.hibernate.type.DbTimestampType@27216cd
LOG4J23:02:12,222 DEBUG BasicTypeRegistry:146 - Adding type registration dbtimestamp -&gt; org.hibernate.type.DbTimestampType@27216cd
[HIBERNATE] --&gt; 23:02:12 DEBUG org.hibernate.type.BasicTypeRegistry - Adding type registration calendar -&gt; org.hibernate.type.CalendarType@6c2c1385
LOG4J23:02:12,224 DEBUG BasicTypeRegistry:146 - Adding type registration calendar -&gt; org.hibernate.type.CalendarType@6c2c1385
[HIBERNATE] --&gt; 23:02:12 DEBUG org.hibernate.type.BasicTypeRegistry - Adding type registration java.util.Calendar -&gt; org.hibernate.type.CalendarType@6c2c1385
LOG4J23:02:12,224 DEBUG BasicTypeRegistry:146 - Adding type registration java.util.Calendar -&gt; org.hibernate.type.CalendarType@6c2c1385
[HIBERNATE] --&gt; 23:02:12 DEBUG org.hibernate.type.BasicTypeRegistry - Adding type registration java.util.GregorianCalendar -&gt; org.hibernate.type.CalendarType@6c2c1385
LOG4J23:02:12,224 DEBUG BasicTypeRegistry:146 - Adding type registration java.util.GregorianCalendar -&gt; org.hibernate.type.CalendarType@6c2c1385
[...]
LOG4J23:02:13,994 DEBUG SharedEntityManagerCreator$SharedEntityManagerInvocationHandler:282 - Creating new EntityManager for shared EntityManager invocation
LOG4J23:02:13,994 DEBUG EntityManagerFactoryUtils:432 - Closing JPA EntityManager
LOG4J23:02:13,995 DEBUG SharedEntityManagerCreator$SharedEntityManagerInvocationHandler:282 - Creating new EntityManager for shared EntityManager invocation
LOG4J23:02:13,995 DEBUG EntityManagerFactoryUtils:432 - Closing JPA EntityManager
LOG4J23:02:13,996 DEBUG JdkDynamicAopProxy:117 - Creating JDK dynamic proxy: target source is org.springframework.data.jpa.repository.support.CrudMethodMetadataPostProcessor$ThreadBoundTargetSource@1f387978
LOG4J23:02:13,996 DEBUG JdkDynamicAopProxy:117 - Creating JDK dynamic proxy: target source is SingletonTargetSource for target object [org.springframework.data.jpa.repository.support.SimpleJpaRepository@7cb2651f]
LOG4J23:02:13,999 DEBUG DefaultListableBeanFactory:247 - Returning cached instance of singleton bean &apos;org.springframework.transaction.config.internalTransactionAdvisor&apos;
LOG4J23:02:13,999 DEBUG DefaultListableBeanFactory:477 - Finished creating instance of bean &apos;mensajesCrudFactory&apos;
LOG4J23:02:13,999 DEBUG DefaultListableBeanFactory:247 - Returning cached instance of singleton bean &apos;calificacionCrudFactory&apos;
LOG4J23:02:13,999 DEBUG DefaultListableBeanFactory:247 - Returning cached instance of singleton bean &apos;noticiasCrudFactory&apos;
LOG4J23:02:13,999 DEBUG DefaultListableBeanFactory:247 - Returning cached instance of singleton bean &apos;eventosCrudFactory&apos;
LOG4J23:02:13,999 DEBUG DefaultListableBeanFactory:247 - Returning cached instance of singleton bean &apos;carrerasCrudFactory&apos;
LOG4J23:02:13,999 DEBUG DefaultListableBeanFactory:221 - Creating shared instance of singleton bean &apos;ubicacionCrudFactory&apos;
LOG4J23:02:13,999 DEBUG DefaultListableBeanFactory:449 - Creating instance of bean &apos;ubicacionCrudFactory&apos;
LOG4J23:02:14,000 DEBUG InjectionMetadata:72 - Registered injected element on class [org.springframework.data.jpa.repository.support.JpaRepositoryFactoryBean]: PersistenceElement for public void org.springframework.data.jpa.repository.support.JpaRepositoryFactoryBean.setEntityManager(javax.persistence.EntityManager)
LOG4J23:02:14,000 DEBUG DefaultListableBeanFactory:523 - Eagerly caching bean &apos;ubicacionCrudFactory&apos; to allow for resolving potential circular references
LOG4J23:02:14,000 DEBUG InjectionMetadata:86 - Processing injected element of bean &apos;ubicacionCrudFactory&apos;: PersistenceElement for public void org.springframework.data.jpa.repository.support.JpaRepositoryFactoryBean.setEntityManager(javax.persistence.EntityManager)
LOG4J23:02:14,000 DEBUG DefaultListableBeanFactory:449 - Creating instance of bean &apos;(inner bean)#3e1624c7&apos;
LOG4J23:02:14,001 DEBUG DefaultListableBeanFactory:449 - Creating instance of bean &apos;(inner bean)#62b969c4&apos;
LOG4J23:02:14,001 DEBUG DefaultListableBeanFactory:1596 - Invoking afterPropertiesSet() on bean with name &apos;(inner bean)#62b969c4&apos;
LOG4J23:02:14,001 DEBUG DefaultListableBeanFactory:247 - Returning cached instance of singleton bean &apos;org.springframework.transaction.config.internalTransactionAdvisor&apos;
LOG4J23:02:14,002 DEBUG DefaultListableBeanFactory:477 - Finished creating instance of bean &apos;(inner bean)#62b969c4&apos;
LOG4J23:02:14,002 DEBUG DefaultListableBeanFactory:247 - Returning cached instance of singleton bean &apos;org.springframework.transaction.config.internalTransactionAdvisor&apos;
LOG4J23:02:14,002 DEBUG DefaultListableBeanFactory:247 - Returning cached instance of singleton bean &apos;org.springframework.transaction.config.internalTransactionAdvisor&apos;
LOG4J23:02:14,003 DEBUG DefaultListableBeanFactory:477 - Finished creating instance of bean &apos;(inner bean)#3e1624c7&apos;
LOG4J23:02:14,003 DEBUG DefaultListableBeanFactory:449 - Creating instance of bean &apos;(inner bean)#47ec7422&apos;
LOG4J23:02:14,003 DEBUG DefaultListableBeanFactory:247 - Returning cached instance of singleton bean &apos;org.springframework.transaction.config.internalTransactionAdvisor&apos;
LOG4J23:02:14,003 DEBUG DefaultListableBeanFactory:477 - Finished creating instance of bean &apos;(inner bean)#47ec7422&apos;
LOG4J23:02:14,004 DEBUG DefaultListableBeanFactory:449 - Creating instance of bean &apos;(inner bean)#48535004&apos;
LOG4J23:02:14,004 DEBUG DefaultListableBeanFactory:247 - Returning cached instance of singleton bean &apos;entityManagerFactory&apos;
LOG4J23:02:14,004 DEBUG DefaultListableBeanFactory:247 - Returning cached instance of singleton bean &apos;org.springframework.transaction.config.internalTransactionAdvisor&apos;
LOG4J23:02:14,005 DEBUG DefaultListableBeanFactory:477 - Finished creating instance of bean &apos;(inner bean)#48535004&apos;
LOG4J23:02:14,005 DEBUG DefaultListableBeanFactory:247 - Returning cached instance of singleton bean &apos;jpaMappingContext&apos;
LOG4J23:02:14,005 DEBUG DefaultListableBeanFactory:1596 - Invoking afterPropertiesSet() on bean with name &apos;ubicacionCrudFactory&apos;
LOG4J23:02:14,005 DEBUG SharedEntityManagerCreator$SharedEntityManagerInvocationHandler:282 - Creating new EntityManager for shared EntityManager invocation
LOG4J23:02:14,006 DEBUG EntityManagerFactoryUtils:432 - Closing JPA EntityManager
LOG4J23:02:14,006 DEBUG SharedEntityManagerCreator$SharedEntityManagerInvocationHandler:282 - Creating new EntityManager for shared EntityManager invocation
LOG4J23:02:14,006 DEBUG EntityManagerFactoryUtils:432 - Closing JPA EntityManager
LOG4J23:02:14,007 DEBUG JdkDynamicAopProxy:117 - Creating JDK dynamic proxy: target source is org.springframework.data.jpa.repository.support.CrudMethodMetadataPostProcessor$ThreadBoundTargetSource@1aa99005
LOG4J23:02:14,007 DEBUG JdkDynamicAopProxy:117 - Creating JDK dynamic proxy: target source is SingletonTargetSource for target object [org.springframework.data.jpa.repository.support.SimpleJpaRepository@592238c5]
LOG4J23:02:14,010 DEBUG DefaultListableBeanFactory:247 - Returning cached instance of singleton bean &apos;org.springframework.transaction.config.internalTransactionAdvisor&apos;
LOG4J23:02:14,010 DEBUG DefaultListableBeanFactory:477 - Finished creating instance of bean &apos;ubicacionCrudFactory&apos;
LOG4J23:02:14,010 DEBUG DefaultListableBeanFactory:247 - Returning cached instance of singleton bean &apos;interesesCrudFactory&apos;
LOG4J23:02:14,010 DEBUG DefaultListableBeanFactory:247 - Returning cached instance of singleton bean &apos;dataSource&apos;
LOG4J23:02:14,010 DEBUG DefaultListableBeanFactory:247 - Returning cached instance of singleton bean &apos;jpaVendorAdapter&apos;
LOG4J23:02:14,010 DEBUG DefaultListableBeanFactory:247 - Returning cached instance of singleton bean &apos;entityManagerFactory&apos;
LOG4J23:02:14,010 DEBUG DefaultListableBeanFactory:221 - Creating shared instance of singleton bean &apos;transactionManager&apos;
LOG4J23:02:14,010 DEBUG DefaultListableBeanFactory:449 - Creating instance of bean &apos;transactionManager&apos;
LOG4J23:02:14,016 DEBUG DefaultListableBeanFactory:523 - Eagerly caching bean &apos;transactionManager&apos; to allow for resolving potential circular references
LOG4J23:02:14,019 DEBUG DefaultListableBeanFactory:247 - Returning cached instance of singleton bean &apos;entityManagerFactory&apos;
LOG4J23:02:14,019 DEBUG DefaultListableBeanFactory:1596 - Invoking afterPropertiesSet() on bean with name &apos;transactionManager&apos;
LOG4J23:02:14,020 DEBUG DefaultListableBeanFactory:247 - Returning cached instance of singleton bean &apos;org.springframework.transaction.config.internalTransactionAdvisor&apos;
LOG4J23:02:14,020 DEBUG DefaultListableBeanFactory:477 - Finished creating instance of bean &apos;transactionManager&apos;
LOG4J23:02:14,020 DEBUG DefaultListableBeanFactory:247 - Returning cached instance of singleton bean &apos;org.springframework.aop.config.internalAutoProxyCreator&apos;
LOG4J23:02:14,020 DEBUG DefaultListableBeanFactory:247 - Returning cached instance of singleton bean &apos;org.springframework.transaction.annotation.AnnotationTransactionAttributeSource#0&apos;
LOG4J23:02:14,021 DEBUG DefaultListableBeanFactory:221 - Creating shared instance of singleton bean &apos;org.springframework.transaction.interceptor.TransactionInterceptor#0&apos;
LOG4J23:02:14,021 DEBUG DefaultListableBeanFactory:449 - Creating instance of bean &apos;org.springframework.transaction.interceptor.TransactionInterceptor#0&apos;
LOG4J23:02:14,022 DEBUG DefaultListableBeanFactory:523 - Eagerly caching bean &apos;org.springframework.transaction.interceptor.TransactionInterceptor#0&apos; to allow for resolving potential circular references
LOG4J23:02:14,024 DEBUG DefaultListableBeanFactory:247 - Returning cached instance of singleton bean &apos;org.springframework.transaction.annotation.AnnotationTransactionAttributeSource#0&apos;
LOG4J23:02:14,024 DEBUG DefaultListableBeanFactory:1596 - Invoking afterPropertiesSet() on bean with name &apos;org.springframework.transaction.interceptor.TransactionInterceptor#0&apos;
LOG4J23:02:14,024 DEBUG DefaultListableBeanFactory:477 - Finished creating instance of bean &apos;org.springframework.transaction.interceptor.TransactionInterceptor#0&apos;
LOG4J23:02:14,025 DEBUG DefaultListableBeanFactory:247 - Returning cached instance of singleton bean &apos;org.springframework.transaction.config.internalTransactionAdvisor&apos;
LOG4J23:02:14,025 DEBUG DefaultListableBeanFactory:247 - Returning cached instance of singleton bean &apos;org.springframework.context.annotation.ConfigurationClassPostProcessor.importAwareProcessor&apos;
LOG4J23:02:14,025 DEBUG DefaultListableBeanFactory:247 - Returning cached instance of singleton bean &apos;org.springframework.context.annotation.ConfigurationClassPostProcessor.enhancedConfigurationProcessor&apos;
LOG4J23:02:14,025 DEBUG DefaultListableBeanFactory:221 - Creating shared instance of singleton bean &apos;org.springframework.orm.jpa.SharedEntityManagerCreator#0&apos;
LOG4J23:02:14,025 DEBUG DefaultListableBeanFactory:449 - Creating instance of bean &apos;org.springframework.orm.jpa.SharedEntityManagerCreator#0&apos;
LOG4J23:02:14,025 DEBUG DefaultListableBeanFactory:247 - Returning cached instance of singleton bean &apos;entityManagerFactory&apos;
LOG4J23:02:14,026 DEBUG DefaultListableBeanFactory:523 - Eagerly caching bean &apos;org.springframework.orm.jpa.SharedEntityManagerCreator#0&apos; to allow for resolving potential circular references
LOG4J23:02:14,026 DEBUG DefaultListableBeanFactory:247 - Returning cached instance of singleton bean &apos;org.springframework.transaction.config.internalTransactionAdvisor&apos;
LOG4J23:02:14,026 DEBUG DefaultListableBeanFactory:477 - Finished creating instance of bean &apos;org.springframework.orm.jpa.SharedEntityManagerCreator#0&apos;
LOG4J23:02:14,027 DEBUG GenericApplicationContext:702 - Unable to locate LifecycleProcessor with name &apos;lifecycleProcessor&apos;: using default [org.springframework.context.support.DefaultLifecycleProcessor@59496961]
LOG4J23:02:14,028 DEBUG DefaultListableBeanFactory:247 - Returning cached instance of singleton bean &apos;lifecycleProcessor&apos;
LOG4J23:02:14,029 DEBUG PropertySourcesPropertyResolver:81 - Searching for key &apos;spring.liveBeansView.mbeanDomain&apos; in [systemProperties]
LOG4J23:02:14,029 DEBUG PropertySourcesPropertyResolver:81 - Searching for key &apos;spring.liveBeansView.mbeanDomain&apos; in [systemEnvironment]
LOG4J23:02:14,030 DEBUG PropertySourcesPropertyResolver:103 - Could not find key &apos;spring.liveBeansView.mbeanDomain&apos; in any property source. Returning [null]
LOG4J23:02:14,030 DEBUG CacheAwareContextLoaderDelegate:97 - Storing ApplicationContext in cache under key [[MergedContextConfiguration@46d56d67 testClass = pruebas, locations = &apos;{classpath:applicationContextH2.xml}&apos;, classes = &apos;{}&apos;, contextInitializerClasses = &apos;[]&apos;, activeProfiles = &apos;{}&apos;, contextLoader = &apos;org.springframework.test.context.support.DelegatingSmartContextLoader&apos;, parent = [null]]]
LOG4J23:02:14,030 DEBUG cache:114 - Spring test ApplicationContext cache statistics: [ContextCache@3f29e26 size = 1, hitCount = 0, missCount = 1, parentContextCount = 0]
LOG4J23:02:14,031 DEBUG InjectionMetadata:86 - Processing injected element of bean &apos;pruebas&apos;: AutowiredFieldElement for com.tservice.facade.facade pruebas.l
LOG4J23:02:14,032 DEBUG DefaultListableBeanFactory:247 - Returning cached instance of singleton bean &apos;facade&apos;
LOG4J23:02:14,032 DEBUG AutowiredAnnotationBeanPostProcessor:441 - Autowiring by type from bean name &apos;pruebas&apos; to bean named &apos;facade&apos;
LOG4J23:02:14,032 DEBUG DefaultListableBeanFactory:247 - Returning cached instance of singleton bean &apos;org.springframework.transaction.config.internalTransactionAdvisor&apos;
LOG4J23:02:14,041 DEBUG TransactionalRepositoryProxyPostProcessor$CustomAnnotationTransactionAttributeSource:299 - Adding transactional method &apos;findOne&apos; with attribute: PROPAGATION_REQUIRED,ISOLATION_DEFAULT,readOnly; &apos;&apos;
LOG4J23:02:14,041 DEBUG DefaultListableBeanFactory:247 - Returning cached instance of singleton bean &apos;transactionManager&apos;
LOG4J23:02:14,043 DEBUG JpaTransactionManager:367 - Creating new transaction with name [org.springframework.data.jpa.repository.support.SimpleJpaRepository.findOne]: PROPAGATION_REQUIRED,ISOLATION_DEFAULT,readOnly; &apos;&apos;
LOG4J23:02:14,043 DEBUG JpaTransactionManager:371 - Opened new EntityManager [org.hibernate.jpa.internal.EntityManagerImpl@238acd0b] for JPA transaction
LOG4J23:02:14,045 DEBUG SimpleDriverDataSource:138 - Creating new JDBC Driver Connection to [jdbc:h2:mem:dataSource;DB_CLOSE_DELAY=-1;DB_CLOSE_ON_EXIT=false]
LOG4J23:02:14,047 DEBUG JpaTransactionManager:403 - Exposing JPA transaction as JDBC transaction [org.springframework.orm.jpa.vendor.HibernateJpaDialect$HibernateConnectionHandle@692fd26]
LOG4J23:02:14,048 DEBUG CrudMethodMetadataPostProcessor$ThreadBoundTargetSource:85 - Initializing lazy target object
[HIBERNATE] --&gt; 23:02:14 DEBUG org.hibernate.SQL - select usuarios0_.identificacion as identifi1_11_0_, usuarios0_.carne as carne2_11_0_, usuarios0_.email as email3_11_0_, usuarios0_.identificaciongoogle as identifi4_11_0_, usuarios0_.nombre as nombre5_11_0_, usuarios0_.password as password6_11_0_, usuarios0_.perfil as perfil7_11_0_, usuarios0_.semestre as semestre8_11_0_, gruposes_1x1_.usuarios_carne as usuarios2_11_1_, grupos2_.id as grupos_i1_12_1_, grupos2_.id as id1_5_2_, grupos2_.estado as estado2_5_2_, grupos2_.fechacreacion as fechacre3_5_2_, grupos2_.nombre as nombre4_5_2_, grupos2_.tipoprivado as tipopriv5_5_2_, grupos2_.administrador as administ6_5_2_, materiases3_.usuarios_identificacion as usuarios1_11_3_, materias4_.id as materias2_13_3_, materias4_.id as id1_7_4_, materias4_.grupo as grupo2_7_4_, materias4_.padre as padre5_7_4_, materias4_.memonico as memonico3_7_4_, materias4_.nombre as nombre4_7_4_ from usuarios usuarios0_ left outer join usuarios_has_grupos gruposes_1x1_ on usuarios0_.identificacion=gruposes_1x1_.usuarios_carne left outer join grupos grupos2_ on gruposes_1x1_.grupos_id=grupos2_.id left outer join usuarios_has_materias materiases3_ on usuarios0_.identificacion=materiases3_.usuarios_identificacion left outer join materias materias4_ on materiases3_.materias_id=materias4_.id where usuarios0_.identificacion=?
LOG4J23:02:14,055 DEBUG SQL:109 - select usuarios0_.identificacion as identifi1_11_0_, usuarios0_.carne as carne2_11_0_, usuarios0_.email as email3_11_0_, usuarios0_.identificaciongoogle as identifi4_11_0_, usuarios0_.nombre as nombre5_11_0_, usuarios0_.password as password6_11_0_, usuarios0_.perfil as perfil7_11_0_, usuarios0_.semestre as semestre8_11_0_, gruposes_1x1_.usuarios_carne as usuarios2_11_1_, grupos2_.id as grupos_i1_12_1_, grupos2_.id as id1_5_2_, grupos2_.estado as estado2_5_2_, grupos2_.fechacreacion as fechacre3_5_2_, grupos2_.nombre as nombre4_5_2_, grupos2_.tipoprivado as tipopriv5_5_2_, grupos2_.administrador as administ6_5_2_, materiases3_.usuarios_identificacion as usuarios1_11_3_, materias4_.id as materias2_13_3_, materias4_.id as id1_7_4_, materias4_.grupo as grupo2_7_4_, materias4_.padre as padre5_7_4_, materias4_.memonico as memonico3_7_4_, materias4_.nombre as nombre4_7_4_ from usuarios usuarios0_ left outer join usuarios_has_grupos gruposes_1x1_ on usuarios0_.identificacion=gruposes_1x1_.usuarios_carne left outer join grupos grupos2_ on gruposes_1x1_.grupos_id=grupos2_.id left outer join usuarios_has_materias materiases3_ on usuarios0_.identificacion=materiases3_.usuarios_identificacion left outer join materias materias4_ on materiases3_.materias_id=materias4_.id where usuarios0_.identificacion=?
Hibernate: select usuarios0_.identificacion as identifi1_11_0_, usuarios0_.carne as carne2_11_0_, usuarios0_.email as email3_11_0_, usuarios0_.identificaciongoogle as identifi4_11_0_, usuarios0_.nombre as nombre5_11_0_, usuarios0_.password as password6_11_0_, usuarios0_.perfil as perfil7_11_0_, usuarios0_.semestre as semestre8_11_0_, gruposes_1x1_.usuarios_carne as usuarios2_11_1_, grupos2_.id as grupos_i1_12_1_, grupos2_.id as id1_5_2_, grupos2_.estado as estado2_5_2_, grupos2_.fechacreacion as fechacre3_5_2_, grupos2_.nombre as nombre4_5_2_, grupos2_.tipoprivado as tipopriv5_5_2_, grupos2_.administrador as administ6_5_2_, materiases3_.usuarios_identificacion as usuarios1_11_3_, materias4_.id as materias2_13_3_, materias4_.id as id1_7_4_, materias4_.grupo as grupo2_7_4_, materias4_.padre as padre5_7_4_, materias4_.memonico as memonico3_7_4_, materias4_.nombre as nombre4_7_4_ from usuarios usuarios0_ left outer join usuarios_has_grupos gruposes_1x1_ on usuarios0_.identificacion=gruposes_1x1_.usuarios_carne left outer join grupos grupos2_ on gruposes_1x1_.grupos_id=grupos2_.id left outer join usuarios_has_materias materiases3_ on usuarios0_.identificacion=materiases3_.usuarios_identificacion left outer join materias materias4_ on materiases3_.materias_id=materias4_.id where usuarios0_.identificacion=?
[HIBERNATE] --&gt; 23:02:14 TRACE org.hibernate.type.descriptor.sql.BasicBinder - binding parameter [1] as [VARCHAR] - [1]
LOG4J23:02:14,059 TRACE BasicBinder:81 - binding parameter [1] as [VARCHAR] - [1]
LOG4J23:02:14,067 DEBUG JpaTransactionManager:755 - Initiating transaction commit
LOG4J23:02:14,067 DEBUG JpaTransactionManager:512 - Committing JPA transaction on EntityManager [org.hibernate.jpa.internal.EntityManagerImpl@238acd0b]
LOG4J23:02:14,068 DEBUG JpaTransactionManager:600 - Closing JPA EntityManager [org.hibernate.jpa.internal.EntityManagerImpl@238acd0b] after transaction
LOG4J23:02:14,068 DEBUG EntityManagerFactoryUtils:432 - Closing JPA EntityManager
LOG4J23:02:14,070 DEBUG DirtiesContextTestExecutionListener:94 - After test method: context [DefaultTestContext@224edc67 testClass = pruebas, testInstance = pruebas@14acaea5, testMethod = hello@pruebas, testException = com.tservice.exceptions.servergcmExceptions: El usuario identificado con identificación N° 1 no se encuentra registrado, mergedContextConfiguration = [MergedContextConfiguration@46d56d67 testClass = pruebas, locations = &apos;{classpath:applicationContextH2.xml}&apos;, classes = &apos;{}&apos;, contextInitializerClasses = &apos;[]&apos;, activeProfiles = &apos;{}&apos;, contextLoader = &apos;org.springframework.test.context.support.DelegatingSmartContextLoader&apos;, parent = [null]]], class dirties context [false], class mode [null], method dirties context [false].
</system-out>
    <system-err>log4j:ERROR Could not find value for key log4j.appender.DEBUG
log4j:ERROR Could not instantiate appender named &quot;DEBUG&quot;.
</system-err>
  </testcase>
</testsuite>