<?xml version="1.0" encoding="UTF-8" ?>
<testsuite tests="7" failures="0" name="TestOferta" time="9.584" errors="0" skipped="0">
  <properties>
[...]
</properties>
  <testcase classname="TestOferta" name="testAgregarOferta" time="6.152"/>
  <testcase classname="TestOferta" name="testModificarOferta" time="0.576"/>
  <testcase classname="TestOferta" name="testAplicarAUnaOferta" time="1.876"/>
  <testcase classname="TestOferta" name="testAgregarOfertaACategoria" time="0.005"/>
  <testcase classname="TestOferta" name="testAgregarSinLicenciaOferta" time="0.187"/>
  <testcase classname="TestOferta" name="testSeleccionarEmpleadoAUnaOferta" time="0.331"/>
  <testcase classname="TestOferta" name="TestRapido" time="0.005"/>
</testsuite>