<?xml version="1.0" encoding="UTF-8" ?>
<testsuite tests="1" failures="0" name="pruebas" time="29.376" errors="1" skipped="0">
  <properties>
[...]
</properties>
  <testcase classname="pruebas" name="hello" time="28.912">
    <error message="could not prepare statement; nested exception is org.hibernate.exception.GenericJDBCException: could not prepare statement" type="org.springframework.orm.jpa.JpaSystemException">org.springframework.orm.jpa.JpaSystemException: could not prepare statement; nested exception is org.hibernate.exception.GenericJDBCException: could not prepare statement
	at org.springframework.orm.jpa.vendor.HibernateJpaDialect.convertHibernateAccessException(HibernateJpaDialect.java:244)
	at org.springframework.orm.jpa.vendor.HibernateJpaDialect.translateExceptionIfPossible(HibernateJpaDialect.java:155)
	at org.springframework.orm.jpa.AbstractEntityManagerFactoryBean.translateExceptionIfPossible(AbstractEntityManagerFactoryBean.java:417)
	at org.springframework.dao.support.ChainedPersistenceExceptionTranslator.translateExceptionIfPossible(ChainedPersistenceExceptionTranslator.java:59)
	at org.springframework.dao.support.DataAccessUtils.translateIfNecessary(DataAccessUtils.java:213)
	at org.springframework.dao.support.PersistenceExceptionTranslationInterceptor.invoke(PersistenceExceptionTranslationInterceptor.java:147)
	at org.springframework.aop.framework.ReflectiveMethodInvocation.proceed(ReflectiveMethodInvocation.java:179)
	at org.springframework.data.jpa.repository.support.CrudMethodMetadataPostProcessor$CrudMethodMetadataPopulatingMethodIntercceptor.invoke(CrudMethodMetadataPostProcessor.java:122)
	at org.springframework.aop.framework.ReflectiveMethodInvocation.proceed(ReflectiveMethodInvocation.java:179)
	at org.springframework.aop.interceptor.ExposeInvocationInterceptor.invoke(ExposeInvocationInterceptor.java:92)
	at org.springframework.aop.framework.ReflectiveMethodInvocation.proceed(ReflectiveMethodInvocation.java:179)
	at org.springframework.aop.framework.JdkDynamicAopProxy.invoke(JdkDynamicAopProxy.java:207)
	at com.sun.proxy.$Proxy35.findOne(Unknown Source)
	at com.tservice.facade.facade.Registro(facade.java:38)
	at pruebas.hello(pruebas.java:46)
	at sun.reflect.NativeMethodAccessorImpl.invoke0(Native Method)
	at sun.reflect.NativeMethodAccessorImpl.invoke(NativeMethodAccessorImpl.java:62)
	at sun.reflect.DelegatingMethodAccessorImpl.invoke(DelegatingMethodAccessorImpl.java:43)
	at java.lang.reflect.Method.invoke(Method.java:497)
	at org.junit.runners.model.FrameworkMethod$1.runReflectiveCall(FrameworkMethod.java:45)
	at org.junit.internal.runners.model.ReflectiveCallable.run(ReflectiveCallable.java:15)
	at org.junit.runners.model.FrameworkMethod.invokeExplosively(FrameworkMethod.java:42)
	at org.junit.internal.runners.statements.InvokeMethod.evaluate(InvokeMethod.java:20)
	at org.springframework.test.context.junit4.statements.RunBeforeTestMethodCallbacks.evaluate(RunBeforeTestMethodCallbacks.java:74)
	at org.springframework.test.context.junit4.statements.RunAfterTestMethodCallbacks.evaluate(RunAfterTestMethodCallbacks.java:83)
	at org.springframework.test.context.junit4.statements.SpringRepeat.evaluate(SpringRepeat.java:72)
	at org.springframework.test.context.junit4.SpringJUnit4ClassRunner.runChild(SpringJUnit4ClassRunner.java:233)
	at org.springframework.test.context.junit4.SpringJUnit4ClassRunner.runChild(SpringJUnit4ClassRunner.java:87)
	at org.junit.runners.ParentRunner$3.run(ParentRunner.java:231)
	at org.junit.runners.ParentRunner$1.schedule(ParentRunner.java:60)
	at org.junit.runners.ParentRunner.runChildren(ParentRunner.java:229)
	at org.junit.runners.ParentRunner.access$000(ParentRunner.java:50)
	at org.junit.runners.ParentRunner$2.evaluate(ParentRunner.java:222)
	at org.springframework.test.context.junit4.statements.RunBeforeTestClassCallbacks.evaluate(RunBeforeTestClassCallbacks.java:61)
	at org.springframework.test.context.junit4.statements.RunAfterTestClassCallbacks.evaluate(RunAfterTestClassCallbacks.java:71)
	at org.junit.runners.ParentRunner.run(ParentRunner.java:300)
	at org.springframework.test.context.junit4.SpringJUnit4ClassRunner.run(SpringJUnit4ClassRunner.java:176)
	at org.apache.maven.surefire.junit4.JUnit4TestSet.execute(JUnit4TestSet.java:45)
	at org.apache.maven.surefire.junit4.JUnit4Provider.executeTestSet(JUnit4Provider.java:123)
	at org.apache.maven.surefire.junit4.JUnit4Provider.invoke(JUnit4Provider.java:104)
	at sun.reflect.NativeMethodAccessorImpl.invoke0(Native Method)
	at sun.reflect.NativeMethodAccessorImpl.invoke(NativeMethodAccessorImpl.java:62)
	at sun.reflect.DelegatingMethodAccessorImpl.invoke(DelegatingMethodAccessorImpl.java:43)
	at java.lang.reflect.Method.invoke(Method.java:497)
	at org.apache.maven.surefire.util.ReflectionUtils.invokeMethodWithArray(ReflectionUtils.java:164)
	at org.apache.maven.surefire.booter.ProviderFactory$ProviderProxy.invoke(ProviderFactory.java:110)
	at org.apache.maven.surefire.booter.SurefireStarter.invokeProvider(SurefireStarter.java:175)
	at org.apache.maven.surefire.booter.SurefireStarter.runSuitesInProcessWhenForked(SurefireStarter.java:107)
	at org.apache.maven.surefire.booter.ForkedBooter.main(ForkedBooter.java:68)
Caused by: org.hibernate.exception.GenericJDBCException: could not prepare statement
	at org.hibernate.exception.internal.StandardSQLExceptionConverter.convert(StandardSQLExceptionConverter.java:54)
	at org.hibernate.engine.jdbc.spi.SqlExceptionHelper.convert(SqlExceptionHelper.java:126)
	at org.hibernate.engine.jdbc.internal.StatementPreparerImpl$StatementPreparationTemplate.prepareStatement(StatementPreparerImpl.java:196)
	at org.hibernate.engine.jdbc.internal.StatementPreparerImpl.prepareQueryStatement(StatementPreparerImpl.java:160)
	at org.hibernate.loader.plan.exec.internal.AbstractLoadPlanBasedLoader.prepareQueryStatement(AbstractLoadPlanBasedLoader.java:257)
	at org.hibernate.loader.plan.exec.internal.AbstractLoadPlanBasedLoader.executeQueryStatement(AbstractLoadPlanBasedLoader.java:201)
	at org.hibernate.loader.plan.exec.internal.AbstractLoadPlanBasedLoader.executeLoad(AbstractLoadPlanBasedLoader.java:137)
	at org.hibernate.loader.plan.exec.internal.AbstractLoadPlanBasedLoader.executeLoad(AbstractLoadPlanBasedLoader.java:102)
	at org.hibernate.loader.entity.plan.AbstractLoadPlanBasedEntityLoader.load(AbstractLoadPlanBasedEntityLoader.java:186)
	at org.hibernate.persister.entity.AbstractEntityPersister.load(AbstractEntityPersister.java:4126)
	at org.hibernate.event.internal.DefaultLoadEventListener.loadFromDatasource(DefaultLoadEventListener.java:503)
	at org.hibernate.event.internal.DefaultLoadEventListener.doLoad(DefaultLoadEventListener.java:468)
	at org.hibernate.event.internal.DefaultLoadEventListener.load(DefaultLoadEventListener.java:213)
	at org.hibernate.event.internal.DefaultLoadEventListener.proxyOrLoad(DefaultLoadEventListener.java:275)
	at org.hibernate.event.internal.DefaultLoadEventListener.onLoad(DefaultLoadEventListener.java:151)
	at org.hibernate.internal.SessionImpl.fireLoad(SessionImpl.java:1070)
	at org.hibernate.internal.SessionImpl.access$2000(SessionImpl.java:176)
	at org.hibernate.internal.SessionImpl$IdentifierLoadAccessImpl.load(SessionImpl.java:2551)
	at org.hibernate.internal.SessionImpl.get(SessionImpl.java:955)
	at org.hibernate.jpa.spi.AbstractEntityManagerImpl.find(AbstractEntityManagerImpl.java:1110)
	at org.hibernate.jpa.spi.AbstractEntityManagerImpl.find(AbstractEntityManagerImpl.java:1074)
	at sun.reflect.NativeMethodAccessorImpl.invoke0(Native Method)
	at sun.reflect.NativeMethodAccessorImpl.invoke(NativeMethodAccessorImpl.java:62)
	at sun.reflect.DelegatingMethodAccessorImpl.invoke(DelegatingMethodAccessorImpl.java:43)
	at java.lang.reflect.Method.invoke(Method.java:497)
	at org.springframework.orm.jpa.SharedEntityManagerCreator$SharedEntityManagerInvocationHandler.invoke(SharedEntityManagerCreator.java:291)
	at com.sun.proxy.$Proxy31.find(Unknown Source)
	at org.springframework.data.jpa.repository.support.SimpleJpaRepository.findOne(SimpleJpaRepository.java:229)
	at sun.reflect.NativeMethodAccessorImpl.invoke0(Native Method)
	at sun.reflect.NativeMethodAccessorImpl.invoke(NativeMethodAccessorImpl.java:62)
	at sun.reflect.DelegatingMethodAccessorImpl.invoke(DelegatingMethodAccessorImpl.java:43)
	at java.lang.reflect.Method.invoke(Method.java:497)
	at org.springframework.data.repository.core.support.RepositoryFactorySupport$QueryExecutorMethodInterceptor.executeMethodOn(RepositoryFactorySupport.java:416)
	at org.springframework.data.repository.core.support.RepositoryFactorySupport$QueryExecutorMethodInterceptor.doInvoke(RepositoryFactorySupport.java:401)
	at org.springframework.data.repository.core.support.RepositoryFactorySupport$QueryExecutorMethodInterceptor.invoke(RepositoryFactorySupport.java:373)
	at org.springframework.aop.framework.ReflectiveMethodInvocation.proceed(ReflectiveMethodInvocation.java:179)
	at org.springframework.data.repository.core.support.RepositoryFactorySupport$DefaultMethodInvokingMethodInterceptor.invoke(RepositoryFactorySupport.java:486)
	at org.springframework.aop.framework.ReflectiveMethodInvocation.proceed(ReflectiveMethodInvocation.java:179)
	at org.springframework.transaction.interceptor.TransactionInterceptor$1.proceedWithInvocation(TransactionInterceptor.java:98)
	at org.springframework.transaction.interceptor.TransactionAspectSupport.invokeWithinTransaction(TransactionAspectSupport.java:262)
	at org.springframework.transaction.interceptor.TransactionInterceptor.invoke(TransactionInterceptor.java:95)
	at org.springframework.aop.framework.ReflectiveMethodInvocation.proceed(ReflectiveMethodInvocation.java:179)
	at org.springframework.dao.support.PersistenceExceptionTranslationInterceptor.invoke(PersistenceExceptionTranslationInterceptor.java:136)
	... 43 more
Caused by: org.h2.jdbc.JdbcSQLException: Schema &quot;COSWG2&quot; no encontrado
Schema &quot;COSWG2&quot; not found; SQL statement:
select carreras0_.id as id1_2_0_, carreras0_.nombre as nombre2_2_0_ from coswg2.carreras carreras0_ where carreras0_.id=? [90079-184]
	at org.h2.message.DbException.getJdbcSQLException(DbException.java:345)
	at org.h2.message.DbException.get(DbException.java:179)
	at org.h2.message.DbException.get(DbException.java:155)
	at org.h2.command.Parser.getSchema(Parser.java:656)
	at org.h2.command.Parser.getSchema(Parser.java:663)
	at org.h2.command.Parser.readTableFilter(Parser.java:1193)
	at org.h2.command.Parser.parseSelectSimpleFromPart(Parser.java:1866)
	at org.h2.command.Parser.parseSelectSimple(Parser.java:1975)
	at org.h2.command.Parser.parseSelectSub(Parser.java:1860)
	at org.h2.command.Parser.parseSelectUnion(Parser.java:1681)
	at org.h2.command.Parser.parseSelect(Parser.java:1669)
	at org.h2.command.Parser.parsePrepared(Parser.java:433)
	at org.h2.command.Parser.parse(Parser.java:305)
	at org.h2.command.Parser.parse(Parser.java:277)
	at org.h2.command.Parser.prepareCommand(Parser.java:242)
	at org.h2.engine.Session.prepareLocal(Session.java:446)
	at org.h2.engine.Session.prepareCommand(Session.java:388)
	at org.h2.jdbc.JdbcConnection.prepareCommand(JdbcConnection.java:1189)
	at org.h2.jdbc.JdbcPreparedStatement.&lt;init&gt;(JdbcPreparedStatement.java:72)
	at org.h2.jdbc.JdbcConnection.prepareStatement(JdbcConnection.java:277)
	at org.hibernate.engine.jdbc.internal.StatementPreparerImpl$5.doPrepare(StatementPreparerImpl.java:162)
	at org.hibernate.engine.jdbc.internal.StatementPreparerImpl$StatementPreparationTemplate.prepareStatement(StatementPreparerImpl.java:186)
	... 83 more
</error>
    <system-out>LOG4J20:17:23,466 DEBUG SpringJUnit4ClassRunner:105 - SpringJUnit4ClassRunner constructor called with [class pruebas].
LOG4J20:17:23,555 DEBUG AbstractDelegatingSmartContextLoader:90 - Delegating to GenericXmlContextLoader to process context configuration [ContextConfigurationAttributes@971d0d8 declaringClass = &apos;pruebas&apos;, classes = &apos;{}&apos;, locations = &apos;{classpath:applicationContextH2.xml}&apos;, inheritLocations = true, initializers = &apos;{}&apos;, inheritInitializers = true, name = [null], contextLoaderClass = &apos;org.springframework.test.context.ContextLoader&apos;].
LOG4J20:17:23,560 DEBUG ContextLoaderUtils:502 - Could not find an &apos;annotation declaring class&apos; for annotation type [org.springframework.test.context.ActiveProfiles] and class [pruebas]
LOG4J20:17:23,567 DEBUG TestContextManager:190 - @TestExecutionListeners is not present for class [pruebas]: using defaults.
LOG4J20:17:23,600 DEBUG ProfileValueUtils:70 - Retrieved @ProfileValueSourceConfiguration [null] for test class [pruebas]
LOG4J20:17:23,601 DEBUG ProfileValueUtils:82 - Retrieved ProfileValueSource type [class org.springframework.test.annotation.SystemProfileValueSource] for class [pruebas]
LOG4J20:17:23,603 DEBUG ProfileValueUtils:70 - Retrieved @ProfileValueSourceConfiguration [null] for test class [pruebas]
LOG4J20:17:23,603 DEBUG ProfileValueUtils:82 - Retrieved ProfileValueSource type [class org.springframework.test.annotation.SystemProfileValueSource] for class [pruebas]
LOG4J20:17:23,606 DEBUG ProfileValueUtils:70 - Retrieved @ProfileValueSourceConfiguration [null] for test class [pruebas]
LOG4J20:17:23,607 DEBUG ProfileValueUtils:82 - Retrieved ProfileValueSource type [class org.springframework.test.annotation.SystemProfileValueSource] for class [pruebas]
LOG4J20:17:23,611 DEBUG DependencyInjectionTestExecutionListener:73 - Performing dependency injection for test context [[DefaultTestContext@4f638935 testClass = pruebas, testInstance = pruebas@4387b79e, testMethod = [null], testException = [null], mergedContextConfiguration = [MergedContextConfiguration@6e75aa0d testClass = pruebas, locations = &apos;{classpath:applicationContextH2.xml}&apos;, classes = &apos;{}&apos;, contextInitializerClasses = &apos;[]&apos;, activeProfiles = &apos;{}&apos;, contextLoader = &apos;org.springframework.test.context.support.DelegatingSmartContextLoader&apos;, parent = [null]]]].
LOG4J20:17:23,612 DEBUG AbstractDelegatingSmartContextLoader:100 - Delegating to GenericXmlContextLoader to load context from [MergedContextConfiguration@6e75aa0d testClass = pruebas, locations = &apos;{classpath:applicationContextH2.xml}&apos;, classes = &apos;{}&apos;, contextInitializerClasses = &apos;[]&apos;, activeProfiles = &apos;{}&apos;, contextLoader = &apos;org.springframework.test.context.support.DelegatingSmartContextLoader&apos;, parent = [null]].
LOG4J20:17:23,612 DEBUG AbstractGenericContextLoader:107 - Loading ApplicationContext for merged context configuration [[MergedContextConfiguration@6e75aa0d testClass = pruebas, locations = &apos;{classpath:applicationContextH2.xml}&apos;, classes = &apos;{}&apos;, contextInitializerClasses = &apos;[]&apos;, activeProfiles = &apos;{}&apos;, contextLoader = &apos;org.springframework.test.context.support.DelegatingSmartContextLoader&apos;, parent = [null]]].
LOG4J20:17:23,750 DEBUG StandardEnvironment:109 - Adding [systemProperties] PropertySource with lowest search precedence
LOG4J20:17:23,754 DEBUG StandardEnvironment:109 - Adding [systemEnvironment] PropertySource with lowest search precedence
LOG4J20:17:23,755 DEBUG StandardEnvironment:126 - Initialized StandardEnvironment with PropertySources [systemProperties,systemEnvironment]
LOG4J20:17:23,778  INFO XmlBeanDefinitionReader:317 - Loading XML bean definitions from class path resource [applicationContextH2.xml]
LOG4J20:17:23,813 DEBUG DefaultDocumentLoader:73 - Using JAXP provider [com.sun.org.apache.xerces.internal.jaxp.DocumentBuilderFactoryImpl]
LOG4J20:17:23,861 DEBUG PluggableSchemaResolver:141 - Loading schema mappings from [META-INF/spring.schemas]
LOG4J20:17:23,877 DEBUG PluggableSchemaResolver:147 - Loaded schema mappings: {http://www.springframework.org/schema/tx/spring-tx-2.5.xsd=org/springframework/transaction/config/spring-tx-2.5.xsd, http://www.springframework.org/schema/context/spring-context-3.1.xsd=org/springframework/context/config/spring-context-3.1.xsd, http://www.springframework.org/schema/data/repository/spring-repository-1.4.xsd=org/springframework/data/repository/config/spring-repository-1.4.xsd, http://www.springframework.org/schema/util/spring-util-3.0.xsd=org/springframework/beans/factory/xml/spring-util-3.0.xsd, http://www.springframework.org/schema/data/jpa/spring-jpa.xsd=org/springframework/data/jpa/repository/config/spring-jpa-1.3.xsd, http://www.springframework.org/schema/tool/spring-tool.xsd=org/springframework/beans/factory/xml/spring-tool-4.0.xsd, http://www.springframework.org/schema/aop/spring-aop-3.2.xsd=org/springframework/aop/config/spring-aop-3.2.xsd, http://www.springframework.org/schema/context/spring-context-4.0.xsd=org/springframework/context/config/spring-context-4.0.xsd, http://www.springframework.org/schema/mvc/spring-mvc-3.2.xsd=org/springframework/web/servlet/config/spring-mvc-3.2.xsd, http://www.springframework.org/schema/lang/spring-lang-3.2.xsd=org/springframework/scripting/config/spring-lang-3.2.xsd, http://www.springframework.org/schema/cache/spring-cache-3.2.xsd=org/springframework/cache/config/spring-cache-3.2.xsd, http://www.springframework.org/schema/jdbc/spring-jdbc-3.1.xsd=org/springframework/jdbc/config/spring-jdbc-3.1.xsd, http://www.springframework.org/schema/util/spring-util-2.0.xsd=org/springframework/beans/factory/xml/spring-util-2.0.xsd, http://www.springframework.org/schema/tool/spring-tool-3.2.xsd=org/springframework/beans/factory/xml/spring-tool-3.2.xsd, http://www.springframework.org/schema/context/spring-context.xsd=org/springframework/context/config/spring-context-4.0.xsd, http://www.springframework.org/schema/aop/spring-aop-4.0.xsd=org/springframework/aop/config/spring-aop-4.0.xsd, http://www.springframework.org/schema/jee/spring-jee-3.2.xsd=org/springframework/ejb/config/spring-jee-3.2.xsd, http://www.springframework.org/schema/context/spring-context-3.0.xsd=org/springframework/context/config/spring-context-3.0.xsd, http://www.springframework.org/schema/jdbc/spring-jdbc-4.0.xsd=org/springframework/jdbc/config/spring-jdbc-4.0.xsd, http://www.springframework.org/schema/mvc/spring-mvc-4.0.xsd=org/springframework/web/servlet/config/spring-mvc-4.0.xsd, http://www.springframework.org/schema/util/spring-util-2.5.xsd=org/springframework/beans/factory/xml/spring-util-2.5.xsd, http://www.springframework.org/schema/beans/spring-beans-3.2.xsd=org/springframework/beans/factory/xml/spring-beans-3.2.xsd, http://www.springframework.org/schema/aop/spring-aop-3.1.xsd=org/springframework/aop/config/spring-aop-3.1.xsd, http://www.springframework.org/schema/lang/spring-lang-4.0.xsd=org/springframework/scripting/config/spring-lang-4.0.xsd, http://www.springframework.org/schema/mvc/spring-mvc.xsd=org/springframework/web/servlet/config/spring-mvc-4.0.xsd, http://www.springframework.org/schema/mvc/spring-mvc-3.1.xsd=org/springframework/web/servlet/config/spring-mvc-3.1.xsd, http://www.springframework.org/schema/tool/spring-tool-4.0.xsd=org/springframework/beans/factory/xml/spring-tool-4.0.xsd, http://www.springframework.org/schema/lang/spring-lang-3.1.xsd=org/springframework/scripting/config/spring-lang-3.1.xsd, http://www.springframework.org/schema/tx/spring-tx-3.2.xsd=org/springframework/transaction/config/spring-tx-3.2.xsd, http://www.springframework.org/schema/cache/spring-cache-3.1.xsd=org/springframework/cache/config/spring-cache-3.1.xsd, http://www.springframework.org/schema/jee/spring-jee-4.0.xsd=org/springframework/ejb/config/spring-jee-4.0.xsd, http://www.springframework.org/schema/jdbc/spring-jdbc-3.0.xsd=org/springframework/jdbc/config/spring-jdbc-3.0.xsd, http://www.springframework.org/schema/jdbc/spring-jdbc.xsd=org/springframework/jdbc/config/spring-jdbc-4.0.xsd, http://www.springframework.org/schema/tool/spring-tool-3.1.xsd=org/springframework/beans/factory/xml/spring-tool-3.1.xsd, http://www.springframework.org/schema/cache/spring-cache-4.0.xsd=org/springframework/cache/config/spring-cache-4.0.xsd, http://www.springframework.org/schema/jee/spring-jee-3.1.xsd=org/springframework/ejb/config/spring-jee-3.1.xsd, http://www.springframework.org/schema/task/spring-task-3.2.xsd=org/springframework/scheduling/config/spring-task-3.2.xsd, http://www.springframework.org/schema/beans/spring-beans-3.1.xsd=org/springframework/beans/factory/xml/spring-beans-3.1.xsd, http://www.springframework.org/schema/util/spring-util.xsd=org/springframework/beans/factory/xml/spring-util-4.0.xsd, http://www.springframework.org/schema/data/jpa/spring-jpa-1.3.xsd=org/springframework/data/jpa/repository/config/spring-jpa-1.3.xsd, http://www.springframework.org/schema/aop/spring-aop-3.0.xsd=org/springframework/aop/config/spring-aop-3.0.xsd, http://www.springframework.org/schema/data/repository/spring-repository.xsd=org/springframework/data/repository/config/spring-repository-1.7.xsd, http://www.springframework.org/schema/data/repository/spring-repository-1.7.xsd=org/springframework/data/repository/config/spring-repository-1.7.xsd, http://www.springframework.org/schema/mvc/spring-mvc-3.0.xsd=org/springframework/web/servlet/config/spring-mvc-3.0.xsd, http://www.springframework.org/schema/beans/spring-beans-4.0.xsd=org/springframework/beans/factory/xml/spring-beans-4.0.xsd, http://www.springframework.org/schema/beans/spring-beans.xsd=org/springframework/beans/factory/xml/spring-beans-4.0.xsd, http://www.springframework.org/schema/lang/spring-lang-3.0.xsd=org/springframework/scripting/config/spring-lang-3.0.xsd, http://www.springframework.org/schema/tx/spring-tx-3.1.xsd=org/springframework/transaction/config/spring-tx-3.1.xsd, http://www.springframework.org/schema/context/spring-context-2.5.xsd=org/springframework/context/config/spring-context-2.5.xsd, http://www.springframework.org/schema/task/spring-task-4.0.xsd=org/springframework/scheduling/config/spring-task-4.0.xsd, http://www.springframework.org/schema/tool/spring-tool-3.0.xsd=org/springframework/beans/factory/xml/spring-tool-3.0.xsd, http://www.springframework.org/schema/tx/spring-tx-4.0.xsd=org/springframework/transaction/config/spring-tx-4.0.xsd, http://www.springframework.org/schema/aop/spring-aop-2.0.xsd=org/springframework/aop/config/spring-aop-2.0.xsd, http://www.springframework.org/schema/jee/spring-jee-3.0.xsd=org/springframework/ejb/config/spring-jee-3.0.xsd, http://www.springframework.org/schema/task/spring-task-3.1.xsd=org/springframework/scheduling/config/spring-task-3.1.xsd, http://www.springframework.org/schema/beans/spring-beans-3.0.xsd=org/springframework/beans/factory/xml/spring-beans-3.0.xsd, http://www.springframework.org/schema/data/jpa/spring-jpa-1.2.xsd=org/springframework/data/jpa/repository/config/spring-jpa-1.2.xsd, http://www.springframework.org/schema/jee/spring-jee.xsd=org/springframework/ejb/config/spring-jee-4.0.xsd, http://www.springframework.org/schema/aop/spring-aop-2.5.xsd=org/springframework/aop/config/spring-aop-2.5.xsd, http://www.springframework.org/schema/lang/spring-lang-2.0.xsd=org/springframework/scripting/config/spring-lang-2.0.xsd, http://www.springframework.org/schema/data/repository/spring-repository-1.6.xsd=org/springframework/data/repository/config/spring-repository-1.6.xsd, http://www.springframework.org/schema/util/spring-util-3.2.xsd=org/springframework/beans/factory/xml/spring-util-3.2.xsd, http://www.springframework.org/schema/task/spring-task.xsd=org/springframework/scheduling/config/spring-task-4.0.xsd, http://www.springframework.org/schema/tool/spring-tool-2.0.xsd=org/springframework/beans/factory/xml/spring-tool-2.0.xsd, http://www.springframework.org/schema/tx/spring-tx-3.0.xsd=org/springframework/transaction/config/spring-tx-3.0.xsd, http://www.springframework.org/schema/lang/spring-lang-2.5.xsd=org/springframework/scripting/config/spring-lang-2.5.xsd, http://www.springframework.org/schema/jee/spring-jee-2.0.xsd=org/springframework/ejb/config/spring-jee-2.0.xsd, http://www.springframework.org/schema/tool/spring-tool-2.5.xsd=org/springframework/beans/factory/xml/spring-tool-2.5.xsd, http://www.springframework.org/schema/jee/spring-jee-2.5.xsd=org/springframework/ejb/config/spring-jee-2.5.xsd, http://www.springframework.org/schema/data/repository/spring-repository-1.0.xsd=org/springframework/data/repository/config/spring-repository-1.0.xsd, http://www.springframework.org/schema/util/spring-util-4.0.xsd=org/springframework/beans/factory/xml/spring-util-4.0.xsd, http://www.springframework.org/schema/task/spring-task-3.0.xsd=org/springframework/scheduling/config/spring-task-3.0.xsd, http://www.springframework.org/schema/data/jpa/spring-jpa-1.1.xsd=org/springframework/data/jpa/repository/config/spring-jpa-1.1.xsd, http://www.springframework.org/schema/lang/spring-lang.xsd=org/springframework/scripting/config/spring-lang-4.0.xsd, http://www.springframework.org/schema/context/spring-context-3.2.xsd=org/springframework/context/config/spring-context-3.2.xsd, http://www.springframework.org/schema/data/repository/spring-repository-1.5.xsd=org/springframework/data/repository/config/spring-repository-1.5.xsd, http://www.springframework.org/schema/util/spring-util-3.1.xsd=org/springframework/beans/factory/xml/spring-util-3.1.xsd, http://www.springframework.org/schema/beans/spring-beans-2.0.xsd=org/springframework/beans/factory/xml/spring-beans-2.0.xsd, http://www.springframework.org/schema/cache/spring-cache.xsd=org/springframework/cache/config/spring-cache-4.0.xsd, http://www.springframework.org/schema/tx/spring-tx.xsd=org/springframework/transaction/config/spring-tx-4.0.xsd, http://www.springframework.org/schema/beans/spring-beans-2.5.xsd=org/springframework/beans/factory/xml/spring-beans-2.5.xsd, http://www.springframework.org/schema/tx/spring-tx-2.0.xsd=org/springframework/transaction/config/spring-tx-2.0.xsd, http://www.springframework.org/schema/jdbc/spring-jdbc-3.2.xsd=org/springframework/jdbc/config/spring-jdbc-3.2.xsd, http://www.springframework.org/schema/aop/spring-aop.xsd=org/springframework/aop/config/spring-aop-4.0.xsd, http://www.springframework.org/schema/data/jpa/spring-jpa-1.0.xsd=org/springframework/data/jpa/repository/config/spring-jpa-1.0.xsd}
LOG4J20:17:23,882 DEBUG PluggableSchemaResolver:119 - Found XML schema [http://www.springframework.org/schema/beans/spring-beans-4.0.xsd] in classpath: org/springframework/beans/factory/xml/spring-beans-4.0.xsd
LOG4J20:17:23,972 DEBUG PluggableSchemaResolver:119 - Found XML schema [http://www.springframework.org/schema/context/spring-context-4.0.xsd] in classpath: org/springframework/context/config/spring-context-4.0.xsd
LOG4J20:17:23,984 DEBUG PluggableSchemaResolver:119 - Found XML schema [http://www.springframework.org/schema/tool/spring-tool-4.0.xsd] in classpath: org/springframework/beans/factory/xml/spring-tool-4.0.xsd
LOG4J20:17:23,995 DEBUG PluggableSchemaResolver:119 - Found XML schema [http://www.springframework.org/schema/data/jpa/spring-jpa.xsd] in classpath: org/springframework/data/jpa/repository/config/spring-jpa-1.3.xsd
LOG4J20:17:23,998 DEBUG PluggableSchemaResolver:119 - Found XML schema [http://www.springframework.org/schema/data/repository/spring-repository.xsd] in classpath: org/springframework/data/repository/config/spring-repository-1.7.xsd
LOG4J20:17:24,008 DEBUG PluggableSchemaResolver:119 - Found XML schema [http://www.springframework.org/schema/jdbc/spring-jdbc-4.0.xsd] in classpath: org/springframework/jdbc/config/spring-jdbc-4.0.xsd
LOG4J20:17:24,019 DEBUG PluggableSchemaResolver:119 - Found XML schema [http://www.springframework.org/schema/tx/spring-tx-4.0.xsd] in classpath: org/springframework/transaction/config/spring-tx-4.0.xsd
LOG4J20:17:24,033 DEBUG DefaultBeanDefinitionDocumentReader:101 - Loading bean definitions
LOG4J20:17:24,053 DEBUG DefaultNamespaceHandlerResolver:157 - Loaded NamespaceHandler mappings: {http://www.springframework.org/schema/p=org.springframework.beans.factory.xml.SimplePropertyNamespaceHandler, http://www.springframework.org/schema/mvc=org.springframework.web.servlet.config.MvcNamespaceHandler, http://www.springframework.org/schema/util=org.springframework.beans.factory.xml.UtilNamespaceHandler, http://www.springframework.org/schema/jee=org.springframework.ejb.config.JeeNamespaceHandler, http://www.springframework.org/schema/aop=org.springframework.aop.config.AopNamespaceHandler, http://www.springframework.org/schema/jdbc=org.springframework.jdbc.config.JdbcNamespaceHandler, http://www.springframework.org/schema/data/repository=org.springframework.data.repository.config.RepositoryNameSpaceHandler, http://www.springframework.org/schema/data/jpa=org.springframework.data.jpa.repository.config.JpaRepositoryNameSpaceHandler, http://www.springframework.org/schema/cache=org.springframework.cache.config.CacheNamespaceHandler, http://www.springframework.org/schema/c=org.springframework.beans.factory.xml.SimpleConstructorNamespaceHandler, http://www.springframework.org/schema/tx=org.springframework.transaction.config.TxNamespaceHandler, http://www.springframework.org/schema/task=org.springframework.scheduling.config.TaskNamespaceHandler, http://www.springframework.org/schema/lang=org.springframework.scripting.config.LangNamespaceHandler, http://www.springframework.org/schema/context=org.springframework.context.config.ContextNamespaceHandler}
LOG4J20:17:24,087 DEBUG ClassPathBeanDefinitionScanner:244 - JSR-250 &apos;javax.annotation.ManagedBean&apos; found and supported for component scanning
LOG4J20:17:24,091 DEBUG ClassPathBeanDefinitionScanner:252 - JSR-330 &apos;javax.inject.Named&apos; annotation found and supported for component scanning
LOG4J20:17:24,099 DEBUG PathMatchingResourcePatternResolver:357 - Resolved location pattern [classpath*:com/tservice/Componentes/**/*.class] to resources []
LOG4J20:17:24,135 DEBUG ClassPathBeanDefinitionScanner:244 - JSR-250 &apos;javax.annotation.ManagedBean&apos; found and supported for component scanning
LOG4J20:17:24,135 DEBUG ClassPathBeanDefinitionScanner:252 - JSR-330 &apos;javax.inject.Named&apos; annotation found and supported for component scanning
LOG4J20:17:24,140 DEBUG PathMatchingResourcePatternResolver:556 - Looking for matching resources in directory tree [C:\Users\andres\Documents\GitHub\pgrproyecto\target\classes\com\tservice\facade]
LOG4J20:17:24,142 DEBUG PathMatchingResourcePatternResolver:618 - Searching directory [C:\Users\andres\Documents\GitHub\pgrproyecto\target\classes\com\tservice\facade] for files matching pattern [C:/Users/andres/Documents/GitHub/pgrproyecto/target/classes/com/tservice/facade/**/*.class]
LOG4J20:17:24,152 DEBUG PathMatchingResourcePatternResolver:357 - Resolved location pattern [classpath*:com/tservice/facade/**/*.class] to resources [file [C:\Users\andres\Documents\GitHub\pgrproyecto\target\classes\com\tservice\facade\App.class], file [C:\Users\andres\Documents\GitHub\pgrproyecto\target\classes\com\tservice\facade\ConstantesServerGcm.class], file [C:\Users\andres\Documents\GitHub\pgrproyecto\target\classes\com\tservice\facade\Content.class], file [C:\Users\andres\Documents\GitHub\pgrproyecto\target\classes\com\tservice\facade\facade.class], file [C:\Users\andres\Documents\GitHub\pgrproyecto\target\classes\com\tservice\facade\POST2GCM.class], file [C:\Users\andres\Documents\GitHub\pgrproyecto\target\classes\com\tservice\facade\pruebasEstaticas.class]]
LOG4J20:17:24,210 DEBUG ClassPathBeanDefinitionScanner:286 - Identified candidate component class: file [C:\Users\andres\Documents\GitHub\pgrproyecto\target\classes\com\tservice\facade\App.class]
LOG4J20:17:24,214 DEBUG ClassPathBeanDefinitionScanner:286 - Identified candidate component class: file [C:\Users\andres\Documents\GitHub\pgrproyecto\target\classes\com\tservice\facade\facade.class]
LOG4J20:17:24,251 DEBUG StandardEnvironment:109 - Adding [systemProperties] PropertySource with lowest search precedence
LOG4J20:17:24,251 DEBUG StandardEnvironment:109 - Adding [systemEnvironment] PropertySource with lowest search precedence
LOG4J20:17:24,252 DEBUG StandardEnvironment:126 - Initialized StandardEnvironment with PropertySources [systemProperties,systemEnvironment]
LOG4J20:17:24,257 DEBUG PathMatchingResourcePatternResolver:470 - Looking for matching resources in jar file [file:/C:/Users/andres/.m2/repository/org/springframework/data/spring-data-jpa/1.7.2.RELEASE/spring-data-jpa-1.7.2.RELEASE.jar]
LOG4J20:17:24,271 DEBUG PathMatchingResourcePatternResolver:470 - Looking for matching resources in jar file [file:/C:/Users/andres/.m2/repository/org/springframework/data/spring-data-commons/1.9.2.RELEASE/spring-data-commons-1.9.2.RELEASE.jar]
LOG4J20:17:24,290 DEBUG PathMatchingResourcePatternResolver:357 - Resolved location pattern [classpath*:org/springframework/data/**/repository/support/**/*.class] to resources [URL [jar:file:/C:/Users/andres/.m2/repository/org/springframework/data/spring-data-jpa/1.7.2.RELEASE/spring-data-jpa-1.7.2.RELEASE.jar!/org/springframework/data/jpa/repository/support/EntityManagerBeanDefinitionRegistrarPostProcessor.class], URL [jar:file:/C:/Users/andres/.m2/repository/org/springframework/data/spring-data-jpa/1.7.2.RELEASE/spring-data-jpa-1.7.2.RELEASE.jar!/org/springframework/data/jpa/repository/support/QueryDslJpaRepository.class], URL [jar:file:/C:/Users/andres/.m2/repository/org/springframework/data/spring-data-jpa/1.7.2.RELEASE/spring-data-jpa-1.7.2.RELEASE.jar!/org/springframework/data/jpa/repository/support/JpaMetamodelEntityInformation$IdMetadata.class], URL [jar:file:/C:/Users/andres/.m2/repository/org/springframework/data/spring-data-jpa/1.7.2.RELEASE/spring-data-jpa-1.7.2.RELEASE.jar!/org/springframework/data/jpa/repository/support/JpaRepositoryFactoryBean.class], URL [jar:file:/C:/Users/andres/.m2/repository/org/springframework/data/spring-data-jpa/1.7.2.RELEASE/spring-data-jpa-1.7.2.RELEASE.jar!/org/springframework/data/jpa/repository/support/JpaPersistableEntityInformation.class], URL [jar:file:/C:/Users/andres/.m2/repository/org/springframework/data/spring-data-jpa/1.7.2.RELEASE/spring-data-jpa-1.7.2.RELEASE.jar!/org/springframework/data/jpa/repository/support/CrudMethodMetadataPostProcessor$CrudMethodMetadataPopulatingMethodIntercceptor.class], URL [jar:file:/C:/Users/andres/.m2/repository/org/springframework/data/spring-data-jpa/1.7.2.RELEASE/spring-data-jpa-1.7.2.RELEASE.jar!/org/springframework/data/jpa/repository/support/CrudMethodMetadataPostProcessor.class], URL [jar:file:/C:/Users/andres/.m2/repository/org/springframework/data/spring-data-jpa/1.7.2.RELEASE/spring-data-jpa-1.7.2.RELEASE.jar!/org/springframework/data/jpa/repository/support/Querydsl.class], URL [jar:file:/C:/Users/andres/.m2/repository/org/springframework/data/spring-data-jpa/1.7.2.RELEASE/spring-data-jpa-1.7.2.RELEASE.jar!/org/springframework/data/jpa/repository/support/CrudMethodMetadataPostProcessor$1.class], URL [jar:file:/C:/Users/andres/.m2/repository/org/springframework/data/spring-data-jpa/1.7.2.RELEASE/spring-data-jpa-1.7.2.RELEASE.jar!/org/springframework/data/jpa/repository/support/PersistenceProvider$4.class], URL [jar:file:/C:/Users/andres/.m2/repository/org/springframework/data/spring-data-jpa/1.7.2.RELEASE/spring-data-jpa-1.7.2.RELEASE.jar!/org/springframework/data/jpa/repository/support/CrudMethodMetadataPostProcessor$DefaultCrudMethodMetadata.class], URL [jar:file:/C:/Users/andres/.m2/repository/org/springframework/data/spring-data-jpa/1.7.2.RELEASE/spring-data-jpa-1.7.2.RELEASE.jar!/org/springframework/data/jpa/repository/support/PersistenceProvider$3.class], URL [jar:file:/C:/Users/andres/.m2/repository/org/springframework/data/spring-data-jpa/1.7.2.RELEASE/spring-data-jpa-1.7.2.RELEASE.jar!/org/springframework/data/jpa/repository/support/PersistenceProvider$2.class], URL [jar:file:/C:/Users/andres/.m2/repository/org/springframework/data/spring-data-jpa/1.7.2.RELEASE/spring-data-jpa-1.7.2.RELEASE.jar!/org/springframework/data/jpa/repository/support/QueryDslRepositorySupport.class], URL [jar:file:/C:/Users/andres/.m2/repository/org/springframework/data/spring-data-jpa/1.7.2.RELEASE/spring-data-jpa-1.7.2.RELEASE.jar!/org/springframework/data/jpa/repository/support/PersistenceProvider.class], URL [jar:file:/C:/Users/andres/.m2/repository/org/springframework/data/spring-data-jpa/1.7.2.RELEASE/spring-data-jpa-1.7.2.RELEASE.jar!/org/springframework/data/jpa/repository/support/CrudMethodMetadata.class], URL [jar:file:/C:/Users/andres/.m2/repository/org/springframework/data/spring-data-jpa/1.7.2.RELEASE/spring-data-jpa-1.7.2.RELEASE.jar!/org/springframework/data/jpa/repository/support/CrudMethodMetadataPostProcessor$ThreadBoundTargetSource.class], URL [jar:file:/C:/Users/andres/.m2/repository/org/springframework/data/spring-data-jpa/1.7.2.RELEASE/spring-data-jpa-1.7.2.RELEASE.jar!/org/springframework/data/jpa/repository/support/JpaEntityInformationSupport.class], URL [jar:file:/C:/Users/andres/.m2/repository/org/springframework/data/spring-data-jpa/1.7.2.RELEASE/spring-data-jpa-1.7.2.RELEASE.jar!/org/springframework/data/jpa/repository/support/JpaEntityInformation.class], URL [jar:file:/C:/Users/andres/.m2/repository/org/springframework/data/spring-data-jpa/1.7.2.RELEASE/spring-data-jpa-1.7.2.RELEASE.jar!/org/springframework/data/jpa/repository/support/SimpleJpaRepository$ByIdsSpecification.class], URL [jar:file:/C:/Users/andres/.m2/repository/org/springframework/data/spring-data-jpa/1.7.2.RELEASE/spring-data-jpa-1.7.2.RELEASE.jar!/org/springframework/data/jpa/repository/support/JpaRepositoryFactory.class], URL [jar:file:/C:/Users/andres/.m2/repository/org/springframework/data/spring-data-jpa/1.7.2.RELEASE/spring-data-jpa-1.7.2.RELEASE.jar!/org/springframework/data/jpa/repository/support/JpaMetamodelEntityInformation$IdentifierDerivingDirectFieldAccessFallbackBeanWrapper.class], URL [jar:file:/C:/Users/andres/.m2/repository/org/springframework/data/spring-data-jpa/1.7.2.RELEASE/spring-data-jpa-1.7.2.RELEASE.jar!/org/springframework/data/jpa/repository/support/Querydsl$1.class], URL [jar:file:/C:/Users/andres/.m2/repository/org/springframework/data/spring-data-jpa/1.7.2.RELEASE/spring-data-jpa-1.7.2.RELEASE.jar!/org/springframework/data/jpa/repository/support/PersistenceProvider$1.class], URL [jar:file:/C:/Users/andres/.m2/repository/org/springframework/data/spring-data-jpa/1.7.2.RELEASE/spring-data-jpa-1.7.2.RELEASE.jar!/org/springframework/data/jpa/repository/support/PersistenceProvider$Constants.class], URL [jar:file:/C:/Users/andres/.m2/repository/org/springframework/data/spring-data-jpa/1.7.2.RELEASE/spring-data-jpa-1.7.2.RELEASE.jar!/org/springframework/data/jpa/repository/support/JpaMetamodelEntityInformation.class], URL [jar:file:/C:/Users/andres/.m2/repository/org/springframework/data/spring-data-jpa/1.7.2.RELEASE/spring-data-jpa-1.7.2.RELEASE.jar!/org/springframework/data/jpa/repository/support/SimpleJpaRepository.class], URL [jar:file:/C:/Users/andres/.m2/repository/org/springframework/data/spring-data-commons/1.9.2.RELEASE/spring-data-commons-1.9.2.RELEASE.jar!/org/springframework/data/repository/support/Repositories$EmptyRepositoryFactoryInformation.class], URL [jar:file:/C:/Users/andres/.m2/repository/org/springframework/data/spring-data-commons/1.9.2.RELEASE/spring-data-commons-1.9.2.RELEASE.jar!/org/springframework/data/repository/support/DomainClassPropertyEditorRegistrar.class], URL [jar:file:/C:/Users/andres/.m2/repository/org/springframework/data/spring-data-commons/1.9.2.RELEASE/spring-data-commons-1.9.2.RELEASE.jar!/org/springframework/data/repository/support/CrudRepositoryInvoker.class], URL [jar:file:/C:/Users/andres/.m2/repository/org/springframework/data/spring-data-commons/1.9.2.RELEASE/spring-data-commons-1.9.2.RELEASE.jar!/org/springframework/data/repository/support/Repositories.class], URL [jar:file:/C:/Users/andres/.m2/repository/org/springframework/data/spring-data-commons/1.9.2.RELEASE/spring-data-commons-1.9.2.RELEASE.jar!/org/springframework/data/repository/support/ReflectionRepositoryInvoker.class], URL [jar:file:/C:/Users/andres/.m2/repository/org/springframework/data/spring-data-commons/1.9.2.RELEASE/spring-data-commons-1.9.2.RELEASE.jar!/org/springframework/data/repository/support/DomainClassPropertyEditor.class], URL [jar:file:/C:/Users/andres/.m2/repository/org/springframework/data/spring-data-commons/1.9.2.RELEASE/spring-data-commons-1.9.2.RELEASE.jar!/org/springframework/data/repository/support/DomainClassConverter.class]]
LOG4J20:17:24,381 DEBUG ClassPathScanningCandidateComponentProvider:286 - Identified candidate component class: URL [jar:file:/C:/Users/andres/.m2/repository/org/springframework/data/spring-data-jpa/1.7.2.RELEASE/spring-data-jpa-1.7.2.RELEASE.jar!/org/springframework/data/jpa/repository/support/JpaRepositoryFactory.class]
LOG4J20:17:24,462 DEBUG StandardEnvironment:109 - Adding [systemProperties] PropertySource with lowest search precedence
LOG4J20:17:24,464 DEBUG StandardEnvironment:109 - Adding [systemEnvironment] PropertySource with lowest search precedence
LOG4J20:17:24,465 DEBUG StandardEnvironment:126 - Initialized StandardEnvironment with PropertySources [systemProperties,systemEnvironment]
LOG4J20:17:24,470 DEBUG PathMatchingResourcePatternResolver:556 - Looking for matching resources in directory tree [C:\Users\andres\Documents\GitHub\pgrproyecto\target\classes\com\tservice\Persistencia]
LOG4J20:17:24,473 DEBUG PathMatchingResourcePatternResolver:618 - Searching directory [C:\Users\andres\Documents\GitHub\pgrproyecto\target\classes\com\tservice\Persistencia] for files matching pattern [C:/Users/andres/Documents/GitHub/pgrproyecto/target/classes/com/tservice/Persistencia/**/*.class]
LOG4J20:17:24,476 DEBUG PathMatchingResourcePatternResolver:357 - Resolved location pattern [classpath*:com/tservice/Persistencia/**/*.class] to resources [file [C:\Users\andres\Documents\GitHub\pgrproyecto\target\classes\com\tservice\Persistencia\CarrerasCrudFactory.class], file [C:\Users\andres\Documents\GitHub\pgrproyecto\target\classes\com\tservice\Persistencia\EdificioCrudFactory.class], file [C:\Users\andres\Documents\GitHub\pgrproyecto\target\classes\com\tservice\Persistencia\EventosCrudFactory.class], file [C:\Users\andres\Documents\GitHub\pgrproyecto\target\classes\com\tservice\Persistencia\GruposCrudFactory.class], file [C:\Users\andres\Documents\GitHub\pgrproyecto\target\classes\com\tservice\Persistencia\MensajesCrudFactory.class], file [C:\Users\andres\Documents\GitHub\pgrproyecto\target\classes\com\tservice\Persistencia\UsuariosCrudFactory.class]]
LOG4J20:17:24,483 DEBUG RepositoryComponentProvider:286 - Identified candidate component class: file [C:\Users\andres\Documents\GitHub\pgrproyecto\target\classes\com\tservice\Persistencia\CarrerasCrudFactory.class]
LOG4J20:17:24,485 DEBUG RepositoryComponentProvider:286 - Identified candidate component class: file [C:\Users\andres\Documents\GitHub\pgrproyecto\target\classes\com\tservice\Persistencia\EdificioCrudFactory.class]
LOG4J20:17:24,487 DEBUG RepositoryComponentProvider:286 - Identified candidate component class: file [C:\Users\andres\Documents\GitHub\pgrproyecto\target\classes\com\tservice\Persistencia\EventosCrudFactory.class]
LOG4J20:17:24,489 DEBUG RepositoryComponentProvider:286 - Identified candidate component class: file [C:\Users\andres\Documents\GitHub\pgrproyecto\target\classes\com\tservice\Persistencia\GruposCrudFactory.class]
LOG4J20:17:24,491 DEBUG RepositoryComponentProvider:286 - Identified candidate component class: file [C:\Users\andres\Documents\GitHub\pgrproyecto\target\classes\com\tservice\Persistencia\MensajesCrudFactory.class]
LOG4J20:17:24,493 DEBUG RepositoryComponentProvider:286 - Identified candidate component class: file [C:\Users\andres\Documents\GitHub\pgrproyecto\target\classes\com\tservice\Persistencia\UsuariosCrudFactory.class]
LOG4J20:17:24,506 DEBUG StandardEnvironment:109 - Adding [systemProperties] PropertySource with lowest search precedence
LOG4J20:17:24,507 DEBUG StandardEnvironment:109 - Adding [systemEnvironment] PropertySource with lowest search precedence
LOG4J20:17:24,507 DEBUG StandardEnvironment:126 - Initialized StandardEnvironment with PropertySources [systemProperties,systemEnvironment]
LOG4J20:17:24,510 DEBUG PathMatchingResourcePatternResolver:556 - Looking for matching resources in directory tree [C:\Users\andres\Documents\GitHub\pgrproyecto\target\classes\com\tservice\Persistencia]
LOG4J20:17:24,512 DEBUG PathMatchingResourcePatternResolver:618 - Searching directory [C:\Users\andres\Documents\GitHub\pgrproyecto\target\classes\com\tservice\Persistencia] for files matching pattern [C:/Users/andres/Documents/GitHub/pgrproyecto/target/classes/com/tservice/Persistencia/**/*CarrerasCrudFactoryImpl.class]
LOG4J20:17:24,515 DEBUG PathMatchingResourcePatternResolver:357 - Resolved location pattern [classpath*:com/tservice/Persistencia/**/*CarrerasCrudFactoryImpl.class] to resources []
LOG4J20:17:24,536 DEBUG RepositoryConfigurationDelegate:142 - Spring Data JPA - Registering repository: carrerasCrudFactory - Interface: com.tservice.Persistencia.CarrerasCrudFactory - Factory: org.springframework.data.jpa.repository.support.JpaRepositoryFactoryBean
LOG4J20:17:24,538 DEBUG StandardEnvironment:109 - Adding [systemProperties] PropertySource with lowest search precedence
LOG4J20:17:24,539 DEBUG StandardEnvironment:109 - Adding [systemEnvironment] PropertySource with lowest search precedence
LOG4J20:17:24,539 DEBUG StandardEnvironment:126 - Initialized StandardEnvironment with PropertySources [systemProperties,systemEnvironment]
LOG4J20:17:24,541 DEBUG PathMatchingResourcePatternResolver:556 - Looking for matching resources in directory tree [C:\Users\andres\Documents\GitHub\pgrproyecto\target\classes\com\tservice\Persistencia]
LOG4J20:17:24,542 DEBUG PathMatchingResourcePatternResolver:618 - Searching directory [C:\Users\andres\Documents\GitHub\pgrproyecto\target\classes\com\tservice\Persistencia] for files matching pattern [C:/Users/andres/Documents/GitHub/pgrproyecto/target/classes/com/tservice/Persistencia/**/*GruposCrudFactoryImpl.class]
LOG4J20:17:24,547 DEBUG PathMatchingResourcePatternResolver:357 - Resolved location pattern [classpath*:com/tservice/Persistencia/**/*GruposCrudFactoryImpl.class] to resources []
LOG4J20:17:24,549 DEBUG RepositoryConfigurationDelegate:142 - Spring Data JPA - Registering repository: gruposCrudFactory - Interface: com.tservice.Persistencia.GruposCrudFactory - Factory: org.springframework.data.jpa.repository.support.JpaRepositoryFactoryBean
LOG4J20:17:24,551 DEBUG StandardEnvironment:109 - Adding [systemProperties] PropertySource with lowest search precedence
LOG4J20:17:24,551 DEBUG StandardEnvironment:109 - Adding [systemEnvironment] PropertySource with lowest search precedence
LOG4J20:17:24,552 DEBUG StandardEnvironment:126 - Initialized StandardEnvironment with PropertySources [systemProperties,systemEnvironment]
LOG4J20:17:24,555 DEBUG PathMatchingResourcePatternResolver:556 - Looking for matching resources in directory tree [C:\Users\andres\Documents\GitHub\pgrproyecto\target\classes\com\tservice\Persistencia]
LOG4J20:17:24,563 DEBUG PathMatchingResourcePatternResolver:618 - Searching directory [C:\Users\andres\Documents\GitHub\pgrproyecto\target\classes\com\tservice\Persistencia] for files matching pattern [C:/Users/andres/Documents/GitHub/pgrproyecto/target/classes/com/tservice/Persistencia/**/*EventosCrudFactoryImpl.class]
LOG4J20:17:24,572 DEBUG PathMatchingResourcePatternResolver:357 - Resolved location pattern [classpath*:com/tservice/Persistencia/**/*EventosCrudFactoryImpl.class] to resources []
LOG4J20:17:24,589 DEBUG RepositoryConfigurationDelegate:142 - Spring Data JPA - Registering repository: eventosCrudFactory - Interface: com.tservice.Persistencia.EventosCrudFactory - Factory: org.springframework.data.jpa.repository.support.JpaRepositoryFactoryBean
LOG4J20:17:24,593 DEBUG StandardEnvironment:109 - Adding [systemProperties] PropertySource with lowest search precedence
LOG4J20:17:24,595 DEBUG StandardEnvironment:109 - Adding [systemEnvironment] PropertySource with lowest search precedence
LOG4J20:17:24,597 DEBUG StandardEnvironment:126 - Initialized StandardEnvironment with PropertySources [systemProperties,systemEnvironment]
LOG4J20:17:24,600 DEBUG PathMatchingResourcePatternResolver:556 - Looking for matching resources in directory tree [C:\Users\andres\Documents\GitHub\pgrproyecto\target\classes\com\tservice\Persistencia]
LOG4J20:17:24,601 DEBUG PathMatchingResourcePatternResolver:618 - Searching directory [C:\Users\andres\Documents\GitHub\pgrproyecto\target\classes\com\tservice\Persistencia] for files matching pattern [C:/Users/andres/Documents/GitHub/pgrproyecto/target/classes/com/tservice/Persistencia/**/*UsuariosCrudFactoryImpl.class]
LOG4J20:17:24,604 DEBUG PathMatchingResourcePatternResolver:357 - Resolved location pattern [classpath*:com/tservice/Persistencia/**/*UsuariosCrudFactoryImpl.class] to resources []
LOG4J20:17:24,606 DEBUG RepositoryConfigurationDelegate:142 - Spring Data JPA - Registering repository: usuariosCrudFactory - Interface: com.tservice.Persistencia.UsuariosCrudFactory - Factory: org.springframework.data.jpa.repository.support.JpaRepositoryFactoryBean
LOG4J20:17:24,608 DEBUG StandardEnvironment:109 - Adding [systemProperties] PropertySource with lowest search precedence
LOG4J20:17:24,608 DEBUG StandardEnvironment:109 - Adding [systemEnvironment] PropertySource with lowest search precedence
LOG4J20:17:24,609 DEBUG StandardEnvironment:126 - Initialized StandardEnvironment with PropertySources [systemProperties,systemEnvironment]
LOG4J20:17:24,611 DEBUG PathMatchingResourcePatternResolver:556 - Looking for matching resources in directory tree [C:\Users\andres\Documents\GitHub\pgrproyecto\target\classes\com\tservice\Persistencia]
LOG4J20:17:24,612 DEBUG PathMatchingResourcePatternResolver:618 - Searching directory [C:\Users\andres\Documents\GitHub\pgrproyecto\target\classes\com\tservice\Persistencia] for files matching pattern [C:/Users/andres/Documents/GitHub/pgrproyecto/target/classes/com/tservice/Persistencia/**/*EdificioCrudFactoryImpl.class]
LOG4J20:17:24,615 DEBUG PathMatchingResourcePatternResolver:357 - Resolved location pattern [classpath*:com/tservice/Persistencia/**/*EdificioCrudFactoryImpl.class] to resources []
LOG4J20:17:24,616 DEBUG RepositoryConfigurationDelegate:142 - Spring Data JPA - Registering repository: edificioCrudFactory - Interface: com.tservice.Persistencia.EdificioCrudFactory - Factory: org.springframework.data.jpa.repository.support.JpaRepositoryFactoryBean
LOG4J20:17:24,618 DEBUG StandardEnvironment:109 - Adding [systemProperties] PropertySource with lowest search precedence
LOG4J20:17:24,618 DEBUG StandardEnvironment:109 - Adding [systemEnvironment] PropertySource with lowest search precedence
LOG4J20:17:24,619 DEBUG StandardEnvironment:126 - Initialized StandardEnvironment with PropertySources [systemProperties,systemEnvironment]
LOG4J20:17:24,620 DEBUG PathMatchingResourcePatternResolver:556 - Looking for matching resources in directory tree [C:\Users\andres\Documents\GitHub\pgrproyecto\target\classes\com\tservice\Persistencia]
LOG4J20:17:24,621 DEBUG PathMatchingResourcePatternResolver:618 - Searching directory [C:\Users\andres\Documents\GitHub\pgrproyecto\target\classes\com\tservice\Persistencia] for files matching pattern [C:/Users/andres/Documents/GitHub/pgrproyecto/target/classes/com/tservice/Persistencia/**/*MensajesCrudFactoryImpl.class]
LOG4J20:17:24,622 DEBUG PathMatchingResourcePatternResolver:357 - Resolved location pattern [classpath*:com/tservice/Persistencia/**/*MensajesCrudFactoryImpl.class] to resources []
LOG4J20:17:24,627 DEBUG RepositoryConfigurationDelegate:142 - Spring Data JPA - Registering repository: mensajesCrudFactory - Interface: com.tservice.Persistencia.MensajesCrudFactory - Factory: org.springframework.data.jpa.repository.support.JpaRepositoryFactoryBean
LOG4J20:17:24,654 DEBUG XmlBeanDefinitionReader:223 - Loaded 25 bean definitions from location pattern [classpath:applicationContextH2.xml]
LOG4J20:17:24,660  INFO GenericApplicationContext:515 - Refreshing org.springframework.context.support.GenericApplicationContext@79efed2d: startup date [Thu Jun 18 20:17:24 COT 2015]; root of context hierarchy
LOG4J20:17:24,661 DEBUG GenericApplicationContext:545 - Bean factory for org.springframework.context.support.GenericApplicationContext@79efed2d: org.springframework.beans.factory.support.DefaultListableBeanFactory@51fadaff: defining beans [org.springframework.context.annotation.internalConfigurationAnnotationProcessor,org.springframework.context.annotation.internalAutowiredAnnotationProcessor,org.springframework.context.annotation.internalRequiredAnnotationProcessor,org.springframework.context.annotation.internalCommonAnnotationProcessor,org.springframework.context.annotation.internalPersistenceAnnotationProcessor,app,facade,org.springframework.data.jpa.repository.config.JpaRepositoryConfigExtension#0,org.springframework.data.repository.core.support.RepositoryInterfaceAwareBeanPostProcessor,foo,jpaMappingContext,carrerasCrudFactory,gruposCrudFactory,eventosCrudFactory,usuariosCrudFactory,edificioCrudFactory,mensajesCrudFactory,dataSource,jpaVendorAdapter,entityManagerFactory,transactionManager,org.springframework.aop.config.internalAutoProxyCreator,org.springframework.transaction.annotation.AnnotationTransactionAttributeSource#0,org.springframework.transaction.interceptor.TransactionInterceptor#0,org.springframework.transaction.config.internalTransactionAdvisor]; root of factory hierarchy
LOG4J20:17:24,697 DEBUG DefaultListableBeanFactory:221 - Creating shared instance of singleton bean &apos;org.springframework.context.annotation.internalConfigurationAnnotationProcessor&apos;
LOG4J20:17:24,698 DEBUG DefaultListableBeanFactory:449 - Creating instance of bean &apos;org.springframework.context.annotation.internalConfigurationAnnotationProcessor&apos;
LOG4J20:17:24,726 DEBUG DefaultListableBeanFactory:523 - Eagerly caching bean &apos;org.springframework.context.annotation.internalConfigurationAnnotationProcessor&apos; to allow for resolving potential circular references
LOG4J20:17:24,733 DEBUG DefaultListableBeanFactory:477 - Finished creating instance of bean &apos;org.springframework.context.annotation.internalConfigurationAnnotationProcessor&apos;
LOG4J20:17:24,836 DEBUG DefaultListableBeanFactory:221 - Creating shared instance of singleton bean &apos;foo&apos;
LOG4J20:17:24,837 DEBUG DefaultListableBeanFactory:449 - Creating instance of bean &apos;foo&apos;
LOG4J20:17:24,838 DEBUG DefaultListableBeanFactory:523 - Eagerly caching bean &apos;foo&apos; to allow for resolving potential circular references
LOG4J20:17:24,838 DEBUG DefaultListableBeanFactory:477 - Finished creating instance of bean &apos;foo&apos;
LOG4J20:17:24,853 DEBUG DefaultListableBeanFactory:221 - Creating shared instance of singleton bean &apos;org.springframework.context.annotation.internalAutowiredAnnotationProcessor&apos;
LOG4J20:17:24,854 DEBUG DefaultListableBeanFactory:449 - Creating instance of bean &apos;org.springframework.context.annotation.internalAutowiredAnnotationProcessor&apos;
LOG4J20:17:24,855  INFO AutowiredAnnotationBeanPostProcessor:141 - JSR-330 &apos;javax.inject.Inject&apos; annotation found and supported for autowiring
LOG4J20:17:24,856 DEBUG DefaultListableBeanFactory:523 - Eagerly caching bean &apos;org.springframework.context.annotation.internalAutowiredAnnotationProcessor&apos; to allow for resolving potential circular references
LOG4J20:17:24,857 DEBUG DefaultListableBeanFactory:477 - Finished creating instance of bean &apos;org.springframework.context.annotation.internalAutowiredAnnotationProcessor&apos;
LOG4J20:17:24,858 DEBUG DefaultListableBeanFactory:221 - Creating shared instance of singleton bean &apos;org.springframework.context.annotation.internalRequiredAnnotationProcessor&apos;
LOG4J20:17:24,859 DEBUG DefaultListableBeanFactory:449 - Creating instance of bean &apos;org.springframework.context.annotation.internalRequiredAnnotationProcessor&apos;
LOG4J20:17:24,860 DEBUG DefaultListableBeanFactory:523 - Eagerly caching bean &apos;org.springframework.context.annotation.internalRequiredAnnotationProcessor&apos; to allow for resolving potential circular references
LOG4J20:17:24,861 DEBUG DefaultListableBeanFactory:477 - Finished creating instance of bean &apos;org.springframework.context.annotation.internalRequiredAnnotationProcessor&apos;
LOG4J20:17:24,863 DEBUG DefaultListableBeanFactory:221 - Creating shared instance of singleton bean &apos;org.springframework.context.annotation.internalCommonAnnotationProcessor&apos;
LOG4J20:17:24,864 DEBUG DefaultListableBeanFactory:449 - Creating instance of bean &apos;org.springframework.context.annotation.internalCommonAnnotationProcessor&apos;
LOG4J20:17:24,870 DEBUG DefaultListableBeanFactory:523 - Eagerly caching bean &apos;org.springframework.context.annotation.internalCommonAnnotationProcessor&apos; to allow for resolving potential circular references
LOG4J20:17:24,870 DEBUG DefaultListableBeanFactory:477 - Finished creating instance of bean &apos;org.springframework.context.annotation.internalCommonAnnotationProcessor&apos;
LOG4J20:17:24,871 DEBUG DefaultListableBeanFactory:221 - Creating shared instance of singleton bean &apos;org.springframework.context.annotation.internalPersistenceAnnotationProcessor&apos;
LOG4J20:17:24,871 DEBUG DefaultListableBeanFactory:449 - Creating instance of bean &apos;org.springframework.context.annotation.internalPersistenceAnnotationProcessor&apos;
LOG4J20:17:24,871 DEBUG DefaultListableBeanFactory:523 - Eagerly caching bean &apos;org.springframework.context.annotation.internalPersistenceAnnotationProcessor&apos; to allow for resolving potential circular references
LOG4J20:17:24,872 DEBUG DefaultListableBeanFactory:477 - Finished creating instance of bean &apos;org.springframework.context.annotation.internalPersistenceAnnotationProcessor&apos;
LOG4J20:17:24,872 DEBUG DefaultListableBeanFactory:221 - Creating shared instance of singleton bean &apos;org.springframework.data.repository.core.support.RepositoryInterfaceAwareBeanPostProcessor&apos;
LOG4J20:17:24,873 DEBUG DefaultListableBeanFactory:449 - Creating instance of bean &apos;org.springframework.data.repository.core.support.RepositoryInterfaceAwareBeanPostProcessor&apos;
LOG4J20:17:24,873 DEBUG DefaultListableBeanFactory:523 - Eagerly caching bean &apos;org.springframework.data.repository.core.support.RepositoryInterfaceAwareBeanPostProcessor&apos; to allow for resolving potential circular references
LOG4J20:17:24,874 DEBUG DefaultListableBeanFactory:477 - Finished creating instance of bean &apos;org.springframework.data.repository.core.support.RepositoryInterfaceAwareBeanPostProcessor&apos;
LOG4J20:17:24,874 DEBUG DefaultListableBeanFactory:221 - Creating shared instance of singleton bean &apos;org.springframework.context.annotation.ConfigurationClassPostProcessor.importAwareProcessor&apos;
LOG4J20:17:24,875 DEBUG DefaultListableBeanFactory:449 - Creating instance of bean &apos;org.springframework.context.annotation.ConfigurationClassPostProcessor.importAwareProcessor&apos;
LOG4J20:17:24,875 DEBUG DefaultListableBeanFactory:523 - Eagerly caching bean &apos;org.springframework.context.annotation.ConfigurationClassPostProcessor.importAwareProcessor&apos; to allow for resolving potential circular references
LOG4J20:17:24,876 DEBUG DefaultListableBeanFactory:477 - Finished creating instance of bean &apos;org.springframework.context.annotation.ConfigurationClassPostProcessor.importAwareProcessor&apos;
LOG4J20:17:24,876 DEBUG DefaultListableBeanFactory:221 - Creating shared instance of singleton bean &apos;org.springframework.context.annotation.ConfigurationClassPostProcessor.enhancedConfigurationProcessor&apos;
LOG4J20:17:24,876 DEBUG DefaultListableBeanFactory:449 - Creating instance of bean &apos;org.springframework.context.annotation.ConfigurationClassPostProcessor.enhancedConfigurationProcessor&apos;
LOG4J20:17:24,877 DEBUG DefaultListableBeanFactory:523 - Eagerly caching bean &apos;org.springframework.context.annotation.ConfigurationClassPostProcessor.enhancedConfigurationProcessor&apos; to allow for resolving potential circular references
LOG4J20:17:24,878 DEBUG DefaultListableBeanFactory:477 - Finished creating instance of bean &apos;org.springframework.context.annotation.ConfigurationClassPostProcessor.enhancedConfigurationProcessor&apos;
LOG4J20:17:24,879 DEBUG DefaultListableBeanFactory:221 - Creating shared instance of singleton bean &apos;org.springframework.aop.config.internalAutoProxyCreator&apos;
LOG4J20:17:24,879 DEBUG DefaultListableBeanFactory:449 - Creating instance of bean &apos;org.springframework.aop.config.internalAutoProxyCreator&apos;
LOG4J20:17:24,900 DEBUG DefaultListableBeanFactory:523 - Eagerly caching bean &apos;org.springframework.aop.config.internalAutoProxyCreator&apos; to allow for resolving potential circular references
LOG4J20:17:24,965 DEBUG DefaultListableBeanFactory:477 - Finished creating instance of bean &apos;org.springframework.aop.config.internalAutoProxyCreator&apos;
LOG4J20:17:24,970 DEBUG GenericApplicationContext:651 - Unable to locate MessageSource with name &apos;messageSource&apos;: using default [org.springframework.context.support.DelegatingMessageSource@49d3c823]
LOG4J20:17:24,975 DEBUG GenericApplicationContext:675 - Unable to locate ApplicationEventMulticaster with name &apos;applicationEventMulticaster&apos;: using default [org.springframework.context.event.SimpleApplicationEventMulticaster@f80945f]
LOG4J20:17:24,984 DEBUG DefaultListableBeanFactory:221 - Creating shared instance of singleton bean &apos;entityManagerFactory&apos;
LOG4J20:17:24,984 DEBUG DefaultListableBeanFactory:449 - Creating instance of bean &apos;entityManagerFactory&apos;
LOG4J20:17:25,016 DEBUG DefaultListableBeanFactory:523 - Eagerly caching bean &apos;entityManagerFactory&apos; to allow for resolving potential circular references
LOG4J20:17:25,070 DEBUG DefaultListableBeanFactory:221 - Creating shared instance of singleton bean &apos;dataSource&apos;
LOG4J20:17:25,070 DEBUG DefaultListableBeanFactory:449 - Creating instance of bean &apos;dataSource&apos;
LOG4J20:17:25,077 DEBUG DefaultListableBeanFactory:523 - Eagerly caching bean &apos;dataSource&apos; to allow for resolving potential circular references
LOG4J20:17:25,115 DEBUG BeanUtils:456 - No property editor [org.springframework.jdbc.datasource.embedded.EmbeddedDatabaseTypeEditor] found for type org.springframework.jdbc.datasource.embedded.EmbeddedDatabaseType according to &apos;Editor&apos; suffix convention
LOG4J20:17:25,126 DEBUG DefaultListableBeanFactory:1596 - Invoking afterPropertiesSet() on bean with name &apos;dataSource&apos;
LOG4J20:17:25,127  INFO EmbeddedDatabaseFactory:147 - Creating embedded database &apos;dataSource&apos;
LOG4J20:17:25,143 DEBUG DefaultListableBeanFactory:221 - Creating shared instance of singleton bean &apos;org.springframework.transaction.config.internalTransactionAdvisor&apos;
LOG4J20:17:25,144 DEBUG DefaultListableBeanFactory:449 - Creating instance of bean &apos;org.springframework.transaction.config.internalTransactionAdvisor&apos;
LOG4J20:17:25,148 DEBUG DefaultListableBeanFactory:523 - Eagerly caching bean &apos;org.springframework.transaction.config.internalTransactionAdvisor&apos; to allow for resolving potential circular references
LOG4J20:17:25,159 DEBUG DefaultListableBeanFactory:221 - Creating shared instance of singleton bean &apos;org.springframework.transaction.annotation.AnnotationTransactionAttributeSource#0&apos;
LOG4J20:17:25,160 DEBUG DefaultListableBeanFactory:449 - Creating instance of bean &apos;org.springframework.transaction.annotation.AnnotationTransactionAttributeSource#0&apos;
LOG4J20:17:25,163 DEBUG DefaultListableBeanFactory:523 - Eagerly caching bean &apos;org.springframework.transaction.annotation.AnnotationTransactionAttributeSource#0&apos; to allow for resolving potential circular references
LOG4J20:17:25,171 DEBUG BeanFactoryAdvisorRetrievalHelper:87 - Skipping currently created advisor &apos;org.springframework.transaction.config.internalTransactionAdvisor&apos;
LOG4J20:17:25,176 DEBUG DefaultListableBeanFactory:477 - Finished creating instance of bean &apos;org.springframework.transaction.annotation.AnnotationTransactionAttributeSource#0&apos;
LOG4J20:17:25,178 DEBUG DefaultListableBeanFactory:477 - Finished creating instance of bean &apos;org.springframework.transaction.config.internalTransactionAdvisor&apos;
LOG4J20:17:25,182 DEBUG DefaultListableBeanFactory:477 - Finished creating instance of bean &apos;dataSource&apos;
LOG4J20:17:25,183 DEBUG DefaultListableBeanFactory:247 - Returning cached instance of singleton bean &apos;org.springframework.transaction.config.internalTransactionAdvisor&apos;
LOG4J20:17:25,187 DEBUG DefaultListableBeanFactory:221 - Creating shared instance of singleton bean &apos;jpaVendorAdapter&apos;
LOG4J20:17:25,187 DEBUG DefaultListableBeanFactory:449 - Creating instance of bean &apos;jpaVendorAdapter&apos;
LOG4J20:17:25,287 DEBUG logging:55 - Logging Provider: org.jboss.logging.Log4jLoggerProvider
LOG4J20:17:25,292 DEBUG DefaultListableBeanFactory:523 - Eagerly caching bean &apos;jpaVendorAdapter&apos; to allow for resolving potential circular references
LOG4J20:17:25,307 DEBUG BeanUtils:456 - No property editor [org.springframework.orm.jpa.vendor.DatabaseEditor] found for type org.springframework.orm.jpa.vendor.Database according to &apos;Editor&apos; suffix convention
LOG4J20:17:25,308 DEBUG DefaultListableBeanFactory:247 - Returning cached instance of singleton bean &apos;org.springframework.transaction.config.internalTransactionAdvisor&apos;
LOG4J20:17:25,310 DEBUG DefaultListableBeanFactory:477 - Finished creating instance of bean &apos;jpaVendorAdapter&apos;
LOG4J20:17:25,327 DEBUG DefaultListableBeanFactory:1596 - Invoking afterPropertiesSet() on bean with name &apos;entityManagerFactory&apos;
LOG4J20:17:25,345 DEBUG PathMatchingResourcePatternResolver:556 - Looking for matching resources in directory tree [C:\Users\andres\Documents\GitHub\pgrproyecto\target\classes\com\tservice\Model]
LOG4J20:17:25,351 DEBUG PathMatchingResourcePatternResolver:618 - Searching directory [C:\Users\andres\Documents\GitHub\pgrproyecto\target\classes\com\tservice\Model] for files matching pattern [C:/Users/andres/Documents/GitHub/pgrproyecto/target/classes/com/tservice/Model/**/*.class]
LOG4J20:17:25,355 DEBUG PathMatchingResourcePatternResolver:357 - Resolved location pattern [classpath*:com/tservice/Model/**/*.class] to resources [file [C:\Users\andres\Documents\GitHub\pgrproyecto\target\classes\com\tservice\Model\Carreras.class], file [C:\Users\andres\Documents\GitHub\pgrproyecto\target\classes\com\tservice\Model\Edificio.class], file [C:\Users\andres\Documents\GitHub\pgrproyecto\target\classes\com\tservice\Model\Eventos.class], file [C:\Users\andres\Documents\GitHub\pgrproyecto\target\classes\com\tservice\Model\Grupos.class], file [C:\Users\andres\Documents\GitHub\pgrproyecto\target\classes\com\tservice\Model\Mensajes.class], file [C:\Users\andres\Documents\GitHub\pgrproyecto\target\classes\com\tservice\Model\Usuarios.class]]
LOG4J20:17:25,410  INFO LocalContainerEntityManagerFactoryBean:334 - Building JPA container EntityManagerFactory for persistence unit &apos;default&apos;
[HIBERNATE] --&gt; 20:17:25 INFO  org.hibernate.jpa.internal.util.LogHelper - HHH000204: Processing PersistenceUnitInfo [
	name: default
	...]
LOG4J20:17:25,461  INFO LogHelper:46 - HHH000204: Processing PersistenceUnitInfo [
	name: default
	...]
[HIBERNATE] --&gt; 20:17:25 INFO  org.hibernate.Version - HHH000412: Hibernate Core {4.3.7.Final}
LOG4J20:17:25,655  INFO Version:54 - HHH000412: Hibernate Core {4.3.7.Final}
[HIBERNATE] --&gt; 20:17:25 INFO  org.hibernate.cfg.Environment - HHH000206: hibernate.properties not found
LOG4J20:17:25,659  INFO Environment:239 - HHH000206: hibernate.properties not found
[HIBERNATE] --&gt; 20:17:25 INFO  org.hibernate.cfg.Environment - HHH000021: Bytecode provider name : javassist
LOG4J20:17:25,665  INFO Environment:346 - HHH000021: Bytecode provider name : javassist
[HIBERNATE] --&gt; 20:17:25 DEBUG org.hibernate.type.BasicTypeRegistry - Adding type registration boolean -&gt; org.hibernate.type.BooleanType@251ebf23
LOG4J20:17:25,973 DEBUG BasicTypeRegistry:146 - Adding type registration boolean -&gt; org.hibernate.type.BooleanType@251ebf23
[HIBERNATE] --&gt; 20:17:25 DEBUG org.hibernate.type.BasicTypeRegistry - Adding type registration boolean -&gt; org.hibernate.type.BooleanType@251ebf23
LOG4J20:17:25,974 DEBUG BasicTypeRegistry:146 - Adding type registration boolean -&gt; org.hibernate.type.BooleanType@251ebf23
[HIBERNATE] --&gt; 20:17:25 DEBUG org.hibernate.type.BasicTypeRegistry - Adding type registration java.lang.Boolean -&gt; org.hibernate.type.BooleanType@251ebf23
LOG4J20:17:25,975 DEBUG BasicTypeRegistry:146 - Adding type registration java.lang.Boolean -&gt; org.hibernate.type.BooleanType@251ebf23
[HIBERNATE] --&gt; 20:17:25 DEBUG org.hibernate.type.BasicTypeRegistry - Adding type registration numeric_boolean -&gt; org.hibernate.type.NumericBooleanType@62df0ff3
LOG4J20:17:25,977 DEBUG BasicTypeRegistry:146 - Adding type registration numeric_boolean -&gt; org.hibernate.type.NumericBooleanType@62df0ff3
[HIBERNATE] --&gt; 20:17:25 DEBUG org.hibernate.type.BasicTypeRegistry - Adding type registration true_false -&gt; org.hibernate.type.TrueFalseType@6c2d4cc6
LOG4J20:17:25,981 DEBUG BasicTypeRegistry:146 - Adding type registration true_false -&gt; org.hibernate.type.TrueFalseType@6c2d4cc6
[HIBERNATE] --&gt; 20:17:25 DEBUG org.hibernate.type.BasicTypeRegistry - Adding type registration yes_no -&gt; org.hibernate.type.YesNoType@71b1a49c
LOG4J20:17:25,982 DEBUG BasicTypeRegistry:146 - Adding type registration yes_no -&gt; org.hibernate.type.YesNoType@71b1a49c
[HIBERNATE] --&gt; 20:17:25 DEBUG org.hibernate.type.BasicTypeRegistry - Adding type registration byte -&gt; org.hibernate.type.ByteType@63034ed1
LOG4J20:17:25,985 DEBUG BasicTypeRegistry:146 - Adding type registration byte -&gt; org.hibernate.type.ByteType@63034ed1
[HIBERNATE] --&gt; 20:17:25 DEBUG org.hibernate.type.BasicTypeRegistry - Adding type registration byte -&gt; org.hibernate.type.ByteType@63034ed1
LOG4J20:17:25,985 DEBUG BasicTypeRegistry:146 - Adding type registration byte -&gt; org.hibernate.type.ByteType@63034ed1
[HIBERNATE] --&gt; 20:17:25 DEBUG org.hibernate.type.BasicTypeRegistry - Adding type registration java.lang.Byte -&gt; org.hibernate.type.ByteType@63034ed1
LOG4J20:17:25,986 DEBUG BasicTypeRegistry:146 - Adding type registration java.lang.Byte -&gt; org.hibernate.type.ByteType@63034ed1
[HIBERNATE] --&gt; 20:17:25 DEBUG org.hibernate.type.BasicTypeRegistry - Adding type registration character -&gt; org.hibernate.type.CharacterType@420745d7
LOG4J20:17:25,988 DEBUG BasicTypeRegistry:146 - Adding type registration character -&gt; org.hibernate.type.CharacterType@420745d7
[HIBERNATE] --&gt; 20:17:25 DEBUG org.hibernate.type.BasicTypeRegistry - Adding type registration char -&gt; org.hibernate.type.CharacterType@420745d7
LOG4J20:17:25,988 DEBUG BasicTypeRegistry:146 - Adding type registration char -&gt; org.hibernate.type.CharacterType@420745d7
[HIBERNATE] --&gt; 20:17:25 DEBUG org.hibernate.type.BasicTypeRegistry - Adding type registration java.lang.Character -&gt; org.hibernate.type.CharacterType@420745d7
LOG4J20:17:25,988 DEBUG BasicTypeRegistry:146 - Adding type registration java.lang.Character -&gt; org.hibernate.type.CharacterType@420745d7
[HIBERNATE] --&gt; 20:17:25 DEBUG org.hibernate.type.BasicTypeRegistry - Adding type registration short -&gt; org.hibernate.type.ShortType@6594402a
LOG4J20:17:25,991 DEBUG BasicTypeRegistry:146 - Adding type registration short -&gt; org.hibernate.type.ShortType@6594402a
[HIBERNATE] --&gt; 20:17:25 DEBUG org.hibernate.type.BasicTypeRegistry - Adding type registration short -&gt; org.hibernate.type.ShortType@6594402a
LOG4J20:17:25,992 DEBUG BasicTypeRegistry:146 - Adding type registration short -&gt; org.hibernate.type.ShortType@6594402a
[HIBERNATE] --&gt; 20:17:25 DEBUG org.hibernate.type.BasicTypeRegistry - Adding type registration java.lang.Short -&gt; org.hibernate.type.ShortType@6594402a
LOG4J20:17:25,992 DEBUG BasicTypeRegistry:146 - Adding type registration java.lang.Short -&gt; org.hibernate.type.ShortType@6594402a
[HIBERNATE] --&gt; 20:17:25 DEBUG org.hibernate.type.BasicTypeRegistry - Adding type registration integer -&gt; org.hibernate.type.IntegerType@38600b
LOG4J20:17:25,994 DEBUG BasicTypeRegistry:146 - Adding type registration integer -&gt; org.hibernate.type.IntegerType@38600b
[HIBERNATE] --&gt; 20:17:25 DEBUG org.hibernate.type.BasicTypeRegistry - Adding type registration int -&gt; org.hibernate.type.IntegerType@38600b
LOG4J20:17:25,994 DEBUG BasicTypeRegistry:146 - Adding type registration int -&gt; org.hibernate.type.IntegerType@38600b
[HIBERNATE] --&gt; 20:17:25 DEBUG org.hibernate.type.BasicTypeRegistry - Adding type registration java.lang.Integer -&gt; org.hibernate.type.IntegerType@38600b
LOG4J20:17:25,995 DEBUG BasicTypeRegistry:146 - Adding type registration java.lang.Integer -&gt; org.hibernate.type.IntegerType@38600b
[HIBERNATE] --&gt; 20:17:25 DEBUG org.hibernate.type.BasicTypeRegistry - Adding type registration long -&gt; org.hibernate.type.LongType@76f10035
LOG4J20:17:25,998 DEBUG BasicTypeRegistry:146 - Adding type registration long -&gt; org.hibernate.type.LongType@76f10035
[HIBERNATE] --&gt; 20:17:25 DEBUG org.hibernate.type.BasicTypeRegistry - Adding type registration long -&gt; org.hibernate.type.LongType@76f10035
LOG4J20:17:25,998 DEBUG BasicTypeRegistry:146 - Adding type registration long -&gt; org.hibernate.type.LongType@76f10035
[HIBERNATE] --&gt; 20:17:25 DEBUG org.hibernate.type.BasicTypeRegistry - Adding type registration java.lang.Long -&gt; org.hibernate.type.LongType@76f10035
LOG4J20:17:25,999 DEBUG BasicTypeRegistry:146 - Adding type registration java.lang.Long -&gt; org.hibernate.type.LongType@76f10035
[HIBERNATE] --&gt; 20:17:26 DEBUG org.hibernate.type.BasicTypeRegistry - Adding type registration float -&gt; org.hibernate.type.FloatType@2c0f7678
LOG4J20:17:26,003 DEBUG BasicTypeRegistry:146 - Adding type registration float -&gt; org.hibernate.type.FloatType@2c0f7678
[HIBERNATE] --&gt; 20:17:26 DEBUG org.hibernate.type.BasicTypeRegistry - Adding type registration float -&gt; org.hibernate.type.FloatType@2c0f7678
LOG4J20:17:26,003 DEBUG BasicTypeRegistry:146 - Adding type registration float -&gt; org.hibernate.type.FloatType@2c0f7678
[HIBERNATE] --&gt; 20:17:26 DEBUG org.hibernate.type.BasicTypeRegistry - Adding type registration java.lang.Float -&gt; org.hibernate.type.FloatType@2c0f7678
LOG4J20:17:26,004 DEBUG BasicTypeRegistry:146 - Adding type registration java.lang.Float -&gt; org.hibernate.type.FloatType@2c0f7678
[HIBERNATE] --&gt; 20:17:26 DEBUG org.hibernate.type.BasicTypeRegistry - Adding type registration double -&gt; org.hibernate.type.DoubleType@5c09d180
LOG4J20:17:26,008 DEBUG BasicTypeRegistry:146 - Adding type registration double -&gt; org.hibernate.type.DoubleType@5c09d180
[HIBERNATE] --&gt; 20:17:26 DEBUG org.hibernate.type.BasicTypeRegistry - Adding type registration double -&gt; org.hibernate.type.DoubleType@5c09d180
LOG4J20:17:26,009 DEBUG BasicTypeRegistry:146 - Adding type registration double -&gt; org.hibernate.type.DoubleType@5c09d180
[HIBERNATE] --&gt; 20:17:26 DEBUG org.hibernate.type.BasicTypeRegistry - Adding type registration java.lang.Double -&gt; org.hibernate.type.DoubleType@5c09d180
LOG4J20:17:26,009 DEBUG BasicTypeRegistry:146 - Adding type registration java.lang.Double -&gt; org.hibernate.type.DoubleType@5c09d180
[HIBERNATE] --&gt; 20:17:26 DEBUG org.hibernate.type.BasicTypeRegistry - Adding type registration big_decimal -&gt; org.hibernate.type.BigDecimalType@28b576a9
LOG4J20:17:26,013 DEBUG BasicTypeRegistry:146 - Adding type registration big_decimal -&gt; org.hibernate.type.BigDecimalType@28b576a9
[HIBERNATE] --&gt; 20:17:26 DEBUG org.hibernate.type.BasicTypeRegistry - Adding type registration java.math.BigDecimal -&gt; org.hibernate.type.BigDecimalType@28b576a9
LOG4J20:17:26,014 DEBUG BasicTypeRegistry:146 - Adding type registration java.math.BigDecimal -&gt; org.hibernate.type.BigDecimalType@28b576a9
[HIBERNATE] --&gt; 20:17:26 DEBUG org.hibernate.type.BasicTypeRegistry - Adding type registration big_integer -&gt; org.hibernate.type.BigIntegerType@3c1e23ff
LOG4J20:17:26,017 DEBUG BasicTypeRegistry:146 - Adding type registration big_integer -&gt; org.hibernate.type.BigIntegerType@3c1e23ff
[HIBERNATE] --&gt; 20:17:26 DEBUG org.hibernate.type.BasicTypeRegistry - Adding type registration java.math.BigInteger -&gt; org.hibernate.type.BigIntegerType@3c1e23ff
LOG4J20:17:26,017 DEBUG BasicTypeRegistry:146 - Adding type registration java.math.BigInteger -&gt; org.hibernate.type.BigIntegerType@3c1e23ff
[HIBERNATE] --&gt; 20:17:26 DEBUG org.hibernate.type.BasicTypeRegistry - Adding type registration string -&gt; org.hibernate.type.StringType@37ff4054
LOG4J20:17:26,020 DEBUG BasicTypeRegistry:146 - Adding type registration string -&gt; org.hibernate.type.StringType@37ff4054
[HIBERNATE] --&gt; 20:17:26 DEBUG org.hibernate.type.BasicTypeRegistry - Adding type registration java.lang.String -&gt; org.hibernate.type.StringType@37ff4054
LOG4J20:17:26,021 DEBUG BasicTypeRegistry:146 - Adding type registration java.lang.String -&gt; org.hibernate.type.StringType@37ff4054
[HIBERNATE] --&gt; 20:17:26 DEBUG org.hibernate.type.BasicTypeRegistry - Adding type registration nstring -&gt; org.hibernate.type.StringNVarcharType@3359c978
LOG4J20:17:26,023 DEBUG BasicTypeRegistry:146 - Adding type registration nstring -&gt; org.hibernate.type.StringNVarcharType@3359c978
[HIBERNATE] --&gt; 20:17:26 DEBUG org.hibernate.type.BasicTypeRegistry - Adding type registration ncharacter -&gt; org.hibernate.type.CharacterNCharType@1f9d6c7b
LOG4J20:17:26,025 DEBUG BasicTypeRegistry:146 - Adding type registration ncharacter -&gt; org.hibernate.type.CharacterNCharType@1f9d6c7b
[HIBERNATE] --&gt; 20:17:26 DEBUG org.hibernate.type.BasicTypeRegistry - Adding type registration url -&gt; org.hibernate.type.UrlType@181d7f28
LOG4J20:17:26,027 DEBUG BasicTypeRegistry:146 - Adding type registration url -&gt; org.hibernate.type.UrlType@181d7f28
[HIBERNATE] --&gt; 20:17:26 DEBUG org.hibernate.type.BasicTypeRegistry - Adding type registration java.net.URL -&gt; org.hibernate.type.UrlType@181d7f28
LOG4J20:17:26,028 DEBUG BasicTypeRegistry:146 - Adding type registration java.net.URL -&gt; org.hibernate.type.UrlType@181d7f28
[HIBERNATE] --&gt; 20:17:26 DEBUG org.hibernate.type.BasicTypeRegistry - Adding type registration date -&gt; org.hibernate.type.DateType@676f0a60
LOG4J20:17:26,032 DEBUG BasicTypeRegistry:146 - Adding type registration date -&gt; org.hibernate.type.DateType@676f0a60
[HIBERNATE] --&gt; 20:17:26 DEBUG org.hibernate.type.BasicTypeRegistry - Adding type registration java.sql.Date -&gt; org.hibernate.type.DateType@676f0a60
LOG4J20:17:26,032 DEBUG BasicTypeRegistry:146 - Adding type registration java.sql.Date -&gt; org.hibernate.type.DateType@676f0a60
[HIBERNATE] --&gt; 20:17:26 DEBUG org.hibernate.type.BasicTypeRegistry - Adding type registration time -&gt; org.hibernate.type.TimeType@867ba60
LOG4J20:17:26,035 DEBUG BasicTypeRegistry:146 - Adding type registration time -&gt; org.hibernate.type.TimeType@867ba60
[HIBERNATE] --&gt; 20:17:26 DEBUG org.hibernate.type.BasicTypeRegistry - Adding type registration java.sql.Time -&gt; org.hibernate.type.TimeType@867ba60
LOG4J20:17:26,035 DEBUG BasicTypeRegistry:146 - Adding type registration java.sql.Time -&gt; org.hibernate.type.TimeType@867ba60
[...]
LOG4J20:17:29,330 DEBUG DefaultListableBeanFactory:221 - Creating shared instance of singleton bean &apos;org.springframework.orm.jpa.SharedEntityManagerCreator#0&apos;
LOG4J20:17:29,331 DEBUG DefaultListableBeanFactory:449 - Creating instance of bean &apos;org.springframework.orm.jpa.SharedEntityManagerCreator#0&apos;
LOG4J20:17:29,331 DEBUG DefaultListableBeanFactory:247 - Returning cached instance of singleton bean &apos;entityManagerFactory&apos;
LOG4J20:17:29,332 DEBUG DefaultListableBeanFactory:523 - Eagerly caching bean &apos;org.springframework.orm.jpa.SharedEntityManagerCreator#0&apos; to allow for resolving potential circular references
LOG4J20:17:29,333 DEBUG DefaultListableBeanFactory:247 - Returning cached instance of singleton bean &apos;org.springframework.transaction.config.internalTransactionAdvisor&apos;
LOG4J20:17:29,333 DEBUG DefaultListableBeanFactory:477 - Finished creating instance of bean &apos;org.springframework.orm.jpa.SharedEntityManagerCreator#0&apos;
LOG4J20:17:29,335 DEBUG GenericApplicationContext:702 - Unable to locate LifecycleProcessor with name &apos;lifecycleProcessor&apos;: using default [org.springframework.context.support.DefaultLifecycleProcessor@474179fa]
LOG4J20:17:29,336 DEBUG DefaultListableBeanFactory:247 - Returning cached instance of singleton bean &apos;lifecycleProcessor&apos;
LOG4J20:17:29,340 DEBUG PropertySourcesPropertyResolver:81 - Searching for key &apos;spring.liveBeansView.mbeanDomain&apos; in [systemProperties]
LOG4J20:17:29,341 DEBUG PropertySourcesPropertyResolver:81 - Searching for key &apos;spring.liveBeansView.mbeanDomain&apos; in [systemEnvironment]
LOG4J20:17:29,341 DEBUG PropertySourcesPropertyResolver:103 - Could not find key &apos;spring.liveBeansView.mbeanDomain&apos; in any property source. Returning [null]
LOG4J20:17:29,342 DEBUG CacheAwareContextLoaderDelegate:97 - Storing ApplicationContext in cache under key [[MergedContextConfiguration@6e75aa0d testClass = pruebas, locations = &apos;{classpath:applicationContextH2.xml}&apos;, classes = &apos;{}&apos;, contextInitializerClasses = &apos;[]&apos;, activeProfiles = &apos;{}&apos;, contextLoader = &apos;org.springframework.test.context.support.DelegatingSmartContextLoader&apos;, parent = [null]]]
LOG4J20:17:29,343 DEBUG cache:114 - Spring test ApplicationContext cache statistics: [ContextCache@67eec8e1 size = 1, hitCount = 0, missCount = 1, parentContextCount = 0]
LOG4J20:17:29,346 DEBUG InjectionMetadata:86 - Processing injected element of bean &apos;pruebas&apos;: AutowiredFieldElement for com.tservice.facade.facade pruebas.l
LOG4J20:17:29,346 DEBUG DefaultListableBeanFactory:247 - Returning cached instance of singleton bean &apos;facade&apos;
LOG4J20:17:29,347 DEBUG AutowiredAnnotationBeanPostProcessor:441 - Autowiring by type from bean name &apos;pruebas&apos; to bean named &apos;facade&apos;
LOG4J20:17:29,348 DEBUG DefaultListableBeanFactory:247 - Returning cached instance of singleton bean &apos;org.springframework.transaction.config.internalTransactionAdvisor&apos;
LOG4J20:17:32,409 DEBUG TransactionalRepositoryProxyPostProcessor$CustomAnnotationTransactionAttributeSource:299 - Adding transactional method &apos;exists&apos; with attribute: PROPAGATION_REQUIRED,ISOLATION_DEFAULT,readOnly; &apos;&apos;
LOG4J20:17:32,410 DEBUG DefaultListableBeanFactory:247 - Returning cached instance of singleton bean &apos;transactionManager&apos;
LOG4J20:17:32,423 DEBUG JpaTransactionManager:367 - Creating new transaction with name [org.springframework.data.jpa.repository.support.SimpleJpaRepository.exists]: PROPAGATION_REQUIRED,ISOLATION_DEFAULT,readOnly; &apos;&apos;
LOG4J20:17:32,425 DEBUG JpaTransactionManager:371 - Opened new EntityManager [org.hibernate.jpa.internal.EntityManagerImpl@2272cbb0] for JPA transaction
LOG4J20:17:32,439 DEBUG SimpleDriverDataSource:138 - Creating new JDBC Driver Connection to [jdbc:h2:mem:dataSource;DB_CLOSE_DELAY=-1;DB_CLOSE_ON_EXIT=false]
LOG4J20:17:32,461 DEBUG JpaTransactionManager:403 - Exposing JPA transaction as JDBC transaction [org.springframework.orm.jpa.vendor.HibernateJpaDialect$HibernateConnectionHandle@1a01d7f0]
[HIBERNATE] --&gt; 20:17:32 DEBUG org.hibernate.hql.internal.ast.QueryTranslatorImpl - parse() - HQL: select count(*) from com.tservice.Model.Usuarios x WHERE x.carne = :carne AND 1 = 1
LOG4J20:17:32,728 DEBUG QueryTranslatorImpl:294 - parse() - HQL: select count(*) from com.tservice.Model.Usuarios x WHERE x.carne = :carne AND 1 = 1
[HIBERNATE] --&gt; 20:17:32 DEBUG org.hibernate.hql.internal.ast.QueryTranslatorImpl - --- HQL AST ---
 \-[QUERY] Node: &apos;query&apos;
    +-[SELECT_FROM] Node: &apos;SELECT_FROM&apos;
    |  +-[FROM] Node: &apos;from&apos;
    |  |  \-[RANGE] Node: &apos;RANGE&apos;
    |  |     +-[DOT] Node: &apos;.&apos;
    |  |     |  +-[DOT] Node: &apos;.&apos;
    |  |     |  |  +-[DOT] Node: &apos;.&apos;
    |  |     |  |  |  +-[IDENT] Node: &apos;com&apos;
    |  |     |  |  |  \-[IDENT] Node: &apos;tservice&apos;
    |  |     |  |  \-[IDENT] Node: &apos;Model&apos;
    |  |     |  \-[IDENT] Node: &apos;Usuarios&apos;
    |  |     \-[ALIAS] Node: &apos;x&apos;
    |  \-[SELECT] Node: &apos;select&apos;
    |     \-[COUNT] Node: &apos;count&apos;
    |        \-[ROW_STAR] Node: &apos;*&apos;
    \-[WHERE] Node: &apos;WHERE&apos;
       \-[AND] Node: &apos;AND&apos;
          +-[EQ] Node: &apos;=&apos;
          |  +-[DOT] Node: &apos;.&apos;
          |  |  +-[IDENT] Node: &apos;x&apos;
          |  |  \-[IDENT] Node: &apos;carne&apos;
          |  \-[COLON] Node: &apos;:&apos;
          |     \-[IDENT] Node: &apos;carne&apos;
          \-[EQ] Node: &apos;=&apos;
             +-[NUM_INT] Node: &apos;1&apos;
             \-[NUM_INT] Node: &apos;1&apos;

LOG4J20:17:32,790 DEBUG QueryTranslatorImpl:312 - --- HQL AST ---
 \-[QUERY] Node: &apos;query&apos;
    +-[SELECT_FROM] Node: &apos;SELECT_FROM&apos;
    |  +-[FROM] Node: &apos;from&apos;
    |  |  \-[RANGE] Node: &apos;RANGE&apos;
    |  |     +-[DOT] Node: &apos;.&apos;
    |  |     |  +-[DOT] Node: &apos;.&apos;
    |  |     |  |  +-[DOT] Node: &apos;.&apos;
    |  |     |  |  |  +-[IDENT] Node: &apos;com&apos;
    |  |     |  |  |  \-[IDENT] Node: &apos;tservice&apos;
    |  |     |  |  \-[IDENT] Node: &apos;Model&apos;
    |  |     |  \-[IDENT] Node: &apos;Usuarios&apos;
    |  |     \-[ALIAS] Node: &apos;x&apos;
    |  \-[SELECT] Node: &apos;select&apos;
    |     \-[COUNT] Node: &apos;count&apos;
    |        \-[ROW_STAR] Node: &apos;*&apos;
    \-[WHERE] Node: &apos;WHERE&apos;
       \-[AND] Node: &apos;AND&apos;
          +-[EQ] Node: &apos;=&apos;
          |  +-[DOT] Node: &apos;.&apos;
          |  |  +-[IDENT] Node: &apos;x&apos;
          |  |  \-[IDENT] Node: &apos;carne&apos;
          |  \-[COLON] Node: &apos;:&apos;
          |     \-[IDENT] Node: &apos;carne&apos;
          \-[EQ] Node: &apos;=&apos;
             +-[NUM_INT] Node: &apos;1&apos;
             \-[NUM_INT] Node: &apos;1&apos;

[HIBERNATE] --&gt; 20:17:32 DEBUG org.hibernate.hql.internal.ast.ErrorCounter - throwQueryException() : no errors
LOG4J20:17:32,793 DEBUG ErrorCounter:113 - throwQueryException() : no errors
[HIBERNATE] --&gt; 20:17:32 DEBUG org.hibernate.hql.internal.antlr.HqlSqlBaseWalker - select &lt;&lt; begin [level=1, statement=select]
LOG4J20:17:32,936 DEBUG HqlSqlBaseWalker:121 - select &lt;&lt; begin [level=1, statement=select]
[HIBERNATE] --&gt; 20:17:33 DEBUG org.hibernate.hql.internal.ast.tree.FromElement - FromClause{level=1} : com.tservice.Model.Usuarios (x) -&gt; usuarios0_
LOG4J20:17:33,034 DEBUG FromElement:158 - FromClause{level=1} : com.tservice.Model.Usuarios (x) -&gt; usuarios0_
[HIBERNATE] --&gt; 20:17:33 DEBUG org.hibernate.hql.internal.ast.tree.FromReferenceNode - Resolved : x -&gt; usuarios0_.carne
LOG4J20:17:33,055 DEBUG FromReferenceNode:77 - Resolved : x -&gt; usuarios0_.carne
[HIBERNATE] --&gt; 20:17:33 DEBUG org.hibernate.hql.internal.ast.tree.DotNode - getDataType() : carne -&gt; org.hibernate.type.IntegerType@38600b
LOG4J20:17:33,062 DEBUG DotNode:656 - getDataType() : carne -&gt; org.hibernate.type.IntegerType@38600b
[HIBERNATE] --&gt; 20:17:33 DEBUG org.hibernate.hql.internal.ast.tree.FromReferenceNode - Resolved : x.carne -&gt; usuarios0_.carne
LOG4J20:17:33,069 DEBUG FromReferenceNode:77 - Resolved : x.carne -&gt; usuarios0_.carne
[HIBERNATE] --&gt; 20:17:33 DEBUG org.hibernate.hql.internal.antlr.HqlSqlBaseWalker - select : finishing up [level=1, statement=select]
LOG4J20:17:33,093 DEBUG HqlSqlBaseWalker:125 - select : finishing up [level=1, statement=select]
[HIBERNATE] --&gt; 20:17:33 DEBUG org.hibernate.hql.internal.ast.HqlSqlWalker - processQuery() :  ( SELECT ( {select clause} ( count * ) ) ( FromClause{level=1} usuarios usuarios0_ ) ( WHERE ( AND ( = ( usuarios0_.carne usuarios0_.carne carne ) ? ) ( = 1 1 ) ) ) )
LOG4J20:17:33,096 DEBUG HqlSqlWalker:665 - processQuery() :  ( SELECT ( {select clause} ( count * ) ) ( FromClause{level=1} usuarios usuarios0_ ) ( WHERE ( AND ( = ( usuarios0_.carne usuarios0_.carne carne ) ? ) ( = 1 1 ) ) ) )
[HIBERNATE] --&gt; 20:17:33 DEBUG org.hibernate.hql.internal.ast.util.JoinProcessor - Using FROM fragment [usuarios usuarios0_]
LOG4J20:17:33,140 DEBUG JoinProcessor:187 - Using FROM fragment [usuarios usuarios0_]
[HIBERNATE] --&gt; 20:17:33 DEBUG org.hibernate.hql.internal.antlr.HqlSqlBaseWalker - select &gt;&gt; end [level=1, statement=select]
LOG4J20:17:33,143 DEBUG HqlSqlBaseWalker:129 - select &gt;&gt; end [level=1, statement=select]
[HIBERNATE] --&gt; 20:17:33 DEBUG org.hibernate.hql.internal.ast.QueryTranslatorImpl - --- SQL AST ---
 \-[SELECT] QueryNode: &apos;SELECT&apos;  querySpaces (usuarios)
    +-[SELECT_CLAUSE] SelectClause: &apos;{select clause}&apos;
    |  +-[COUNT] CountNode: &apos;count&apos;
    |  |  \-[ROW_STAR] SqlNode: &apos;*&apos;
    |  \-[SELECT_COLUMNS] SqlNode: &apos; as col_0_0_&apos;
    +-[FROM] FromClause: &apos;from&apos; FromClause{level=1, fromElementCounter=1, fromElements=1, fromElementByClassAlias=[x], fromElementByTableAlias=[usuarios0_], fromElementsByPath=[], collectionJoinFromElementsByPath=[], impliedElements=[]}
    |  \-[FROM_FRAGMENT] FromElement: &apos;usuarios usuarios0_&apos; FromElement{explicit,not a collection join,not a fetch join,fetch non-lazy properties,classAlias=x,role=null,tableName=usuarios,tableAlias=usuarios0_,origin=null,columns={,className=com.tservice.Model.Usuarios}}
    \-[WHERE] SqlNode: &apos;WHERE&apos;
       \-[AND] SqlNode: &apos;AND&apos;
          +-[EQ] BinaryLogicOperatorNode: &apos;=&apos;
          |  +-[DOT] DotNode: &apos;usuarios0_.carne&apos; {propertyName=carne,dereferenceType=PRIMITIVE,getPropertyPath=carne,path=x.carne,tableAlias=usuarios0_,className=com.tservice.Model.Usuarios,classAlias=x}
          |  |  +-[ALIAS_REF] IdentNode: &apos;usuarios0_.carne&apos; {alias=x, className=com.tservice.Model.Usuarios, tableAlias=usuarios0_}
          |  |  \-[IDENT] IdentNode: &apos;carne&apos; {originalText=carne}
          |  \-[NAMED_PARAM] ParameterNode: &apos;?&apos; {name=carne, expectedType=org.hibernate.type.IntegerType@38600b}
          \-[EQ] BinaryLogicOperatorNode: &apos;=&apos;
             +-[NUM_INT] LiteralNode: &apos;1&apos;
             \-[NUM_INT] LiteralNode: &apos;1&apos;

LOG4J20:17:33,149 DEBUG QueryTranslatorImpl:281 - --- SQL AST ---
 \-[SELECT] QueryNode: &apos;SELECT&apos;  querySpaces (usuarios)
    +-[SELECT_CLAUSE] SelectClause: &apos;{select clause}&apos;
    |  +-[COUNT] CountNode: &apos;count&apos;
    |  |  \-[ROW_STAR] SqlNode: &apos;*&apos;
    |  \-[SELECT_COLUMNS] SqlNode: &apos; as col_0_0_&apos;
    +-[FROM] FromClause: &apos;from&apos; FromClause{level=1, fromElementCounter=1, fromElements=1, fromElementByClassAlias=[x], fromElementByTableAlias=[usuarios0_], fromElementsByPath=[], collectionJoinFromElementsByPath=[], impliedElements=[]}
    |  \-[FROM_FRAGMENT] FromElement: &apos;usuarios usuarios0_&apos; FromElement{explicit,not a collection join,not a fetch join,fetch non-lazy properties,classAlias=x,role=null,tableName=usuarios,tableAlias=usuarios0_,origin=null,columns={,className=com.tservice.Model.Usuarios}}
    \-[WHERE] SqlNode: &apos;WHERE&apos;
       \-[AND] SqlNode: &apos;AND&apos;
          +-[EQ] BinaryLogicOperatorNode: &apos;=&apos;
          |  +-[DOT] DotNode: &apos;usuarios0_.carne&apos; {propertyName=carne,dereferenceType=PRIMITIVE,getPropertyPath=carne,path=x.carne,tableAlias=usuarios0_,className=com.tservice.Model.Usuarios,classAlias=x}
          |  |  +-[ALIAS_REF] IdentNode: &apos;usuarios0_.carne&apos; {alias=x, className=com.tservice.Model.Usuarios, tableAlias=usuarios0_}
          |  |  \-[IDENT] IdentNode: &apos;carne&apos; {originalText=carne}
          |  \-[NAMED_PARAM] ParameterNode: &apos;?&apos; {name=carne, expectedType=org.hibernate.type.IntegerType@38600b}
          \-[EQ] BinaryLogicOperatorNode: &apos;=&apos;
             +-[NUM_INT] LiteralNode: &apos;1&apos;
             \-[NUM_INT] LiteralNode: &apos;1&apos;

[HIBERNATE] --&gt; 20:17:33 DEBUG org.hibernate.hql.internal.ast.ErrorCounter - throwQueryException() : no errors
LOG4J20:17:33,155 DEBUG ErrorCounter:113 - throwQueryException() : no errors
[HIBERNATE] --&gt; 20:17:33 DEBUG org.hibernate.hql.internal.ast.QueryTranslatorImpl - HQL: select count(*) from com.tservice.Model.Usuarios x WHERE x.carne = :carne AND 1 = 1
LOG4J20:17:33,182 DEBUG QueryTranslatorImpl:263 - HQL: select count(*) from com.tservice.Model.Usuarios x WHERE x.carne = :carne AND 1 = 1
[HIBERNATE] --&gt; 20:17:33 DEBUG org.hibernate.hql.internal.ast.QueryTranslatorImpl - SQL: select count(*) as col_0_0_ from usuarios usuarios0_ where usuarios0_.carne=? and 1=1
LOG4J20:17:33,183 DEBUG QueryTranslatorImpl:264 - SQL: select count(*) as col_0_0_ from usuarios usuarios0_ where usuarios0_.carne=? and 1=1
[HIBERNATE] --&gt; 20:17:33 DEBUG org.hibernate.hql.internal.ast.ErrorCounter - throwQueryException() : no errors
LOG4J20:17:33,185 DEBUG ErrorCounter:113 - throwQueryException() : no errors
[HIBERNATE] --&gt; 20:17:33 DEBUG org.hibernate.SQL - select count(*) as col_0_0_ from usuarios usuarios0_ where usuarios0_.carne=? and 1=1
LOG4J20:17:33,332 DEBUG SQL:109 - select count(*) as col_0_0_ from usuarios usuarios0_ where usuarios0_.carne=? and 1=1
Hibernate: select count(*) as col_0_0_ from usuarios usuarios0_ where usuarios0_.carne=? and 1=1
[HIBERNATE] --&gt; 20:17:33 TRACE org.hibernate.type.descriptor.sql.BasicBinder - binding parameter [1] as [INTEGER] - [2087459]
LOG4J20:17:33,375 TRACE BasicBinder:81 - binding parameter [1] as [INTEGER] - [2087459]
[HIBERNATE] --&gt; 20:17:33 TRACE org.hibernate.type.descriptor.sql.BasicExtractor - extracted value ([col_0_0_] : [BIGINT]) - [0]
LOG4J20:17:33,422 TRACE BasicExtractor:78 - extracted value ([col_0_0_] : [BIGINT]) - [0]
LOG4J20:17:33,482 DEBUG JpaTransactionManager:755 - Initiating transaction commit
LOG4J20:17:33,483 DEBUG JpaTransactionManager:512 - Committing JPA transaction on EntityManager [org.hibernate.jpa.internal.EntityManagerImpl@2272cbb0]
LOG4J20:17:33,489 DEBUG JpaTransactionManager:600 - Closing JPA EntityManager [org.hibernate.jpa.internal.EntityManagerImpl@2272cbb0] after transaction
LOG4J20:17:33,490 DEBUG EntityManagerFactoryUtils:432 - Closing JPA EntityManager
LOG4J20:17:52,381 DEBUG TransactionalRepositoryProxyPostProcessor$CustomAnnotationTransactionAttributeSource:299 - Adding transactional method &apos;findOne&apos; with attribute: PROPAGATION_REQUIRED,ISOLATION_DEFAULT,readOnly; &apos;&apos;
LOG4J20:17:52,382 DEBUG DefaultListableBeanFactory:247 - Returning cached instance of singleton bean &apos;transactionManager&apos;
LOG4J20:17:52,383 DEBUG JpaTransactionManager:367 - Creating new transaction with name [org.springframework.data.jpa.repository.support.SimpleJpaRepository.findOne]: PROPAGATION_REQUIRED,ISOLATION_DEFAULT,readOnly; &apos;&apos;
LOG4J20:17:52,384 DEBUG JpaTransactionManager:371 - Opened new EntityManager [org.hibernate.jpa.internal.EntityManagerImpl@1f782c05] for JPA transaction
LOG4J20:17:52,384 DEBUG SimpleDriverDataSource:138 - Creating new JDBC Driver Connection to [jdbc:h2:mem:dataSource;DB_CLOSE_DELAY=-1;DB_CLOSE_ON_EXIT=false]
LOG4J20:17:52,387 DEBUG JpaTransactionManager:403 - Exposing JPA transaction as JDBC transaction [org.springframework.orm.jpa.vendor.HibernateJpaDialect$HibernateConnectionHandle@432af457]
LOG4J20:17:52,390 DEBUG CrudMethodMetadataPostProcessor$ThreadBoundTargetSource:85 - Initializing lazy target object
[HIBERNATE] --&gt; 20:17:52 DEBUG org.hibernate.SQL - select carreras0_.id as id1_2_0_, carreras0_.nombre as nombre2_2_0_ from coswg2.carreras carreras0_ where carreras0_.id=?
LOG4J20:17:52,401 DEBUG SQL:109 - select carreras0_.id as id1_2_0_, carreras0_.nombre as nombre2_2_0_ from coswg2.carreras carreras0_ where carreras0_.id=?
Hibernate: select carreras0_.id as id1_2_0_, carreras0_.nombre as nombre2_2_0_ from coswg2.carreras carreras0_ where carreras0_.id=?
[HIBERNATE] --&gt; 20:17:52 WARN  org.hibernate.engine.jdbc.spi.SqlExceptionHelper - SQL Error: 90079, SQLState: 90079
LOG4J20:17:52,404  WARN SqlExceptionHelper:144 - SQL Error: 90079, SQLState: 90079
[HIBERNATE] --&gt; 20:17:52 ERROR org.hibernate.engine.jdbc.spi.SqlExceptionHelper - Schema &quot;COSWG2&quot; no encontrado
Schema &quot;COSWG2&quot; not found; SQL statement:
select carreras0_.id as id1_2_0_, carreras0_.nombre as nombre2_2_0_ from coswg2.carreras carreras0_ where carreras0_.id=? [90079-184]
LOG4J20:17:52,405 ERROR SqlExceptionHelper:146 - Schema &quot;COSWG2&quot; no encontrado
Schema &quot;COSWG2&quot; not found; SQL statement:
select carreras0_.id as id1_2_0_, carreras0_.nombre as nombre2_2_0_ from coswg2.carreras carreras0_ where carreras0_.id=? [90079-184]
[HIBERNATE] --&gt; 20:17:52 INFO  org.hibernate.event.internal.DefaultLoadEventListener - HHH000327: Error performing load command : org.hibernate.exception.GenericJDBCException: could not prepare statement
LOG4J20:17:52,410  INFO DefaultLoadEventListener:159 - HHH000327: Error performing load command : org.hibernate.exception.GenericJDBCException: could not prepare statement
LOG4J20:17:52,414 DEBUG JpaTransactionManager:847 - Initiating transaction rollback
LOG4J20:17:52,415 DEBUG JpaTransactionManager:538 - Rolling back JPA transaction on EntityManager [org.hibernate.jpa.internal.EntityManagerImpl@1f782c05]
LOG4J20:17:52,420 DEBUG JpaTransactionManager:600 - Closing JPA EntityManager [org.hibernate.jpa.internal.EntityManagerImpl@1f782c05] after transaction
LOG4J20:17:52,420 DEBUG EntityManagerFactoryUtils:432 - Closing JPA EntityManager
LOG4J20:17:52,424 DEBUG DefaultListableBeanFactory:247 - Returning cached instance of singleton bean &apos;entityManagerFactory&apos;
LOG4J20:17:52,450 DEBUG DirtiesContextTestExecutionListener:94 - After test method: context [DefaultTestContext@4f638935 testClass = pruebas, testInstance = pruebas@4387b79e, testMethod = hello@pruebas, testException = org.springframework.orm.jpa.JpaSystemException: could not prepare statement; nested exception is org.hibernate.exception.GenericJDBCException: could not prepare statement, mergedContextConfiguration = [MergedContextConfiguration@6e75aa0d testClass = pruebas, locations = &apos;{classpath:applicationContextH2.xml}&apos;, classes = &apos;{}&apos;, contextInitializerClasses = &apos;[]&apos;, activeProfiles = &apos;{}&apos;, contextLoader = &apos;org.springframework.test.context.support.DelegatingSmartContextLoader&apos;, parent = [null]]], class dirties context [false], class mode [null], method dirties context [false].
</system-out>
    <system-err>log4j:ERROR Could not find value for key log4j.appender.DEBUG
log4j:ERROR Could not instantiate appender named &quot;DEBUG&quot;.
</system-err>
  </testcase>
</testsuite>